2025-09-21 01:48:21.017 [main] INFO  com.automation.base.BaseTest - Test başlatılıyor...
2025-09-21 01:48:24.209 [main] INFO  com.automation.utils.ExcelReader - Excel dosyası başarıyla açıldı: src/test/resources/test-data.xlsx | Sheet: SearchTerms
2025-09-21 01:48:24.211 [main] INFO  com.automation.utils.FileWriterUtil - Yeni dosya oluşturuldu: product-info.txt
2025-09-21 01:48:24.211 [main] INFO  com.automation.pages.ZaraHomePage - Zara websitesine gidiliyor...
2025-09-21 01:55:46.649 [main] INFO  com.automation.base.BaseTest - Test başlatılıyor...
2025-09-21 01:55:48.615 [main] INFO  com.automation.utils.ExcelReader - Excel dosyası başarıyla açıldı: src/test/resources/test-data.xlsx | Sheet: SearchTerms
2025-09-21 01:55:48.616 [main] INFO  com.automation.utils.FileWriterUtil - Yeni dosya oluşturuldu: product-info.txt
2025-09-21 01:55:48.616 [main] INFO  com.automation.pages.ZaraHomePage - Zara websitesine gidiliyor...
2025-09-21 01:55:52.656 [main] INFO  com.automation.base.BaseTest - Zara sitesi açıldı
2025-09-21 01:55:52.657 [main] INFO  com.automation.pages.ZaraHomePage - Çerezler reddediliyor...
2025-09-21 01:55:52.745 [main] DEBUG com.automation.pages.BasePage - Element tıklandı: [[ChromeDriver: chrome on mac (54eef2cfd0a3967d3253968c05e06e39)] -> css selector: #onetrust-reject-all-handler]
2025-09-21 01:55:52.745 [main] INFO  com.automation.pages.ZaraHomePage - Login linki tıklanıyor...
2025-09-21 01:56:04.940 [main] DEBUG com.automation.pages.BasePage - Element tıklandı: Proxy element for: DefaultElementLocator 'By.xpath: //a[contains(text(),'GİRİŞ YAP')]'
2025-09-21 01:56:04.941 [main] INFO  com.automation.pages.ZaraLoginPage - Eposta adresi yazılıyor...
2025-09-21 01:56:05.144 [main] DEBUG com.automation.pages.BasePage - Text gönderildi: nurigambl@gmail.com - Element: [[ChromeDriver: chrome on mac (54eef2cfd0a3967d3253968c05e06e39)] -> xpath: //input[@id='zds-:r5:']]
2025-09-21 01:56:05.144 [main] INFO  com.automation.pages.ZaraLoginPage - Password yazılıyor...
2025-09-21 01:56:05.236 [main] DEBUG com.automation.pages.BasePage - Text gönderildi: Nurilhuda@56 - Element: [[ChromeDriver: chrome on mac (54eef2cfd0a3967d3253968c05e06e39)] -> xpath: //input[@id='zds-:r8:']]
2025-09-21 01:56:05.236 [main] INFO  com.automation.pages.ZaraLoginPage - Giriş yap tıklanıyor...
2025-09-21 01:56:05.298 [main] DEBUG com.automation.pages.BasePage - Element tıklandı: [[ChromeDriver: chrome on mac (54eef2cfd0a3967d3253968c05e06e39)] -> css selector: button[role='button']]
2025-09-21 01:56:05.298 [main] INFO  com.automation.pages.ZaraLoginPage - Anasayfaya dönülüyor...
2025-09-21 01:56:05.536 [main] ERROR com.automation.base.BaseTest - Test sırasında hata oluştu
org.openqa.selenium.remote.UnreachableBrowserException: Error communicating with the remote browser. It may have died.
Build info: version: '4.15.0', revision: '1d14b5521b'
System info: os.name: 'Mac OS X', os.arch: 'aarch64', os.version: '15.5', java.version: '17.0.14'
Driver info: org.openqa.selenium.chrome.ChromeDriver
Command: [54eef2cfd0a3967d3253968c05e06e39, findElement [using, value]]
Capabilities {acceptInsecureCerts: false, browserName: chrome, browserVersion: 140.0.7339.133, chrome: {chromedriverVersion: 140.0.7339.185 (eeea00e459e..., userDataDir: /var/folders/ly/h8tl56p95jz...}, fedcm:accounts: true, goog:chromeOptions: {debuggerAddress: localhost:50559}, networkConnectionEnabled: false, pageLoadStrategy: normal, platformName: mac, proxy: Proxy(), se:cdp: ws://localhost:50559/devtoo..., se:cdpVersion: 140.0.7339.133, setWindowRect: true, strictFileInteractability: false, timeouts: {implicit: 0, pageLoad: 300000, script: 30000}, unhandledPromptBehavior: dismiss and notify, webauthn:extension:credBlob: true, webauthn:extension:largeBlob: true, webauthn:extension:minPinLength: true, webauthn:extension:prf: true, webauthn:virtualAuthenticators: true}
Session ID: 54eef2cfd0a3967d3253968c05e06e39
	at org.openqa.selenium.remote.RemoteWebDriver.execute(RemoteWebDriver.java:634) ~[selenium-remote-driver-4.15.0.jar:?]
	at org.openqa.selenium.remote.ElementLocation$ElementFinder$2.findElement(ElementLocation.java:165) ~[selenium-remote-driver-4.15.0.jar:?]
	at org.openqa.selenium.remote.ElementLocation.findElement(ElementLocation.java:59) ~[selenium-remote-driver-4.15.0.jar:?]
	at org.openqa.selenium.remote.RemoteWebDriver.findElement(RemoteWebDriver.java:364) ~[selenium-remote-driver-4.15.0.jar:?]
	at org.openqa.selenium.remote.RemoteWebDriver.findElement(RemoteWebDriver.java:358) ~[selenium-remote-driver-4.15.0.jar:?]
	at org.openqa.selenium.support.pagefactory.DefaultElementLocator.findElement(DefaultElementLocator.java:68) ~[selenium-support-4.15.0.jar:?]
	at org.openqa.selenium.support.pagefactory.internal.LocatingElementHandler.invoke(LocatingElementHandler.java:38) ~[selenium-support-4.15.0.jar:?]
	at jdk.proxy2/jdk.proxy2.$Proxy25.toString(Unknown Source) ~[?:?]
	at com.automation.pages.BasePage.waitAndClick(BasePage.java:35) ~[classes/:?]
	at com.automation.pages.ZaraLoginPage.succesLogin(ZaraLoginPage.java:40) ~[classes/:?]
	at org.automation.tests.ZaraWebTest.testZaraEcommerceFlow(ZaraWebTest.java:49) [test-classes/:?]
	at java.base/jdk.internal.reflect.NativeMethodAccessorImpl.invoke0(Native Method) ~[?:?]
	at java.base/jdk.internal.reflect.NativeMethodAccessorImpl.invoke(NativeMethodAccessorImpl.java:77) ~[?:?]
	at java.base/jdk.internal.reflect.DelegatingMethodAccessorImpl.invoke(DelegatingMethodAccessorImpl.java:43) ~[?:?]
	at java.base/java.lang.reflect.Method.invoke(Method.java:569) ~[?:?]
	at org.junit.runners.model.FrameworkMethod$1.runReflectiveCall(FrameworkMethod.java:59) [junit-4.13.2.jar:4.13.2]
	at org.junit.internal.runners.model.ReflectiveCallable.run(ReflectiveCallable.java:12) [junit-4.13.2.jar:4.13.2]
	at org.junit.runners.model.FrameworkMethod.invokeExplosively(FrameworkMethod.java:56) [junit-4.13.2.jar:4.13.2]
	at org.junit.internal.runners.statements.InvokeMethod.evaluate(InvokeMethod.java:17) [junit-4.13.2.jar:4.13.2]
	at org.junit.internal.runners.statements.RunBefores.evaluate(RunBefores.java:26) [junit-4.13.2.jar:4.13.2]
	at org.junit.internal.runners.statements.RunAfters.evaluate(RunAfters.java:27) [junit-4.13.2.jar:4.13.2]
	at org.junit.runners.ParentRunner$3.evaluate(ParentRunner.java:306) [junit-4.13.2.jar:4.13.2]
	at org.junit.runners.BlockJUnit4ClassRunner$1.evaluate(BlockJUnit4ClassRunner.java:100) [junit-4.13.2.jar:4.13.2]
	at org.junit.runners.ParentRunner.runLeaf(ParentRunner.java:366) [junit-4.13.2.jar:4.13.2]
	at org.junit.runners.BlockJUnit4ClassRunner.runChild(BlockJUnit4ClassRunner.java:103) [junit-4.13.2.jar:4.13.2]
	at org.junit.runners.BlockJUnit4ClassRunner.runChild(BlockJUnit4ClassRunner.java:63) [junit-4.13.2.jar:4.13.2]
	at org.junit.runners.ParentRunner$4.run(ParentRunner.java:331) [junit-4.13.2.jar:4.13.2]
	at org.junit.runners.ParentRunner$1.schedule(ParentRunner.java:79) [junit-4.13.2.jar:4.13.2]
	at org.junit.runners.ParentRunner.runChildren(ParentRunner.java:329) [junit-4.13.2.jar:4.13.2]
	at org.junit.runners.ParentRunner.access$100(ParentRunner.java:66) [junit-4.13.2.jar:4.13.2]
	at org.junit.runners.ParentRunner$2.evaluate(ParentRunner.java:293) [junit-4.13.2.jar:4.13.2]
	at org.junit.runners.ParentRunner$3.evaluate(ParentRunner.java:306) [junit-4.13.2.jar:4.13.2]
	at org.junit.runners.ParentRunner.run(ParentRunner.java:413) [junit-4.13.2.jar:4.13.2]
	at org.junit.runner.JUnitCore.run(JUnitCore.java:137) [junit-4.13.2.jar:4.13.2]
	at com.intellij.junit4.JUnit4IdeaTestRunner.startRunnerWithArgs(JUnit4IdeaTestRunner.java:69) [junit-rt.jar:?]
	at com.intellij.rt.junit.IdeaTestRunner$Repeater$1.execute(IdeaTestRunner.java:38) [junit-rt.jar:?]
	at com.intellij.rt.execution.junit.TestsRepeater.repeat(TestsRepeater.java:11) [idea_rt.jar:?]
	at com.intellij.rt.junit.IdeaTestRunner$Repeater.startRunnerWithArgs(IdeaTestRunner.java:35) [junit-rt.jar:?]
	at com.intellij.rt.junit.JUnitStarter.prepareStreamsAndStart(JUnitStarter.java:232) [junit-rt.jar:?]
	at com.intellij.rt.junit.JUnitStarter.main(JUnitStarter.java:55) [junit-rt.jar:?]
Caused by: java.io.UncheckedIOException: java.net.ConnectException
	at org.openqa.selenium.remote.http.jdk.JdkHttpClient.execute0(JdkHttpClient.java:450) ~[selenium-remote-driver-4.15.0.jar:?]
	at org.openqa.selenium.remote.http.AddSeleniumUserAgent.lambda$apply$0(AddSeleniumUserAgent.java:42) ~[selenium-http-4.15.0.jar:?]
	at org.openqa.selenium.remote.http.Filter.lambda$andFinally$1(Filter.java:55) ~[selenium-http-4.15.0.jar:?]
	at org.openqa.selenium.remote.http.jdk.JdkHttpClient.execute(JdkHttpClient.java:366) ~[selenium-remote-driver-4.15.0.jar:?]
	at org.openqa.selenium.remote.HttpCommandExecutor.execute(HttpCommandExecutor.java:188) ~[selenium-remote-driver-4.15.0.jar:?]
	at org.openqa.selenium.remote.service.DriverCommandExecutor.invokeExecute(DriverCommandExecutor.java:200) ~[selenium-remote-driver-4.15.0.jar:?]
	at org.openqa.selenium.remote.service.DriverCommandExecutor.execute(DriverCommandExecutor.java:175) ~[selenium-remote-driver-4.15.0.jar:?]
	at org.openqa.selenium.remote.RemoteWebDriver.execute(RemoteWebDriver.java:607) ~[selenium-remote-driver-4.15.0.jar:?]
	... 39 more
Caused by: java.net.ConnectException
	at java.net.http/jdk.internal.net.http.common.Utils.toConnectException(Utils.java:1083) ~[java.net.http:?]
	at java.net.http/jdk.internal.net.http.PlainHttpConnection.connectAsync(PlainHttpConnection.java:198) ~[java.net.http:?]
	at java.net.http/jdk.internal.net.http.PlainHttpConnection.checkRetryConnect(PlainHttpConnection.java:230) ~[java.net.http:?]
	at java.net.http/jdk.internal.net.http.PlainHttpConnection.lambda$connectAsync$1(PlainHttpConnection.java:206) ~[java.net.http:?]
	at java.base/java.util.concurrent.CompletableFuture.uniHandle(CompletableFuture.java:934) ~[?:?]
	at java.base/java.util.concurrent.CompletableFuture$UniHandle.tryFire(CompletableFuture.java:911) ~[?:?]
	at java.base/java.util.concurrent.CompletableFuture.postComplete(CompletableFuture.java:510) ~[?:?]
	at java.base/java.util.concurrent.CompletableFuture$AsyncSupply.run$$$capture(CompletableFuture.java:1773) ~[?:?]
	at java.base/java.util.concurrent.CompletableFuture$AsyncSupply.run(CompletableFuture.java) ~[?:?]
	at java.base/java.util.concurrent.ThreadPoolExecutor.runWorker(ThreadPoolExecutor.java:1136) ~[?:?]
	at java.base/java.util.concurrent.ThreadPoolExecutor$Worker.run(ThreadPoolExecutor.java:635) ~[?:?]
	at java.base/java.lang.Thread.run(Thread.java:840) ~[?:?]
Caused by: java.nio.channels.ClosedChannelException
	at java.base/sun.nio.ch.SocketChannelImpl.ensureOpen(SocketChannelImpl.java:195) ~[?:?]
	at java.base/sun.nio.ch.SocketChannelImpl.beginConnect(SocketChannelImpl.java:760) ~[?:?]
	at java.base/sun.nio.ch.SocketChannelImpl.connect(SocketChannelImpl.java:848) ~[?:?]
	at java.net.http/jdk.internal.net.http.PlainHttpConnection.lambda$connectAsync$0(PlainHttpConnection.java:183) ~[java.net.http:?]
	at java.base/java.security.AccessController.doPrivileged(AccessController.java:569) ~[?:?]
	at java.net.http/jdk.internal.net.http.PlainHttpConnection.connectAsync(PlainHttpConnection.java:185) ~[java.net.http:?]
	at java.net.http/jdk.internal.net.http.PlainHttpConnection.checkRetryConnect(PlainHttpConnection.java:230) ~[java.net.http:?]
	at java.net.http/jdk.internal.net.http.PlainHttpConnection.lambda$connectAsync$1(PlainHttpConnection.java:206) ~[java.net.http:?]
	at java.base/java.util.concurrent.CompletableFuture.uniHandle(CompletableFuture.java:934) ~[?:?]
	at java.base/java.util.concurrent.CompletableFuture$UniHandle.tryFire(CompletableFuture.java:911) ~[?:?]
	at java.base/java.util.concurrent.CompletableFuture.postComplete(CompletableFuture.java:510) ~[?:?]
	at java.base/java.util.concurrent.CompletableFuture$AsyncSupply.run$$$capture(CompletableFuture.java:1773) ~[?:?]
	at java.base/java.util.concurrent.CompletableFuture$AsyncSupply.run(CompletableFuture.java) ~[?:?]
	at java.base/java.util.concurrent.ThreadPoolExecutor.runWorker(ThreadPoolExecutor.java:1136) ~[?:?]
	at java.base/java.util.concurrent.ThreadPoolExecutor$Worker.run(ThreadPoolExecutor.java:635) ~[?:?]
	at java.base/java.lang.Thread.run(Thread.java:840) ~[?:?]
2025-09-21 01:56:05.548 [main] INFO  com.automation.utils.ExcelReader - Excel dosyası kapatıldı
2025-09-21 01:56:05.548 [main] INFO  com.automation.base.BaseTest - Test sonlandırılıyor...
2025-09-21 16:50:40.726 [main] INFO  com.automation.base.BaseTest - Test başlatılıyor...
2025-09-21 16:50:44.014 [main] INFO  com.automation.utils.ExcelReader - Excel dosyası başarıyla açıldı: src/test/resources/test-data.xlsx | Sheet: SearchTerms
2025-09-21 16:50:44.016 [main] INFO  com.automation.utils.FileWriterUtil - Yeni dosya oluşturuldu: product-info.txt
2025-09-21 16:50:44.016 [main] INFO  com.automation.pages.ZaraHomePage - Zara websitesine gidiliyor...
2025-09-21 16:50:47.326 [main] INFO  com.automation.base.BaseTest - Zara sitesi açıldı
2025-09-21 16:50:47.327 [main] INFO  com.automation.pages.ZaraHomePage - Çerezler reddediliyor...
2025-09-21 16:50:47.418 [main] DEBUG com.automation.pages.BasePage - Element tıklandı: [[ChromeDriver: chrome on mac (7612714ddb646eaad7e9f8b76a64dfc6)] -> css selector: #onetrust-reject-all-handler]
2025-09-21 16:50:47.418 [main] INFO  com.automation.pages.ZaraHomePage - Login linki tıklanıyor...
2025-09-21 16:50:59.736 [main] DEBUG com.automation.pages.BasePage - Element tıklandı: Proxy element for: DefaultElementLocator 'By.xpath: //a[contains(text(),'GİRİŞ YAP')]'
2025-09-21 16:50:59.737 [main] INFO  com.automation.pages.ZaraLoginPage - Eposta adresi yazılıyor...
2025-09-21 16:50:59.896 [main] DEBUG com.automation.pages.BasePage - Text gönderildi: nurigambl@gmail.com - Element: [[ChromeDriver: chrome on mac (7612714ddb646eaad7e9f8b76a64dfc6)] -> xpath: //input[@id='zds-:r5:']]
2025-09-21 16:50:59.896 [main] INFO  com.automation.pages.ZaraLoginPage - Password yazılıyor...
2025-09-21 16:50:59.994 [main] DEBUG com.automation.pages.BasePage - Text gönderildi: Nurilhuda@56 - Element: [[ChromeDriver: chrome on mac (7612714ddb646eaad7e9f8b76a64dfc6)] -> xpath: //input[@id='zds-:r8:']]
2025-09-21 16:50:59.994 [main] INFO  com.automation.pages.ZaraLoginPage - Giriş yap tıklanıyor...
2025-09-21 16:51:00.057 [main] DEBUG com.automation.pages.BasePage - Element tıklandı: [[ChromeDriver: chrome on mac (7612714ddb646eaad7e9f8b76a64dfc6)] -> css selector: button[role='button']]
2025-09-21 16:51:00.057 [main] INFO  com.automation.pages.ZaraLoginPage - Anasayfaya dönülüyor...
2025-09-21 16:51:02.470 [main] DEBUG com.automation.pages.BasePage - Element tıklandı: [[ChromeDriver: chrome on mac (7612714ddb646eaad7e9f8b76a64dfc6)] -> css selector: div[class='layout-header-logo layout-header-std__logo layout-customer-base-header__logo'] a[aria-label='Ana sayfaya git'] svg path]
2025-09-21 16:51:12.475 [main] INFO  com.automation.pages.ZaraHomePage - Menu açılıyor...
2025-09-21 16:51:22.699 [main] DEBUG com.automation.pages.BasePage - Element tıklandı: Proxy element for: DefaultElementLocator 'By.cssSelector: button[aria-label='Menüyü aç']'
2025-09-21 16:51:24.701 [main] INFO  com.automation.pages.ZaraHomePage - Erkek menüsü tıklanıyor...
2025-09-21 16:51:24.882 [main] DEBUG com.automation.pages.BasePage - Element tıklandı: [[ChromeDriver: chrome on mac (7612714ddb646eaad7e9f8b76a64dfc6)] -> xpath: (//span[@class='layout-categories-category-name'][normalize-space()='ERKEK'])[1]]
2025-09-21 16:51:26.888 [main] INFO  com.automation.pages.ZaraHomePage - Tümünü gör butonuna tıklanıyor...
2025-09-21 16:51:27.033 [main] DEBUG com.automation.pages.BasePage - Element tıklandı: [[ChromeDriver: chrome on mac (7612714ddb646eaad7e9f8b76a64dfc6)] -> xpath: //span[normalize-space()='TÜMÜNÜ GÖR']]
2025-09-21 16:51:27.033 [main] INFO  com.automation.base.BaseTest - Erkek kategorisine gidildi
2025-09-21 16:51:37.063 [main] DEBUG com.automation.utils.ExcelReader - Hücre verisi okundu: Row=0, Column=0, Value=şort
2025-09-21 16:51:37.064 [main] DEBUG com.automation.utils.ExcelReader - Hücre verisi okundu: Row=1, Column=0, Value=gömlek
2025-09-21 16:51:37.065 [main] INFO  com.automation.base.BaseTest - İlk arama terimi: şort
2025-09-21 16:51:37.065 [main] INFO  com.automation.base.BaseTest - İkinci arama terimi: gömlek
2025-09-21 16:51:37.171 [main] DEBUG com.automation.pages.BasePage - Element tıklandı: [[ChromeDriver: chrome on mac (7612714ddb646eaad7e9f8b76a64dfc6)] -> xpath: //span[@class='layout-header-action-search__content']]
2025-09-21 16:51:40.177 [main] INFO  com.automation.pages.ZaraHomePage - Ürün aranıyor: şort
2025-09-21 16:51:40.316 [main] INFO  com.automation.pages.ZaraHomePage - Enter tuşuna basılıyor...
2025-09-21 16:51:43.394 [main] INFO  com.automation.pages.ZaraHomePage - Arama kutusu 2 temizleniyor...
2025-09-21 16:51:53.680 [main] DEBUG com.automation.pages.BasePage - Element tıklandı: Proxy element for: DefaultElementLocator 'By.cssSelector: .search-products-form__input-clear-icon'
2025-09-21 16:51:53.682 [main] INFO  com.automation.base.BaseTest - Arama kutusu temizlendi
2025-09-21 16:51:56.686 [main] INFO  com.automation.pages.ZaraHomePage - Ürün aranıyor: gömlek
2025-09-21 16:51:56.963 [main] INFO  com.automation.base.BaseTest - İkinci arama terimi: gömlek
2025-09-21 16:51:59.969 [main] INFO  com.automation.pages.ZaraHomePage - Enter tuşuna basılıyor...
2025-09-21 16:52:03.060 [main] INFO  com.automation.pages.ZaraProductPage - Rastgele ürün seçiliyor...
2025-09-21 16:52:13.106 [main] WARN  com.automation.pages.ZaraProductPage - Hiç ürün bulunamadı!
2025-09-21 16:52:13.107 [main] INFO  com.automation.base.BaseTest - Rastgele ürün seçildi
2025-09-21 16:52:13.107 [main] INFO  com.automation.pages.ZaraProductPage - Ürün bilgisi alınıyor...
2025-09-21 16:52:43.210 [main] ERROR com.automation.pages.BasePage - Text alınamadı: Proxy element for: DefaultElementLocator 'By.cssSelector: product-detail-info__header-name'
org.openqa.selenium.TimeoutException: Expected condition failed: waiting for visibility of Proxy element for: DefaultElementLocator 'By.cssSelector: product-detail-info__header-name' (tried for 10 second(s) with 500 milliseconds interval)
	at org.openqa.selenium.support.ui.WebDriverWait.timeoutException(WebDriverWait.java:84) ~[selenium-support-4.15.0.jar:?]
	at org.openqa.selenium.support.ui.FluentWait.until(FluentWait.java:229) ~[selenium-support-4.15.0.jar:?]
	at com.automation.pages.BasePage.waitAndGetText(BasePage.java:54) [classes/:?]
	at com.automation.pages.ZaraProductPage.getProductInfo(ZaraProductPage.java:65) [classes/:?]
	at org.automation.tests.ZaraWebTest.testZaraEcommerceFlow(ZaraWebTest.java:87) [test-classes/:?]
	at java.base/jdk.internal.reflect.NativeMethodAccessorImpl.invoke0(Native Method) ~[?:?]
	at java.base/jdk.internal.reflect.NativeMethodAccessorImpl.invoke(NativeMethodAccessorImpl.java:77) ~[?:?]
	at java.base/jdk.internal.reflect.DelegatingMethodAccessorImpl.invoke(DelegatingMethodAccessorImpl.java:43) ~[?:?]
	at java.base/java.lang.reflect.Method.invoke(Method.java:569) ~[?:?]
	at org.junit.runners.model.FrameworkMethod$1.runReflectiveCall(FrameworkMethod.java:59) [junit-4.13.2.jar:4.13.2]
	at org.junit.internal.runners.model.ReflectiveCallable.run(ReflectiveCallable.java:12) [junit-4.13.2.jar:4.13.2]
	at org.junit.runners.model.FrameworkMethod.invokeExplosively(FrameworkMethod.java:56) [junit-4.13.2.jar:4.13.2]
	at org.junit.internal.runners.statements.InvokeMethod.evaluate(InvokeMethod.java:17) [junit-4.13.2.jar:4.13.2]
	at org.junit.internal.runners.statements.RunBefores.evaluate(RunBefores.java:26) [junit-4.13.2.jar:4.13.2]
	at org.junit.internal.runners.statements.RunAfters.evaluate(RunAfters.java:27) [junit-4.13.2.jar:4.13.2]
	at org.junit.runners.ParentRunner$3.evaluate(ParentRunner.java:306) [junit-4.13.2.jar:4.13.2]
	at org.junit.runners.BlockJUnit4ClassRunner$1.evaluate(BlockJUnit4ClassRunner.java:100) [junit-4.13.2.jar:4.13.2]
	at org.junit.runners.ParentRunner.runLeaf(ParentRunner.java:366) [junit-4.13.2.jar:4.13.2]
	at org.junit.runners.BlockJUnit4ClassRunner.runChild(BlockJUnit4ClassRunner.java:103) [junit-4.13.2.jar:4.13.2]
	at org.junit.runners.BlockJUnit4ClassRunner.runChild(BlockJUnit4ClassRunner.java:63) [junit-4.13.2.jar:4.13.2]
	at org.junit.runners.ParentRunner$4.run(ParentRunner.java:331) [junit-4.13.2.jar:4.13.2]
	at org.junit.runners.ParentRunner$1.schedule(ParentRunner.java:79) [junit-4.13.2.jar:4.13.2]
	at org.junit.runners.ParentRunner.runChildren(ParentRunner.java:329) [junit-4.13.2.jar:4.13.2]
	at org.junit.runners.ParentRunner.access$100(ParentRunner.java:66) [junit-4.13.2.jar:4.13.2]
	at org.junit.runners.ParentRunner$2.evaluate(ParentRunner.java:293) [junit-4.13.2.jar:4.13.2]
	at org.junit.runners.ParentRunner$3.evaluate(ParentRunner.java:306) [junit-4.13.2.jar:4.13.2]
	at org.junit.runners.ParentRunner.run(ParentRunner.java:413) [junit-4.13.2.jar:4.13.2]
	at org.junit.runner.JUnitCore.run(JUnitCore.java:137) [junit-4.13.2.jar:4.13.2]
	at com.intellij.junit4.JUnit4IdeaTestRunner.startRunnerWithArgs(JUnit4IdeaTestRunner.java:69) [junit-rt.jar:?]
	at com.intellij.rt.junit.IdeaTestRunner$Repeater$1.execute(IdeaTestRunner.java:38) [junit-rt.jar:?]
	at com.intellij.rt.execution.junit.TestsRepeater.repeat(TestsRepeater.java:11) [idea_rt.jar:?]
	at com.intellij.rt.junit.IdeaTestRunner$Repeater.startRunnerWithArgs(IdeaTestRunner.java:35) [junit-rt.jar:?]
	at com.intellij.rt.junit.JUnitStarter.prepareStreamsAndStart(JUnitStarter.java:232) [junit-rt.jar:?]
	at com.intellij.rt.junit.JUnitStarter.main(JUnitStarter.java:55) [junit-rt.jar:?]
Caused by: org.openqa.selenium.NoSuchElementException: no such element: Unable to locate element: {"method":"css selector","selector":"product-detail-info__header-name"}
  (Session info: chrome=140.0.7339.133)
For documentation on this error, please visit: https://www.selenium.dev/documentation/webdriver/troubleshooting/errors#no-such-element-exception
Build info: version: '4.15.0', revision: '1d14b5521b'
System info: os.name: 'Mac OS X', os.arch: 'aarch64', os.version: '15.5', java.version: '17.0.14'
Driver info: org.openqa.selenium.chrome.ChromeDriver
Command: [7612714ddb646eaad7e9f8b76a64dfc6, findElement {using=css selector, value=product-detail-info__header-name}]
Capabilities {acceptInsecureCerts: false, browserName: chrome, browserVersion: 140.0.7339.133, chrome: {chromedriverVersion: 140.0.7339.185 (eeea00e459e..., userDataDir: /var/folders/ly/h8tl56p95jz...}, fedcm:accounts: true, goog:chromeOptions: {debuggerAddress: localhost:51353}, networkConnectionEnabled: false, pageLoadStrategy: normal, platformName: mac, proxy: Proxy(), se:cdp: ws://localhost:51353/devtoo..., se:cdpVersion: 140.0.7339.133, setWindowRect: true, strictFileInteractability: false, timeouts: {implicit: 0, pageLoad: 300000, script: 30000}, unhandledPromptBehavior: dismiss and notify, webauthn:extension:credBlob: true, webauthn:extension:largeBlob: true, webauthn:extension:minPinLength: true, webauthn:extension:prf: true, webauthn:virtualAuthenticators: true}
Session ID: 7612714ddb646eaad7e9f8b76a64dfc6
	at java.base/jdk.internal.reflect.NativeConstructorAccessorImpl.newInstance0(Native Method) ~[?:?]
	at java.base/jdk.internal.reflect.NativeConstructorAccessorImpl.newInstance(NativeConstructorAccessorImpl.java:77) ~[?:?]
	at java.base/jdk.internal.reflect.DelegatingConstructorAccessorImpl.newInstance(DelegatingConstructorAccessorImpl.java:45) ~[?:?]
	at java.base/java.lang.reflect.Constructor.newInstanceWithCaller(Constructor.java:500) ~[?:?]
	at java.base/java.lang.reflect.Constructor.newInstance(Constructor.java:481) ~[?:?]
	at org.openqa.selenium.remote.codec.w3c.W3CHttpResponseCodec.createException(W3CHttpResponseCodec.java:200) ~[selenium-remote-driver-4.15.0.jar:?]
	at org.openqa.selenium.remote.codec.w3c.W3CHttpResponseCodec.decode(W3CHttpResponseCodec.java:133) ~[selenium-remote-driver-4.15.0.jar:?]
	at org.openqa.selenium.remote.codec.w3c.W3CHttpResponseCodec.decode(W3CHttpResponseCodec.java:52) ~[selenium-remote-driver-4.15.0.jar:?]
	at org.openqa.selenium.remote.HttpCommandExecutor.execute(HttpCommandExecutor.java:191) ~[selenium-remote-driver-4.15.0.jar:?]
	at org.openqa.selenium.remote.service.DriverCommandExecutor.invokeExecute(DriverCommandExecutor.java:200) ~[selenium-remote-driver-4.15.0.jar:?]
	at org.openqa.selenium.remote.service.DriverCommandExecutor.execute(DriverCommandExecutor.java:175) ~[selenium-remote-driver-4.15.0.jar:?]
	at org.openqa.selenium.remote.RemoteWebDriver.execute(RemoteWebDriver.java:607) ~[selenium-remote-driver-4.15.0.jar:?]
	at org.openqa.selenium.remote.ElementLocation$ElementFinder$2.findElement(ElementLocation.java:165) ~[selenium-remote-driver-4.15.0.jar:?]
	at org.openqa.selenium.remote.ElementLocation.findElement(ElementLocation.java:59) ~[selenium-remote-driver-4.15.0.jar:?]
	at org.openqa.selenium.remote.RemoteWebDriver.findElement(RemoteWebDriver.java:364) ~[selenium-remote-driver-4.15.0.jar:?]
	at org.openqa.selenium.remote.RemoteWebDriver.findElement(RemoteWebDriver.java:358) ~[selenium-remote-driver-4.15.0.jar:?]
	at org.openqa.selenium.support.pagefactory.DefaultElementLocator.findElement(DefaultElementLocator.java:68) ~[selenium-support-4.15.0.jar:?]
	at org.openqa.selenium.support.pagefactory.internal.LocatingElementHandler.invoke(LocatingElementHandler.java:38) ~[selenium-support-4.15.0.jar:?]
	at jdk.proxy2/jdk.proxy2.$Proxy25.isDisplayed(Unknown Source) ~[?:?]
	at org.openqa.selenium.support.ui.ExpectedConditions.elementIfVisible(ExpectedConditions.java:304) ~[selenium-support-4.15.0.jar:?]
	at org.openqa.selenium.support.ui.ExpectedConditions$10.apply(ExpectedConditions.java:290) ~[selenium-support-4.15.0.jar:?]
	at org.openqa.selenium.support.ui.ExpectedConditions$10.apply(ExpectedConditions.java:287) ~[selenium-support-4.15.0.jar:?]
	at org.openqa.selenium.support.ui.FluentWait.until(FluentWait.java:204) ~[selenium-support-4.15.0.jar:?]
	... 32 more
2025-09-21 16:52:43.226 [main] WARN  com.automation.pages.ZaraProductPage - Ürün bilgisi alınamadı, alternatif selector deneniyor...
2025-09-21 16:52:53.267 [main] INFO  com.automation.pages.ZaraProductPage - Ürün fiyatı alınıyor...
2025-09-21 16:52:53.324 [main] DEBUG com.automation.pages.BasePage - Text alındı: 1.790,00 TL
2025-09-21 16:52:53.325 [main] INFO  com.automation.utils.FileWriterUtil - Ürün bilgileri dosyaya yazıldı: product-info.txt
2025-09-21 16:52:53.325 [main] INFO  com.automation.base.BaseTest - Ürün bilgileri dosyaya yazıldı
2025-09-21 16:52:53.325 [main] INFO  com.automation.pages.ZaraProductPage - Ürün sepete ekleniyor...
2025-09-21 16:53:23.431 [main] ERROR com.automation.pages.BasePage - Element tıklanamadı: Proxy element for: DefaultElementLocator 'By.xpath: //div[@class='product-detail-cart-buttons__main-action']'
org.openqa.selenium.TimeoutException: Expected condition failed: waiting for element to be clickable: Proxy element for: DefaultElementLocator 'By.xpath: //div[@class='product-detail-cart-buttons__main-action']' (tried for 10 second(s) with 500 milliseconds interval)
	at org.openqa.selenium.support.ui.WebDriverWait.timeoutException(WebDriverWait.java:84) ~[selenium-support-4.15.0.jar:?]
	at org.openqa.selenium.support.ui.FluentWait.until(FluentWait.java:229) ~[selenium-support-4.15.0.jar:?]
	at com.automation.pages.BasePage.waitAndClick(BasePage.java:31) [classes/:?]
	at com.automation.pages.ZaraProductPage.addToCart(ZaraProductPage.java:92) [classes/:?]
	at org.automation.tests.ZaraWebTest.testZaraEcommerceFlow(ZaraWebTest.java:94) [test-classes/:?]
	at java.base/jdk.internal.reflect.NativeMethodAccessorImpl.invoke0(Native Method) ~[?:?]
	at java.base/jdk.internal.reflect.NativeMethodAccessorImpl.invoke(NativeMethodAccessorImpl.java:77) ~[?:?]
	at java.base/jdk.internal.reflect.DelegatingMethodAccessorImpl.invoke(DelegatingMethodAccessorImpl.java:43) ~[?:?]
	at java.base/java.lang.reflect.Method.invoke(Method.java:569) ~[?:?]
	at org.junit.runners.model.FrameworkMethod$1.runReflectiveCall(FrameworkMethod.java:59) [junit-4.13.2.jar:4.13.2]
	at org.junit.internal.runners.model.ReflectiveCallable.run(ReflectiveCallable.java:12) [junit-4.13.2.jar:4.13.2]
	at org.junit.runners.model.FrameworkMethod.invokeExplosively(FrameworkMethod.java:56) [junit-4.13.2.jar:4.13.2]
	at org.junit.internal.runners.statements.InvokeMethod.evaluate(InvokeMethod.java:17) [junit-4.13.2.jar:4.13.2]
	at org.junit.internal.runners.statements.RunBefores.evaluate(RunBefores.java:26) [junit-4.13.2.jar:4.13.2]
	at org.junit.internal.runners.statements.RunAfters.evaluate(RunAfters.java:27) [junit-4.13.2.jar:4.13.2]
	at org.junit.runners.ParentRunner$3.evaluate(ParentRunner.java:306) [junit-4.13.2.jar:4.13.2]
	at org.junit.runners.BlockJUnit4ClassRunner$1.evaluate(BlockJUnit4ClassRunner.java:100) [junit-4.13.2.jar:4.13.2]
	at org.junit.runners.ParentRunner.runLeaf(ParentRunner.java:366) [junit-4.13.2.jar:4.13.2]
	at org.junit.runners.BlockJUnit4ClassRunner.runChild(BlockJUnit4ClassRunner.java:103) [junit-4.13.2.jar:4.13.2]
	at org.junit.runners.BlockJUnit4ClassRunner.runChild(BlockJUnit4ClassRunner.java:63) [junit-4.13.2.jar:4.13.2]
	at org.junit.runners.ParentRunner$4.run(ParentRunner.java:331) [junit-4.13.2.jar:4.13.2]
	at org.junit.runners.ParentRunner$1.schedule(ParentRunner.java:79) [junit-4.13.2.jar:4.13.2]
	at org.junit.runners.ParentRunner.runChildren(ParentRunner.java:329) [junit-4.13.2.jar:4.13.2]
	at org.junit.runners.ParentRunner.access$100(ParentRunner.java:66) [junit-4.13.2.jar:4.13.2]
	at org.junit.runners.ParentRunner$2.evaluate(ParentRunner.java:293) [junit-4.13.2.jar:4.13.2]
	at org.junit.runners.ParentRunner$3.evaluate(ParentRunner.java:306) [junit-4.13.2.jar:4.13.2]
	at org.junit.runners.ParentRunner.run(ParentRunner.java:413) [junit-4.13.2.jar:4.13.2]
	at org.junit.runner.JUnitCore.run(JUnitCore.java:137) [junit-4.13.2.jar:4.13.2]
	at com.intellij.junit4.JUnit4IdeaTestRunner.startRunnerWithArgs(JUnit4IdeaTestRunner.java:69) [junit-rt.jar:?]
	at com.intellij.rt.junit.IdeaTestRunner$Repeater$1.execute(IdeaTestRunner.java:38) [junit-rt.jar:?]
	at com.intellij.rt.execution.junit.TestsRepeater.repeat(TestsRepeater.java:11) [idea_rt.jar:?]
	at com.intellij.rt.junit.IdeaTestRunner$Repeater.startRunnerWithArgs(IdeaTestRunner.java:35) [junit-rt.jar:?]
	at com.intellij.rt.junit.JUnitStarter.prepareStreamsAndStart(JUnitStarter.java:232) [junit-rt.jar:?]
	at com.intellij.rt.junit.JUnitStarter.main(JUnitStarter.java:55) [junit-rt.jar:?]
Caused by: org.openqa.selenium.NoSuchElementException: no such element: Unable to locate element: {"method":"xpath","selector":"//div[@class='product-detail-cart-buttons__main-action']"}
  (Session info: chrome=140.0.7339.133)
For documentation on this error, please visit: https://www.selenium.dev/documentation/webdriver/troubleshooting/errors#no-such-element-exception
Build info: version: '4.15.0', revision: '1d14b5521b'
System info: os.name: 'Mac OS X', os.arch: 'aarch64', os.version: '15.5', java.version: '17.0.14'
Driver info: org.openqa.selenium.chrome.ChromeDriver
Command: [7612714ddb646eaad7e9f8b76a64dfc6, findElement {using=xpath, value=//div[@class='product-detail-cart-buttons__main-action']}]
Capabilities {acceptInsecureCerts: false, browserName: chrome, browserVersion: 140.0.7339.133, chrome: {chromedriverVersion: 140.0.7339.185 (eeea00e459e..., userDataDir: /var/folders/ly/h8tl56p95jz...}, fedcm:accounts: true, goog:chromeOptions: {debuggerAddress: localhost:51353}, networkConnectionEnabled: false, pageLoadStrategy: normal, platformName: mac, proxy: Proxy(), se:cdp: ws://localhost:51353/devtoo..., se:cdpVersion: 140.0.7339.133, setWindowRect: true, strictFileInteractability: false, timeouts: {implicit: 0, pageLoad: 300000, script: 30000}, unhandledPromptBehavior: dismiss and notify, webauthn:extension:credBlob: true, webauthn:extension:largeBlob: true, webauthn:extension:minPinLength: true, webauthn:extension:prf: true, webauthn:virtualAuthenticators: true}
Session ID: 7612714ddb646eaad7e9f8b76a64dfc6
	at java.base/jdk.internal.reflect.NativeConstructorAccessorImpl.newInstance0(Native Method) ~[?:?]
	at java.base/jdk.internal.reflect.NativeConstructorAccessorImpl.newInstance(NativeConstructorAccessorImpl.java:77) ~[?:?]
	at java.base/jdk.internal.reflect.DelegatingConstructorAccessorImpl.newInstance(DelegatingConstructorAccessorImpl.java:45) ~[?:?]
	at java.base/java.lang.reflect.Constructor.newInstanceWithCaller(Constructor.java:500) ~[?:?]
	at java.base/java.lang.reflect.Constructor.newInstance(Constructor.java:481) ~[?:?]
	at org.openqa.selenium.remote.codec.w3c.W3CHttpResponseCodec.createException(W3CHttpResponseCodec.java:200) ~[selenium-remote-driver-4.15.0.jar:?]
	at org.openqa.selenium.remote.codec.w3c.W3CHttpResponseCodec.decode(W3CHttpResponseCodec.java:133) ~[selenium-remote-driver-4.15.0.jar:?]
	at org.openqa.selenium.remote.codec.w3c.W3CHttpResponseCodec.decode(W3CHttpResponseCodec.java:52) ~[selenium-remote-driver-4.15.0.jar:?]
	at org.openqa.selenium.remote.HttpCommandExecutor.execute(HttpCommandExecutor.java:191) ~[selenium-remote-driver-4.15.0.jar:?]
	at org.openqa.selenium.remote.service.DriverCommandExecutor.invokeExecute(DriverCommandExecutor.java:200) ~[selenium-remote-driver-4.15.0.jar:?]
	at org.openqa.selenium.remote.service.DriverCommandExecutor.execute(DriverCommandExecutor.java:175) ~[selenium-remote-driver-4.15.0.jar:?]
	at org.openqa.selenium.remote.RemoteWebDriver.execute(RemoteWebDriver.java:607) ~[selenium-remote-driver-4.15.0.jar:?]
	at org.openqa.selenium.remote.ElementLocation$ElementFinder$2.findElement(ElementLocation.java:165) ~[selenium-remote-driver-4.15.0.jar:?]
	at org.openqa.selenium.remote.ElementLocation.findElement(ElementLocation.java:59) ~[selenium-remote-driver-4.15.0.jar:?]
	at org.openqa.selenium.remote.RemoteWebDriver.findElement(RemoteWebDriver.java:364) ~[selenium-remote-driver-4.15.0.jar:?]
	at org.openqa.selenium.remote.RemoteWebDriver.findElement(RemoteWebDriver.java:358) ~[selenium-remote-driver-4.15.0.jar:?]
	at org.openqa.selenium.support.pagefactory.DefaultElementLocator.findElement(DefaultElementLocator.java:68) ~[selenium-support-4.15.0.jar:?]
	at org.openqa.selenium.support.pagefactory.internal.LocatingElementHandler.invoke(LocatingElementHandler.java:38) ~[selenium-support-4.15.0.jar:?]
	at jdk.proxy2/jdk.proxy2.$Proxy25.isDisplayed(Unknown Source) ~[?:?]
	at org.openqa.selenium.support.ui.ExpectedConditions.elementIfVisible(ExpectedConditions.java:304) ~[selenium-support-4.15.0.jar:?]
	at org.openqa.selenium.support.ui.ExpectedConditions$10.apply(ExpectedConditions.java:290) ~[selenium-support-4.15.0.jar:?]
	at org.openqa.selenium.support.ui.ExpectedConditions$10.apply(ExpectedConditions.java:287) ~[selenium-support-4.15.0.jar:?]
	at org.openqa.selenium.support.ui.ExpectedConditions$23.apply(ExpectedConditions.java:656) ~[selenium-support-4.15.0.jar:?]
	at org.openqa.selenium.support.ui.ExpectedConditions$23.apply(ExpectedConditions.java:652) ~[selenium-support-4.15.0.jar:?]
	at org.openqa.selenium.support.ui.FluentWait.until(FluentWait.java:204) ~[selenium-support-4.15.0.jar:?]
	... 32 more
2025-09-21 16:53:23.436 [main] ERROR com.automation.base.BaseTest - Test sırasında hata oluştu
org.openqa.selenium.TimeoutException: Expected condition failed: waiting for element to be clickable: Proxy element for: DefaultElementLocator 'By.xpath: //div[@class='product-detail-cart-buttons__main-action']' (tried for 10 second(s) with 500 milliseconds interval)
	at org.openqa.selenium.support.ui.WebDriverWait.timeoutException(WebDriverWait.java:84) ~[selenium-support-4.15.0.jar:?]
	at org.openqa.selenium.support.ui.FluentWait.until(FluentWait.java:229) ~[selenium-support-4.15.0.jar:?]
	at com.automation.pages.BasePage.waitAndClick(BasePage.java:31) ~[classes/:?]
	at com.automation.pages.ZaraProductPage.addToCart(ZaraProductPage.java:92) ~[classes/:?]
	at org.automation.tests.ZaraWebTest.testZaraEcommerceFlow(ZaraWebTest.java:94) [test-classes/:?]
	at java.base/jdk.internal.reflect.NativeMethodAccessorImpl.invoke0(Native Method) ~[?:?]
	at java.base/jdk.internal.reflect.NativeMethodAccessorImpl.invoke(NativeMethodAccessorImpl.java:77) ~[?:?]
	at java.base/jdk.internal.reflect.DelegatingMethodAccessorImpl.invoke(DelegatingMethodAccessorImpl.java:43) ~[?:?]
	at java.base/java.lang.reflect.Method.invoke(Method.java:569) ~[?:?]
	at org.junit.runners.model.FrameworkMethod$1.runReflectiveCall(FrameworkMethod.java:59) [junit-4.13.2.jar:4.13.2]
	at org.junit.internal.runners.model.ReflectiveCallable.run(ReflectiveCallable.java:12) [junit-4.13.2.jar:4.13.2]
	at org.junit.runners.model.FrameworkMethod.invokeExplosively(FrameworkMethod.java:56) [junit-4.13.2.jar:4.13.2]
	at org.junit.internal.runners.statements.InvokeMethod.evaluate(InvokeMethod.java:17) [junit-4.13.2.jar:4.13.2]
	at org.junit.internal.runners.statements.RunBefores.evaluate(RunBefores.java:26) [junit-4.13.2.jar:4.13.2]
	at org.junit.internal.runners.statements.RunAfters.evaluate(RunAfters.java:27) [junit-4.13.2.jar:4.13.2]
	at org.junit.runners.ParentRunner$3.evaluate(ParentRunner.java:306) [junit-4.13.2.jar:4.13.2]
	at org.junit.runners.BlockJUnit4ClassRunner$1.evaluate(BlockJUnit4ClassRunner.java:100) [junit-4.13.2.jar:4.13.2]
	at org.junit.runners.ParentRunner.runLeaf(ParentRunner.java:366) [junit-4.13.2.jar:4.13.2]
	at org.junit.runners.BlockJUnit4ClassRunner.runChild(BlockJUnit4ClassRunner.java:103) [junit-4.13.2.jar:4.13.2]
	at org.junit.runners.BlockJUnit4ClassRunner.runChild(BlockJUnit4ClassRunner.java:63) [junit-4.13.2.jar:4.13.2]
	at org.junit.runners.ParentRunner$4.run(ParentRunner.java:331) [junit-4.13.2.jar:4.13.2]
	at org.junit.runners.ParentRunner$1.schedule(ParentRunner.java:79) [junit-4.13.2.jar:4.13.2]
	at org.junit.runners.ParentRunner.runChildren(ParentRunner.java:329) [junit-4.13.2.jar:4.13.2]
	at org.junit.runners.ParentRunner.access$100(ParentRunner.java:66) [junit-4.13.2.jar:4.13.2]
	at org.junit.runners.ParentRunner$2.evaluate(ParentRunner.java:293) [junit-4.13.2.jar:4.13.2]
	at org.junit.runners.ParentRunner$3.evaluate(ParentRunner.java:306) [junit-4.13.2.jar:4.13.2]
	at org.junit.runners.ParentRunner.run(ParentRunner.java:413) [junit-4.13.2.jar:4.13.2]
	at org.junit.runner.JUnitCore.run(JUnitCore.java:137) [junit-4.13.2.jar:4.13.2]
	at com.intellij.junit4.JUnit4IdeaTestRunner.startRunnerWithArgs(JUnit4IdeaTestRunner.java:69) [junit-rt.jar:?]
	at com.intellij.rt.junit.IdeaTestRunner$Repeater$1.execute(IdeaTestRunner.java:38) [junit-rt.jar:?]
	at com.intellij.rt.execution.junit.TestsRepeater.repeat(TestsRepeater.java:11) [idea_rt.jar:?]
	at com.intellij.rt.junit.IdeaTestRunner$Repeater.startRunnerWithArgs(IdeaTestRunner.java:35) [junit-rt.jar:?]
	at com.intellij.rt.junit.JUnitStarter.prepareStreamsAndStart(JUnitStarter.java:232) [junit-rt.jar:?]
	at com.intellij.rt.junit.JUnitStarter.main(JUnitStarter.java:55) [junit-rt.jar:?]
Caused by: org.openqa.selenium.NoSuchElementException: no such element: Unable to locate element: {"method":"xpath","selector":"//div[@class='product-detail-cart-buttons__main-action']"}
  (Session info: chrome=140.0.7339.133)
For documentation on this error, please visit: https://www.selenium.dev/documentation/webdriver/troubleshooting/errors#no-such-element-exception
Build info: version: '4.15.0', revision: '1d14b5521b'
System info: os.name: 'Mac OS X', os.arch: 'aarch64', os.version: '15.5', java.version: '17.0.14'
Driver info: org.openqa.selenium.chrome.ChromeDriver
Command: [7612714ddb646eaad7e9f8b76a64dfc6, findElement {using=xpath, value=//div[@class='product-detail-cart-buttons__main-action']}]
Capabilities {acceptInsecureCerts: false, browserName: chrome, browserVersion: 140.0.7339.133, chrome: {chromedriverVersion: 140.0.7339.185 (eeea00e459e..., userDataDir: /var/folders/ly/h8tl56p95jz...}, fedcm:accounts: true, goog:chromeOptions: {debuggerAddress: localhost:51353}, networkConnectionEnabled: false, pageLoadStrategy: normal, platformName: mac, proxy: Proxy(), se:cdp: ws://localhost:51353/devtoo..., se:cdpVersion: 140.0.7339.133, setWindowRect: true, strictFileInteractability: false, timeouts: {implicit: 0, pageLoad: 300000, script: 30000}, unhandledPromptBehavior: dismiss and notify, webauthn:extension:credBlob: true, webauthn:extension:largeBlob: true, webauthn:extension:minPinLength: true, webauthn:extension:prf: true, webauthn:virtualAuthenticators: true}
Session ID: 7612714ddb646eaad7e9f8b76a64dfc6
	at java.base/jdk.internal.reflect.NativeConstructorAccessorImpl.newInstance0(Native Method) ~[?:?]
	at java.base/jdk.internal.reflect.NativeConstructorAccessorImpl.newInstance(NativeConstructorAccessorImpl.java:77) ~[?:?]
	at java.base/jdk.internal.reflect.DelegatingConstructorAccessorImpl.newInstance(DelegatingConstructorAccessorImpl.java:45) ~[?:?]
	at java.base/java.lang.reflect.Constructor.newInstanceWithCaller(Constructor.java:500) ~[?:?]
	at java.base/java.lang.reflect.Constructor.newInstance(Constructor.java:481) ~[?:?]
	at org.openqa.selenium.remote.codec.w3c.W3CHttpResponseCodec.createException(W3CHttpResponseCodec.java:200) ~[selenium-remote-driver-4.15.0.jar:?]
	at org.openqa.selenium.remote.codec.w3c.W3CHttpResponseCodec.decode(W3CHttpResponseCodec.java:133) ~[selenium-remote-driver-4.15.0.jar:?]
	at org.openqa.selenium.remote.codec.w3c.W3CHttpResponseCodec.decode(W3CHttpResponseCodec.java:52) ~[selenium-remote-driver-4.15.0.jar:?]
	at org.openqa.selenium.remote.HttpCommandExecutor.execute(HttpCommandExecutor.java:191) ~[selenium-remote-driver-4.15.0.jar:?]
	at org.openqa.selenium.remote.service.DriverCommandExecutor.invokeExecute(DriverCommandExecutor.java:200) ~[selenium-remote-driver-4.15.0.jar:?]
	at org.openqa.selenium.remote.service.DriverCommandExecutor.execute(DriverCommandExecutor.java:175) ~[selenium-remote-driver-4.15.0.jar:?]
	at org.openqa.selenium.remote.RemoteWebDriver.execute(RemoteWebDriver.java:607) ~[selenium-remote-driver-4.15.0.jar:?]
	at org.openqa.selenium.remote.ElementLocation$ElementFinder$2.findElement(ElementLocation.java:165) ~[selenium-remote-driver-4.15.0.jar:?]
	at org.openqa.selenium.remote.ElementLocation.findElement(ElementLocation.java:59) ~[selenium-remote-driver-4.15.0.jar:?]
	at org.openqa.selenium.remote.RemoteWebDriver.findElement(RemoteWebDriver.java:364) ~[selenium-remote-driver-4.15.0.jar:?]
	at org.openqa.selenium.remote.RemoteWebDriver.findElement(RemoteWebDriver.java:358) ~[selenium-remote-driver-4.15.0.jar:?]
	at org.openqa.selenium.support.pagefactory.DefaultElementLocator.findElement(DefaultElementLocator.java:68) ~[selenium-support-4.15.0.jar:?]
	at org.openqa.selenium.support.pagefactory.internal.LocatingElementHandler.invoke(LocatingElementHandler.java:38) ~[selenium-support-4.15.0.jar:?]
	at jdk.proxy2/jdk.proxy2.$Proxy25.isDisplayed(Unknown Source) ~[?:?]
	at org.openqa.selenium.support.ui.ExpectedConditions.elementIfVisible(ExpectedConditions.java:304) ~[selenium-support-4.15.0.jar:?]
	at org.openqa.selenium.support.ui.ExpectedConditions$10.apply(ExpectedConditions.java:290) ~[selenium-support-4.15.0.jar:?]
	at org.openqa.selenium.support.ui.ExpectedConditions$10.apply(ExpectedConditions.java:287) ~[selenium-support-4.15.0.jar:?]
	at org.openqa.selenium.support.ui.ExpectedConditions$23.apply(ExpectedConditions.java:656) ~[selenium-support-4.15.0.jar:?]
	at org.openqa.selenium.support.ui.ExpectedConditions$23.apply(ExpectedConditions.java:652) ~[selenium-support-4.15.0.jar:?]
	at org.openqa.selenium.support.ui.FluentWait.until(FluentWait.java:204) ~[selenium-support-4.15.0.jar:?]
	... 32 more
2025-09-21 16:53:23.446 [main] INFO  com.automation.utils.ExcelReader - Excel dosyası kapatıldı
2025-09-21 16:53:23.446 [main] INFO  com.automation.base.BaseTest - Test sonlandırılıyor...
2025-09-21 16:58:35.926 [main] INFO  com.automation.base.BaseTest - Test başlatılıyor...
2025-09-21 16:58:37.821 [main] INFO  com.automation.utils.ExcelReader - Excel dosyası başarıyla açıldı: src/test/resources/test-data.xlsx | Sheet: SearchTerms
2025-09-21 16:58:37.822 [main] INFO  com.automation.utils.FileWriterUtil - Yeni dosya oluşturuldu: product-info.txt
2025-09-21 16:58:37.822 [main] INFO  com.automation.pages.ZaraHomePage - Zara websitesine gidiliyor...
2025-09-21 16:58:40.919 [main] INFO  com.automation.base.BaseTest - Zara sitesi açıldı
2025-09-21 16:58:40.919 [main] INFO  com.automation.pages.ZaraHomePage - Çerezler reddediliyor...
2025-09-21 16:58:41.009 [main] DEBUG com.automation.pages.BasePage - Element tıklandı: [[ChromeDriver: chrome on mac (f039188ebcba4b8e93a7aa3c39250a38)] -> css selector: #onetrust-reject-all-handler]
2025-09-21 16:58:41.010 [main] INFO  com.automation.pages.ZaraHomePage - Login linki tıklanıyor...
2025-09-21 16:58:53.289 [main] DEBUG com.automation.pages.BasePage - Element tıklandı: Proxy element for: DefaultElementLocator 'By.xpath: //a[contains(text(),'GİRİŞ YAP')]'
2025-09-21 16:58:53.290 [main] INFO  com.automation.pages.ZaraLoginPage - Eposta adresi yazılıyor...
2025-09-21 16:58:53.442 [main] DEBUG com.automation.pages.BasePage - Text gönderildi: nurigambl@gmail.com - Element: [[ChromeDriver: chrome on mac (f039188ebcba4b8e93a7aa3c39250a38)] -> xpath: //input[@id='zds-:r5:']]
2025-09-21 16:58:53.442 [main] INFO  com.automation.pages.ZaraLoginPage - Password yazılıyor...
2025-09-21 16:58:53.536 [main] DEBUG com.automation.pages.BasePage - Text gönderildi: Nurilhuda@56 - Element: [[ChromeDriver: chrome on mac (f039188ebcba4b8e93a7aa3c39250a38)] -> xpath: //input[@id='zds-:r8:']]
2025-09-21 16:58:53.536 [main] INFO  com.automation.pages.ZaraLoginPage - Giriş yap tıklanıyor...
2025-09-21 16:58:53.600 [main] DEBUG com.automation.pages.BasePage - Element tıklandı: [[ChromeDriver: chrome on mac (f039188ebcba4b8e93a7aa3c39250a38)] -> css selector: button[role='button']]
2025-09-21 16:58:53.600 [main] INFO  com.automation.pages.ZaraLoginPage - Anasayfaya dönülüyor...
2025-09-21 16:58:55.521 [main] DEBUG com.automation.pages.BasePage - Element tıklandı: [[ChromeDriver: chrome on mac (f039188ebcba4b8e93a7aa3c39250a38)] -> css selector: div[class='layout-header-logo layout-header-std__logo layout-customer-base-header__logo'] a[aria-label='Ana sayfaya git'] svg path]
2025-09-21 16:59:05.526 [main] INFO  com.automation.pages.ZaraHomePage - Menu açılıyor...
2025-09-21 16:59:15.752 [main] DEBUG com.automation.pages.BasePage - Element tıklandı: Proxy element for: DefaultElementLocator 'By.cssSelector: button[aria-label='Menüyü aç']'
2025-09-21 16:59:17.759 [main] INFO  com.automation.pages.ZaraHomePage - Erkek menüsü tıklanıyor...
2025-09-21 16:59:17.939 [main] DEBUG com.automation.pages.BasePage - Element tıklandı: [[ChromeDriver: chrome on mac (f039188ebcba4b8e93a7aa3c39250a38)] -> xpath: (//span[@class='layout-categories-category-name'][normalize-space()='ERKEK'])[1]]
2025-09-21 16:59:19.944 [main] INFO  com.automation.pages.ZaraHomePage - Tümünü gör butonuna tıklanıyor...
2025-09-21 16:59:20.087 [main] DEBUG com.automation.pages.BasePage - Element tıklandı: [[ChromeDriver: chrome on mac (f039188ebcba4b8e93a7aa3c39250a38)] -> xpath: //span[normalize-space()='TÜMÜNÜ GÖR']]
2025-09-21 16:59:20.088 [main] INFO  com.automation.base.BaseTest - Erkek kategorisine gidildi
2025-09-21 16:59:30.116 [main] DEBUG com.automation.utils.ExcelReader - Hücre verisi okundu: Row=0, Column=0, Value=şort
2025-09-21 16:59:30.117 [main] DEBUG com.automation.utils.ExcelReader - Hücre verisi okundu: Row=1, Column=0, Value=gömlek
2025-09-21 16:59:30.117 [main] INFO  com.automation.base.BaseTest - İlk arama terimi: şort
2025-09-21 16:59:30.117 [main] INFO  com.automation.base.BaseTest - İkinci arama terimi: gömlek
2025-09-21 16:59:30.254 [main] DEBUG com.automation.pages.BasePage - Element tıklandı: [[ChromeDriver: chrome on mac (f039188ebcba4b8e93a7aa3c39250a38)] -> xpath: //span[@class='layout-header-action-search__content']]
2025-09-21 16:59:33.256 [main] INFO  com.automation.pages.ZaraHomePage - Ürün aranıyor: şort
2025-09-21 16:59:33.401 [main] INFO  com.automation.pages.ZaraHomePage - Enter tuşuna basılıyor...
2025-09-21 16:59:36.505 [main] INFO  com.automation.pages.ZaraHomePage - Arama kutusu 2 temizleniyor...
2025-09-21 16:59:46.821 [main] DEBUG com.automation.pages.BasePage - Element tıklandı: Proxy element for: DefaultElementLocator 'By.cssSelector: .search-products-form__input-clear-icon'
2025-09-21 16:59:46.822 [main] INFO  com.automation.base.BaseTest - Arama kutusu temizlendi
2025-09-21 16:59:49.824 [main] INFO  com.automation.pages.ZaraHomePage - Ürün aranıyor: gömlek
2025-09-21 16:59:50.113 [main] INFO  com.automation.base.BaseTest - İkinci arama terimi: gömlek
2025-09-21 16:59:53.118 [main] INFO  com.automation.pages.ZaraHomePage - Enter tuşuna basılıyor...
2025-09-21 16:59:56.220 [main] INFO  com.automation.pages.ZaraProductPage - Rastgele ürün seçiliyor...
2025-09-21 16:59:56.347 [main] INFO  com.automation.pages.ZaraProductPage - Rastgele ürün seçildi: 12
2025-09-21 16:59:56.348 [main] INFO  com.automation.base.BaseTest - Rastgele ürün seçildi
2025-09-21 16:59:56.348 [main] INFO  com.automation.pages.ZaraProductPage - Ürün bilgisi alınıyor...
2025-09-21 17:00:26.477 [main] ERROR com.automation.pages.BasePage - Text alınamadı: Proxy element for: DefaultElementLocator 'By.cssSelector: product-detail-info__header-name'
org.openqa.selenium.TimeoutException: Expected condition failed: waiting for visibility of Proxy element for: DefaultElementLocator 'By.cssSelector: product-detail-info__header-name' (tried for 10 second(s) with 500 milliseconds interval)
	at org.openqa.selenium.support.ui.WebDriverWait.timeoutException(WebDriverWait.java:84) ~[selenium-support-4.15.0.jar:?]
	at org.openqa.selenium.support.ui.FluentWait.until(FluentWait.java:229) ~[selenium-support-4.15.0.jar:?]
	at com.automation.pages.BasePage.waitAndGetText(BasePage.java:54) [classes/:?]
	at com.automation.pages.ZaraProductPage.getProductInfo(ZaraProductPage.java:65) [classes/:?]
	at org.automation.tests.ZaraWebTest.testZaraEcommerceFlow(ZaraWebTest.java:87) [test-classes/:?]
	at java.base/jdk.internal.reflect.NativeMethodAccessorImpl.invoke0(Native Method) ~[?:?]
	at java.base/jdk.internal.reflect.NativeMethodAccessorImpl.invoke(NativeMethodAccessorImpl.java:77) ~[?:?]
	at java.base/jdk.internal.reflect.DelegatingMethodAccessorImpl.invoke(DelegatingMethodAccessorImpl.java:43) ~[?:?]
	at java.base/java.lang.reflect.Method.invoke(Method.java:569) ~[?:?]
	at org.junit.runners.model.FrameworkMethod$1.runReflectiveCall(FrameworkMethod.java:59) [junit-4.13.2.jar:4.13.2]
	at org.junit.internal.runners.model.ReflectiveCallable.run(ReflectiveCallable.java:12) [junit-4.13.2.jar:4.13.2]
	at org.junit.runners.model.FrameworkMethod.invokeExplosively(FrameworkMethod.java:56) [junit-4.13.2.jar:4.13.2]
	at org.junit.internal.runners.statements.InvokeMethod.evaluate(InvokeMethod.java:17) [junit-4.13.2.jar:4.13.2]
	at org.junit.internal.runners.statements.RunBefores.evaluate(RunBefores.java:26) [junit-4.13.2.jar:4.13.2]
	at org.junit.internal.runners.statements.RunAfters.evaluate(RunAfters.java:27) [junit-4.13.2.jar:4.13.2]
	at org.junit.runners.ParentRunner$3.evaluate(ParentRunner.java:306) [junit-4.13.2.jar:4.13.2]
	at org.junit.runners.BlockJUnit4ClassRunner$1.evaluate(BlockJUnit4ClassRunner.java:100) [junit-4.13.2.jar:4.13.2]
	at org.junit.runners.ParentRunner.runLeaf(ParentRunner.java:366) [junit-4.13.2.jar:4.13.2]
	at org.junit.runners.BlockJUnit4ClassRunner.runChild(BlockJUnit4ClassRunner.java:103) [junit-4.13.2.jar:4.13.2]
	at org.junit.runners.BlockJUnit4ClassRunner.runChild(BlockJUnit4ClassRunner.java:63) [junit-4.13.2.jar:4.13.2]
	at org.junit.runners.ParentRunner$4.run(ParentRunner.java:331) [junit-4.13.2.jar:4.13.2]
	at org.junit.runners.ParentRunner$1.schedule(ParentRunner.java:79) [junit-4.13.2.jar:4.13.2]
	at org.junit.runners.ParentRunner.runChildren(ParentRunner.java:329) [junit-4.13.2.jar:4.13.2]
	at org.junit.runners.ParentRunner.access$100(ParentRunner.java:66) [junit-4.13.2.jar:4.13.2]
	at org.junit.runners.ParentRunner$2.evaluate(ParentRunner.java:293) [junit-4.13.2.jar:4.13.2]
	at org.junit.runners.ParentRunner$3.evaluate(ParentRunner.java:306) [junit-4.13.2.jar:4.13.2]
	at org.junit.runners.ParentRunner.run(ParentRunner.java:413) [junit-4.13.2.jar:4.13.2]
	at org.junit.runner.JUnitCore.run(JUnitCore.java:137) [junit-4.13.2.jar:4.13.2]
	at com.intellij.junit4.JUnit4IdeaTestRunner.startRunnerWithArgs(JUnit4IdeaTestRunner.java:69) [junit-rt.jar:?]
	at com.intellij.rt.junit.IdeaTestRunner$Repeater$1.execute(IdeaTestRunner.java:38) [junit-rt.jar:?]
	at com.intellij.rt.execution.junit.TestsRepeater.repeat(TestsRepeater.java:11) [idea_rt.jar:?]
	at com.intellij.rt.junit.IdeaTestRunner$Repeater.startRunnerWithArgs(IdeaTestRunner.java:35) [junit-rt.jar:?]
	at com.intellij.rt.junit.JUnitStarter.prepareStreamsAndStart(JUnitStarter.java:232) [junit-rt.jar:?]
	at com.intellij.rt.junit.JUnitStarter.main(JUnitStarter.java:55) [junit-rt.jar:?]
Caused by: org.openqa.selenium.NoSuchElementException: no such element: Unable to locate element: {"method":"css selector","selector":"product-detail-info__header-name"}
  (Session info: chrome=140.0.7339.133)
For documentation on this error, please visit: https://www.selenium.dev/documentation/webdriver/troubleshooting/errors#no-such-element-exception
Build info: version: '4.15.0', revision: '1d14b5521b'
System info: os.name: 'Mac OS X', os.arch: 'aarch64', os.version: '15.5', java.version: '17.0.14'
Driver info: org.openqa.selenium.chrome.ChromeDriver
Command: [f039188ebcba4b8e93a7aa3c39250a38, findElement {using=css selector, value=product-detail-info__header-name}]
Capabilities {acceptInsecureCerts: false, browserName: chrome, browserVersion: 140.0.7339.133, chrome: {chromedriverVersion: 140.0.7339.185 (eeea00e459e..., userDataDir: /var/folders/ly/h8tl56p95jz...}, fedcm:accounts: true, goog:chromeOptions: {debuggerAddress: localhost:51441}, networkConnectionEnabled: false, pageLoadStrategy: normal, platformName: mac, proxy: Proxy(), se:cdp: ws://localhost:51441/devtoo..., se:cdpVersion: 140.0.7339.133, setWindowRect: true, strictFileInteractability: false, timeouts: {implicit: 0, pageLoad: 300000, script: 30000}, unhandledPromptBehavior: dismiss and notify, webauthn:extension:credBlob: true, webauthn:extension:largeBlob: true, webauthn:extension:minPinLength: true, webauthn:extension:prf: true, webauthn:virtualAuthenticators: true}
Session ID: f039188ebcba4b8e93a7aa3c39250a38
	at java.base/jdk.internal.reflect.NativeConstructorAccessorImpl.newInstance0(Native Method) ~[?:?]
	at java.base/jdk.internal.reflect.NativeConstructorAccessorImpl.newInstance(NativeConstructorAccessorImpl.java:77) ~[?:?]
	at java.base/jdk.internal.reflect.DelegatingConstructorAccessorImpl.newInstance(DelegatingConstructorAccessorImpl.java:45) ~[?:?]
	at java.base/java.lang.reflect.Constructor.newInstanceWithCaller(Constructor.java:500) ~[?:?]
	at java.base/java.lang.reflect.Constructor.newInstance(Constructor.java:481) ~[?:?]
	at org.openqa.selenium.remote.codec.w3c.W3CHttpResponseCodec.createException(W3CHttpResponseCodec.java:200) ~[selenium-remote-driver-4.15.0.jar:?]
	at org.openqa.selenium.remote.codec.w3c.W3CHttpResponseCodec.decode(W3CHttpResponseCodec.java:133) ~[selenium-remote-driver-4.15.0.jar:?]
	at org.openqa.selenium.remote.codec.w3c.W3CHttpResponseCodec.decode(W3CHttpResponseCodec.java:52) ~[selenium-remote-driver-4.15.0.jar:?]
	at org.openqa.selenium.remote.HttpCommandExecutor.execute(HttpCommandExecutor.java:191) ~[selenium-remote-driver-4.15.0.jar:?]
	at org.openqa.selenium.remote.service.DriverCommandExecutor.invokeExecute(DriverCommandExecutor.java:200) ~[selenium-remote-driver-4.15.0.jar:?]
	at org.openqa.selenium.remote.service.DriverCommandExecutor.execute(DriverCommandExecutor.java:175) ~[selenium-remote-driver-4.15.0.jar:?]
	at org.openqa.selenium.remote.RemoteWebDriver.execute(RemoteWebDriver.java:607) ~[selenium-remote-driver-4.15.0.jar:?]
	at org.openqa.selenium.remote.ElementLocation$ElementFinder$2.findElement(ElementLocation.java:165) ~[selenium-remote-driver-4.15.0.jar:?]
	at org.openqa.selenium.remote.ElementLocation.findElement(ElementLocation.java:59) ~[selenium-remote-driver-4.15.0.jar:?]
	at org.openqa.selenium.remote.RemoteWebDriver.findElement(RemoteWebDriver.java:364) ~[selenium-remote-driver-4.15.0.jar:?]
	at org.openqa.selenium.remote.RemoteWebDriver.findElement(RemoteWebDriver.java:358) ~[selenium-remote-driver-4.15.0.jar:?]
	at org.openqa.selenium.support.pagefactory.DefaultElementLocator.findElement(DefaultElementLocator.java:68) ~[selenium-support-4.15.0.jar:?]
	at org.openqa.selenium.support.pagefactory.internal.LocatingElementHandler.invoke(LocatingElementHandler.java:38) ~[selenium-support-4.15.0.jar:?]
	at jdk.proxy2/jdk.proxy2.$Proxy25.isDisplayed(Unknown Source) ~[?:?]
	at org.openqa.selenium.support.ui.ExpectedConditions.elementIfVisible(ExpectedConditions.java:304) ~[selenium-support-4.15.0.jar:?]
	at org.openqa.selenium.support.ui.ExpectedConditions$10.apply(ExpectedConditions.java:290) ~[selenium-support-4.15.0.jar:?]
	at org.openqa.selenium.support.ui.ExpectedConditions$10.apply(ExpectedConditions.java:287) ~[selenium-support-4.15.0.jar:?]
	at org.openqa.selenium.support.ui.FluentWait.until(FluentWait.java:204) ~[selenium-support-4.15.0.jar:?]
	... 32 more
2025-09-21 17:00:26.490 [main] WARN  com.automation.pages.ZaraProductPage - Ürün bilgisi alınamadı, alternatif selector deneniyor...
2025-09-21 17:00:26.554 [main] INFO  com.automation.pages.ZaraProductPage - Ürün fiyatı alınıyor...
2025-09-21 17:00:26.577 [main] DEBUG com.automation.pages.BasePage - Text alındı: 2.490,00 TL
2025-09-21 17:00:26.578 [main] INFO  com.automation.utils.FileWriterUtil - Ürün bilgileri dosyaya yazıldı: product-info.txt
2025-09-21 17:00:26.578 [main] INFO  com.automation.base.BaseTest - Ürün bilgileri dosyaya yazıldı
2025-09-21 17:00:26.578 [main] INFO  com.automation.pages.ZaraProductPage - Ürün sepete ekleniyor...
2025-09-21 17:00:26.638 [main] DEBUG com.automation.pages.BasePage - Element tıklandı: [[ChromeDriver: chrome on mac (f039188ebcba4b8e93a7aa3c39250a38)] -> xpath: //div[@class='product-detail-cart-buttons__main-action']]
2025-09-21 17:00:26.689 [main] INFO  com.automation.pages.ZaraProductPage - Rastgele beden seçildi: 2
2025-09-21 17:00:40.846 [main] DEBUG com.automation.pages.BasePage - Element tıklandı: Proxy element for: DefaultElementLocator 'By.xpath: //button[contains(text(),'Hayır, teşekkürler')]'
2025-09-21 17:00:40.848 [main] INFO  com.automation.base.BaseTest - Ürün sepete eklendi
2025-09-21 17:00:50.853 [main] INFO  com.automation.pages.ZaraHomePage - Alışveriş sepeti tıklanıyor...
2025-09-21 17:00:50.969 [main] DEBUG com.automation.pages.BasePage - Element tıklandı: [[ChromeDriver: chrome on mac (f039188ebcba4b8e93a7aa3c39250a38)] -> css selector: li[class='layout-header-action layout-header-action--type-text'] span:nth-child(1)]
2025-09-21 17:00:52.975 [main] INFO  com.automation.pages.ZaraShoppingCartPage - Sepetteki ürün fiyatı alınıyor...
2025-09-21 17:00:53.031 [main] DEBUG com.automation.pages.BasePage - Text alındı: 2.490,00 TL
2025-09-21 17:00:53.035 [main] INFO  com.automation.base.BaseTest - Fiyat kontrolü başarılı
2025-09-21 17:00:53.035 [main] INFO  com.automation.pages.ZaraShoppingCartPage - Ürün adedi arttırılıyor...
2025-09-21 17:00:53.146 [main] DEBUG com.automation.pages.BasePage - Scroll edilip tıklanan element: [[ChromeDriver: chrome on mac (f039188ebcba4b8e93a7aa3c39250a38)] -> class name: zds-quantity-selector__increase]
2025-09-21 17:00:53.147 [main] INFO  com.automation.pages.ZaraShoppingCartPage - Ürün adedi kontrol ediliyor...
2025-09-21 17:01:03.209 [main] WARN  com.automation.pages.ZaraShoppingCartPage - Quantity input'tan okunamadı, alternatif yöntem deneniyor...
2025-09-21 17:01:13.226 [main] INFO  com.automation.base.BaseTest - Ürün adedi 2'ye çıkarıldı
2025-09-21 17:01:13.227 [main] INFO  com.automation.pages.ZaraShoppingCartPage - Ürün sepetten siliniyor...
2025-09-21 17:01:13.348 [main] DEBUG com.automation.pages.BasePage - Scroll edilip tıklanan element: [[ChromeDriver: chrome on mac (f039188ebcba4b8e93a7aa3c39250a38)] -> class name: zds-quantity-selector__decrease]
2025-09-21 17:01:13.805 [main] DEBUG com.automation.pages.BasePage - Scroll edilip tıklanan element: [[ChromeDriver: chrome on mac (f039188ebcba4b8e93a7aa3c39250a38)] -> class name: zds-quantity-selector__decrease]
2025-09-21 17:01:13.806 [main] INFO  com.automation.pages.ZaraShoppingCartPage - Sepet boş mu kontrol ediliyor...
2025-09-21 17:01:14.160 [main] INFO  com.automation.base.BaseTest - Ürün sepetten silindi, sepet boş
2025-09-21 17:01:14.161 [main] INFO  com.automation.base.BaseTest - Tüm test adımları başarıyla tamamlandı!
2025-09-21 17:01:14.161 [main] INFO  com.automation.utils.ExcelReader - Excel dosyası kapatıldı
2025-09-21 17:01:14.161 [main] INFO  com.automation.base.BaseTest - Test sonlandırılıyor...
2025-09-21 17:19:00.084 [main] INFO  com.automation.base.BaseTest - Test başlatılıyor...
2025-09-21 17:19:02.204 [main] INFO  com.automation.utils.ExcelReader - Excel dosyası başarıyla açıldı: src/test/resources/test-data.xlsx | Sheet: SearchTerms
2025-09-21 17:19:02.206 [main] INFO  com.automation.utils.FileWriterUtil - Yeni dosya oluşturuldu: product-info.txt
2025-09-21 17:19:02.206 [main] INFO  com.automation.pages.ZaraHomePage - Zara websitesine gidiliyor...
2025-09-21 17:19:04.815 [main] INFO  com.automation.base.BaseTest - Zara sitesi açıldı
2025-09-21 17:19:04.815 [main] INFO  com.automation.pages.ZaraHomePage - Çerezler reddediliyor...
2025-09-21 17:19:04.885 [main] DEBUG com.automation.pages.BasePage - Element tıklandı: [[ChromeDriver: chrome on mac (ee3b4b85fe92113daf7118fbe2a71dfd)] -> css selector: #onetrust-reject-all-handler]
2025-09-21 17:19:04.885 [main] INFO  com.automation.pages.ZaraHomePage - Login linki tıklanıyor...
2025-09-21 17:19:16.751 [main] DEBUG com.automation.pages.BasePage - Element tıklandı: Proxy element for: DefaultElementLocator 'By.xpath: //a[contains(text(),'GİRİŞ YAP')]'
2025-09-21 17:19:16.752 [main] INFO  com.automation.pages.ZaraLoginPage - Eposta adresi yazılıyor...
2025-09-21 17:19:16.904 [main] DEBUG com.automation.pages.BasePage - Text gönderildi: nurigambl@gmail.com - Element: [[ChromeDriver: chrome on mac (ee3b4b85fe92113daf7118fbe2a71dfd)] -> xpath: //input[@id='zds-:r5:']]
2025-09-21 17:19:16.904 [main] INFO  com.automation.pages.ZaraLoginPage - Password yazılıyor...
2025-09-21 17:19:16.998 [main] DEBUG com.automation.pages.BasePage - Text gönderildi: Nurilhuda@56 - Element: [[ChromeDriver: chrome on mac (ee3b4b85fe92113daf7118fbe2a71dfd)] -> xpath: //input[@id='zds-:r8:']]
2025-09-21 17:19:16.998 [main] INFO  com.automation.pages.ZaraLoginPage - Giriş yap tıklanıyor...
2025-09-21 17:19:17.060 [main] DEBUG com.automation.pages.BasePage - Element tıklandı: [[ChromeDriver: chrome on mac (ee3b4b85fe92113daf7118fbe2a71dfd)] -> css selector: button[role='button']]
2025-09-21 17:19:17.060 [main] INFO  com.automation.pages.ZaraLoginPage - Anasayfaya dönülüyor...
2025-09-21 17:19:18.972 [main] DEBUG com.automation.pages.BasePage - Element tıklandı: [[ChromeDriver: chrome on mac (ee3b4b85fe92113daf7118fbe2a71dfd)] -> css selector: div[class='layout-header-logo layout-header-std__logo layout-customer-base-header__logo'] a[aria-label='Ana sayfaya git'] svg path]
2025-09-21 17:19:28.977 [main] INFO  com.automation.pages.ZaraHomePage - Menu açılıyor...
2025-09-21 17:19:39.256 [main] DEBUG com.automation.pages.BasePage - Element tıklandı: Proxy element for: DefaultElementLocator 'By.cssSelector: button[aria-label='Menüyü aç']'
2025-09-21 17:19:41.262 [main] INFO  com.automation.pages.ZaraHomePage - Erkek menüsü tıklanıyor...
2025-09-21 17:19:41.415 [main] DEBUG com.automation.pages.BasePage - Element tıklandı: [[ChromeDriver: chrome on mac (ee3b4b85fe92113daf7118fbe2a71dfd)] -> xpath: (//span[@class='layout-categories-category-name'][normalize-space()='ERKEK'])[1]]
2025-09-21 17:19:43.420 [main] INFO  com.automation.pages.ZaraHomePage - Tümünü gör butonuna tıklanıyor...
2025-09-21 17:19:43.572 [main] DEBUG com.automation.pages.BasePage - Element tıklandı: [[ChromeDriver: chrome on mac (ee3b4b85fe92113daf7118fbe2a71dfd)] -> xpath: //span[normalize-space()='TÜMÜNÜ GÖR']]
2025-09-21 17:19:43.572 [main] INFO  com.automation.base.BaseTest - Erkek kategorisine gidildi
2025-09-21 17:19:53.623 [main] DEBUG com.automation.utils.ExcelReader - Hücre verisi okundu: Row=0, Column=0, Value=şort
2025-09-21 17:19:53.623 [main] DEBUG com.automation.utils.ExcelReader - Hücre verisi okundu: Row=1, Column=0, Value=gömlek
2025-09-21 17:19:53.624 [main] INFO  com.automation.base.BaseTest - İlk arama terimi: şort
2025-09-21 17:19:53.624 [main] INFO  com.automation.base.BaseTest - İkinci arama terimi: gömlek
2025-09-21 17:19:53.729 [main] DEBUG com.automation.pages.BasePage - Element tıklandı: [[ChromeDriver: chrome on mac (ee3b4b85fe92113daf7118fbe2a71dfd)] -> xpath: //span[@class='layout-header-action-search__content']]
2025-09-21 17:19:56.735 [main] INFO  com.automation.pages.ZaraHomePage - Ürün aranıyor: şort
2025-09-21 17:19:56.875 [main] INFO  com.automation.pages.ZaraHomePage - Enter tuşuna basılıyor...
2025-09-21 17:19:59.950 [main] INFO  com.automation.pages.ZaraHomePage - Arama kutusu 2 temizleniyor...
2025-09-21 17:20:10.275 [main] DEBUG com.automation.pages.BasePage - Element tıklandı: Proxy element for: DefaultElementLocator 'By.cssSelector: .search-products-form__input-clear-icon'
2025-09-21 17:20:10.276 [main] INFO  com.automation.base.BaseTest - Arama kutusu temizlendi
2025-09-21 17:20:13.281 [main] INFO  com.automation.pages.ZaraHomePage - Ürün aranıyor: gömlek
2025-09-21 17:20:13.585 [main] INFO  com.automation.base.BaseTest - İkinci arama terimi: gömlek
2025-09-21 17:20:16.590 [main] INFO  com.automation.pages.ZaraHomePage - Enter tuşuna basılıyor...
2025-09-21 17:20:19.691 [main] INFO  com.automation.pages.ZaraProductPage - Rastgele ürün seçiliyor...
2025-09-21 17:20:19.823 [main] INFO  com.automation.pages.ZaraProductPage - Rastgele ürün seçildi: 31
2025-09-21 17:20:19.824 [main] INFO  com.automation.base.BaseTest - Rastgele ürün seçildi
2025-09-21 17:20:19.824 [main] INFO  com.automation.pages.ZaraProductPage - Ürün bilgisi alınıyor...
2025-09-21 17:20:20.472 [main] DEBUG com.automation.pages.BasePage - Text alındı: KIRIŞIK EFEKTLİ GÖMLEK
2.490,00 TL
BEYAZ | 6048/153/250
EKLE
Kırışık efektli pamuklu kumaştan üretilmiş relaxed fit gömlek. Yakalı ve uzun kollu. Göğüste yama cep. Önden düğmeli kapama.
ÜRÜN BOYUTLARI
MAĞAZADAKI STOK DURUMU
KARGO, DEĞIŞIM VE İADELER
2025-09-21 17:20:20.472 [main] INFO  com.automation.pages.ZaraProductPage - Ürün fiyatı alınıyor...
2025-09-21 17:20:20.491 [main] DEBUG com.automation.pages.BasePage - Text alındı: 2.490,00 TL
2025-09-21 17:20:20.492 [main] INFO  com.automation.utils.FileWriterUtil - Ürün bilgileri dosyaya yazıldı: product-info.txt
2025-09-21 17:20:20.492 [main] INFO  com.automation.base.BaseTest - Ürün bilgileri dosyaya yazıldı
2025-09-21 17:20:20.492 [main] INFO  com.automation.pages.ZaraProductPage - Ürün sepete ekleniyor...
2025-09-21 17:20:20.543 [main] DEBUG com.automation.pages.BasePage - Element tıklandı: [[ChromeDriver: chrome on mac (ee3b4b85fe92113daf7118fbe2a71dfd)] -> xpath: //div[@class='product-detail-cart-buttons__main-action']]
2025-09-21 17:20:20.590 [main] INFO  com.automation.pages.ZaraProductPage - Rastgele beden seçildi: 1
2025-09-21 17:20:54.723 [main] ERROR com.automation.pages.BasePage - Element tıklanamadı: Proxy element for: DefaultElementLocator 'By.xpath: //button[contains(text(),'Hayır, teşekkürler')]'
org.openqa.selenium.TimeoutException: Expected condition failed: waiting for element to be clickable: Proxy element for: DefaultElementLocator 'By.xpath: //button[contains(text(),'Hayır, teşekkürler')]' (tried for 10 second(s) with 500 milliseconds interval)
	at org.openqa.selenium.support.ui.WebDriverWait.timeoutException(WebDriverWait.java:84) ~[selenium-support-4.15.0.jar:?]
	at org.openqa.selenium.support.ui.FluentWait.until(FluentWait.java:229) ~[selenium-support-4.15.0.jar:?]
	at com.automation.pages.BasePage.waitAndClick(BasePage.java:31) [classes/:?]
	at com.automation.pages.ZaraProductPage.addToCart(ZaraProductPage.java:106) [classes/:?]
	at org.automation.tests.ZaraWebTest.testZaraEcommerceFlow(ZaraWebTest.java:94) [test-classes/:?]
	at java.base/jdk.internal.reflect.NativeMethodAccessorImpl.invoke0(Native Method) ~[?:?]
	at java.base/jdk.internal.reflect.NativeMethodAccessorImpl.invoke(NativeMethodAccessorImpl.java:77) ~[?:?]
	at java.base/jdk.internal.reflect.DelegatingMethodAccessorImpl.invoke(DelegatingMethodAccessorImpl.java:43) ~[?:?]
	at java.base/java.lang.reflect.Method.invoke(Method.java:569) ~[?:?]
	at org.junit.runners.model.FrameworkMethod$1.runReflectiveCall(FrameworkMethod.java:59) [junit-4.13.2.jar:4.13.2]
	at org.junit.internal.runners.model.ReflectiveCallable.run(ReflectiveCallable.java:12) [junit-4.13.2.jar:4.13.2]
	at org.junit.runners.model.FrameworkMethod.invokeExplosively(FrameworkMethod.java:56) [junit-4.13.2.jar:4.13.2]
	at org.junit.internal.runners.statements.InvokeMethod.evaluate(InvokeMethod.java:17) [junit-4.13.2.jar:4.13.2]
	at org.junit.internal.runners.statements.RunBefores.evaluate(RunBefores.java:26) [junit-4.13.2.jar:4.13.2]
	at org.junit.internal.runners.statements.RunAfters.evaluate(RunAfters.java:27) [junit-4.13.2.jar:4.13.2]
	at org.junit.runners.ParentRunner$3.evaluate(ParentRunner.java:306) [junit-4.13.2.jar:4.13.2]
	at org.junit.runners.BlockJUnit4ClassRunner$1.evaluate(BlockJUnit4ClassRunner.java:100) [junit-4.13.2.jar:4.13.2]
	at org.junit.runners.ParentRunner.runLeaf(ParentRunner.java:366) [junit-4.13.2.jar:4.13.2]
	at org.junit.runners.BlockJUnit4ClassRunner.runChild(BlockJUnit4ClassRunner.java:103) [junit-4.13.2.jar:4.13.2]
	at org.junit.runners.BlockJUnit4ClassRunner.runChild(BlockJUnit4ClassRunner.java:63) [junit-4.13.2.jar:4.13.2]
	at org.junit.runners.ParentRunner$4.run(ParentRunner.java:331) [junit-4.13.2.jar:4.13.2]
	at org.junit.runners.ParentRunner$1.schedule(ParentRunner.java:79) [junit-4.13.2.jar:4.13.2]
	at org.junit.runners.ParentRunner.runChildren(ParentRunner.java:329) [junit-4.13.2.jar:4.13.2]
	at org.junit.runners.ParentRunner.access$100(ParentRunner.java:66) [junit-4.13.2.jar:4.13.2]
	at org.junit.runners.ParentRunner$2.evaluate(ParentRunner.java:293) [junit-4.13.2.jar:4.13.2]
	at org.junit.runners.ParentRunner$3.evaluate(ParentRunner.java:306) [junit-4.13.2.jar:4.13.2]
	at org.junit.runners.ParentRunner.run(ParentRunner.java:413) [junit-4.13.2.jar:4.13.2]
	at org.junit.runner.JUnitCore.run(JUnitCore.java:137) [junit-4.13.2.jar:4.13.2]
	at com.intellij.junit4.JUnit4IdeaTestRunner.startRunnerWithArgs(JUnit4IdeaTestRunner.java:69) [junit-rt.jar:?]
	at com.intellij.rt.junit.IdeaTestRunner$Repeater$1.execute(IdeaTestRunner.java:38) [junit-rt.jar:?]
	at com.intellij.rt.execution.junit.TestsRepeater.repeat(TestsRepeater.java:11) [idea_rt.jar:?]
	at com.intellij.rt.junit.IdeaTestRunner$Repeater.startRunnerWithArgs(IdeaTestRunner.java:35) [junit-rt.jar:?]
	at com.intellij.rt.junit.JUnitStarter.prepareStreamsAndStart(JUnitStarter.java:232) [junit-rt.jar:?]
	at com.intellij.rt.junit.JUnitStarter.main(JUnitStarter.java:55) [junit-rt.jar:?]
Caused by: org.openqa.selenium.NoSuchElementException: no such element: Unable to locate element: {"method":"xpath","selector":"//button[contains(text(),'Hayır, teşekkürler')]"}
  (Session info: chrome=140.0.7339.133)
For documentation on this error, please visit: https://www.selenium.dev/documentation/webdriver/troubleshooting/errors#no-such-element-exception
Build info: version: '4.15.0', revision: '1d14b5521b'
System info: os.name: 'Mac OS X', os.arch: 'aarch64', os.version: '15.5', java.version: '17.0.14'
Driver info: org.openqa.selenium.chrome.ChromeDriver
Command: [ee3b4b85fe92113daf7118fbe2a71dfd, findElement {using=xpath, value=//button[contains(text(),'Hayır, teşekkürler')]}]
Capabilities {acceptInsecureCerts: false, browserName: chrome, browserVersion: 140.0.7339.133, chrome: {chromedriverVersion: 140.0.7339.185 (eeea00e459e..., userDataDir: /var/folders/ly/h8tl56p95jz...}, fedcm:accounts: true, goog:chromeOptions: {debuggerAddress: localhost:55286}, networkConnectionEnabled: false, pageLoadStrategy: normal, platformName: mac, proxy: Proxy(), se:cdp: ws://localhost:55286/devtoo..., se:cdpVersion: 140.0.7339.133, setWindowRect: true, strictFileInteractability: false, timeouts: {implicit: 0, pageLoad: 300000, script: 30000}, unhandledPromptBehavior: dismiss and notify, webauthn:extension:credBlob: true, webauthn:extension:largeBlob: true, webauthn:extension:minPinLength: true, webauthn:extension:prf: true, webauthn:virtualAuthenticators: true}
Session ID: ee3b4b85fe92113daf7118fbe2a71dfd
	at java.base/jdk.internal.reflect.NativeConstructorAccessorImpl.newInstance0(Native Method) ~[?:?]
	at java.base/jdk.internal.reflect.NativeConstructorAccessorImpl.newInstance(NativeConstructorAccessorImpl.java:77) ~[?:?]
	at java.base/jdk.internal.reflect.DelegatingConstructorAccessorImpl.newInstance(DelegatingConstructorAccessorImpl.java:45) ~[?:?]
	at java.base/java.lang.reflect.Constructor.newInstanceWithCaller(Constructor.java:500) ~[?:?]
	at java.base/java.lang.reflect.Constructor.newInstance(Constructor.java:481) ~[?:?]
	at org.openqa.selenium.remote.codec.w3c.W3CHttpResponseCodec.createException(W3CHttpResponseCodec.java:200) ~[selenium-remote-driver-4.15.0.jar:?]
	at org.openqa.selenium.remote.codec.w3c.W3CHttpResponseCodec.decode(W3CHttpResponseCodec.java:133) ~[selenium-remote-driver-4.15.0.jar:?]
	at org.openqa.selenium.remote.codec.w3c.W3CHttpResponseCodec.decode(W3CHttpResponseCodec.java:52) ~[selenium-remote-driver-4.15.0.jar:?]
	at org.openqa.selenium.remote.HttpCommandExecutor.execute(HttpCommandExecutor.java:191) ~[selenium-remote-driver-4.15.0.jar:?]
	at org.openqa.selenium.remote.service.DriverCommandExecutor.invokeExecute(DriverCommandExecutor.java:200) ~[selenium-remote-driver-4.15.0.jar:?]
	at org.openqa.selenium.remote.service.DriverCommandExecutor.execute(DriverCommandExecutor.java:175) ~[selenium-remote-driver-4.15.0.jar:?]
	at org.openqa.selenium.remote.RemoteWebDriver.execute(RemoteWebDriver.java:607) ~[selenium-remote-driver-4.15.0.jar:?]
	at org.openqa.selenium.remote.ElementLocation$ElementFinder$2.findElement(ElementLocation.java:165) ~[selenium-remote-driver-4.15.0.jar:?]
	at org.openqa.selenium.remote.ElementLocation.findElement(ElementLocation.java:59) ~[selenium-remote-driver-4.15.0.jar:?]
	at org.openqa.selenium.remote.RemoteWebDriver.findElement(RemoteWebDriver.java:364) ~[selenium-remote-driver-4.15.0.jar:?]
	at org.openqa.selenium.remote.RemoteWebDriver.findElement(RemoteWebDriver.java:358) ~[selenium-remote-driver-4.15.0.jar:?]
	at org.openqa.selenium.support.pagefactory.DefaultElementLocator.findElement(DefaultElementLocator.java:68) ~[selenium-support-4.15.0.jar:?]
	at org.openqa.selenium.support.pagefactory.internal.LocatingElementHandler.invoke(LocatingElementHandler.java:38) ~[selenium-support-4.15.0.jar:?]
	at jdk.proxy2/jdk.proxy2.$Proxy25.isDisplayed(Unknown Source) ~[?:?]
	at org.openqa.selenium.support.ui.ExpectedConditions.elementIfVisible(ExpectedConditions.java:304) ~[selenium-support-4.15.0.jar:?]
	at org.openqa.selenium.support.ui.ExpectedConditions$10.apply(ExpectedConditions.java:290) ~[selenium-support-4.15.0.jar:?]
	at org.openqa.selenium.support.ui.ExpectedConditions$10.apply(ExpectedConditions.java:287) ~[selenium-support-4.15.0.jar:?]
	at org.openqa.selenium.support.ui.ExpectedConditions$23.apply(ExpectedConditions.java:656) ~[selenium-support-4.15.0.jar:?]
	at org.openqa.selenium.support.ui.ExpectedConditions$23.apply(ExpectedConditions.java:652) ~[selenium-support-4.15.0.jar:?]
	at org.openqa.selenium.support.ui.FluentWait.until(FluentWait.java:204) ~[selenium-support-4.15.0.jar:?]
	... 32 more
2025-09-21 17:20:54.744 [main] ERROR com.automation.base.BaseTest - Test sırasında hata oluştu
org.openqa.selenium.TimeoutException: Expected condition failed: waiting for element to be clickable: Proxy element for: DefaultElementLocator 'By.xpath: //button[contains(text(),'Hayır, teşekkürler')]' (tried for 10 second(s) with 500 milliseconds interval)
	at org.openqa.selenium.support.ui.WebDriverWait.timeoutException(WebDriverWait.java:84) ~[selenium-support-4.15.0.jar:?]
	at org.openqa.selenium.support.ui.FluentWait.until(FluentWait.java:229) ~[selenium-support-4.15.0.jar:?]
	at com.automation.pages.BasePage.waitAndClick(BasePage.java:31) ~[classes/:?]
	at com.automation.pages.ZaraProductPage.addToCart(ZaraProductPage.java:106) ~[classes/:?]
	at org.automation.tests.ZaraWebTest.testZaraEcommerceFlow(ZaraWebTest.java:94) [test-classes/:?]
	at java.base/jdk.internal.reflect.NativeMethodAccessorImpl.invoke0(Native Method) ~[?:?]
	at java.base/jdk.internal.reflect.NativeMethodAccessorImpl.invoke(NativeMethodAccessorImpl.java:77) ~[?:?]
	at java.base/jdk.internal.reflect.DelegatingMethodAccessorImpl.invoke(DelegatingMethodAccessorImpl.java:43) ~[?:?]
	at java.base/java.lang.reflect.Method.invoke(Method.java:569) ~[?:?]
	at org.junit.runners.model.FrameworkMethod$1.runReflectiveCall(FrameworkMethod.java:59) [junit-4.13.2.jar:4.13.2]
	at org.junit.internal.runners.model.ReflectiveCallable.run(ReflectiveCallable.java:12) [junit-4.13.2.jar:4.13.2]
	at org.junit.runners.model.FrameworkMethod.invokeExplosively(FrameworkMethod.java:56) [junit-4.13.2.jar:4.13.2]
	at org.junit.internal.runners.statements.InvokeMethod.evaluate(InvokeMethod.java:17) [junit-4.13.2.jar:4.13.2]
	at org.junit.internal.runners.statements.RunBefores.evaluate(RunBefores.java:26) [junit-4.13.2.jar:4.13.2]
	at org.junit.internal.runners.statements.RunAfters.evaluate(RunAfters.java:27) [junit-4.13.2.jar:4.13.2]
	at org.junit.runners.ParentRunner$3.evaluate(ParentRunner.java:306) [junit-4.13.2.jar:4.13.2]
	at org.junit.runners.BlockJUnit4ClassRunner$1.evaluate(BlockJUnit4ClassRunner.java:100) [junit-4.13.2.jar:4.13.2]
	at org.junit.runners.ParentRunner.runLeaf(ParentRunner.java:366) [junit-4.13.2.jar:4.13.2]
	at org.junit.runners.BlockJUnit4ClassRunner.runChild(BlockJUnit4ClassRunner.java:103) [junit-4.13.2.jar:4.13.2]
	at org.junit.runners.BlockJUnit4ClassRunner.runChild(BlockJUnit4ClassRunner.java:63) [junit-4.13.2.jar:4.13.2]
	at org.junit.runners.ParentRunner$4.run(ParentRunner.java:331) [junit-4.13.2.jar:4.13.2]
	at org.junit.runners.ParentRunner$1.schedule(ParentRunner.java:79) [junit-4.13.2.jar:4.13.2]
	at org.junit.runners.ParentRunner.runChildren(ParentRunner.java:329) [junit-4.13.2.jar:4.13.2]
	at org.junit.runners.ParentRunner.access$100(ParentRunner.java:66) [junit-4.13.2.jar:4.13.2]
	at org.junit.runners.ParentRunner$2.evaluate(ParentRunner.java:293) [junit-4.13.2.jar:4.13.2]
	at org.junit.runners.ParentRunner$3.evaluate(ParentRunner.java:306) [junit-4.13.2.jar:4.13.2]
	at org.junit.runners.ParentRunner.run(ParentRunner.java:413) [junit-4.13.2.jar:4.13.2]
	at org.junit.runner.JUnitCore.run(JUnitCore.java:137) [junit-4.13.2.jar:4.13.2]
	at com.intellij.junit4.JUnit4IdeaTestRunner.startRunnerWithArgs(JUnit4IdeaTestRunner.java:69) [junit-rt.jar:?]
	at com.intellij.rt.junit.IdeaTestRunner$Repeater$1.execute(IdeaTestRunner.java:38) [junit-rt.jar:?]
	at com.intellij.rt.execution.junit.TestsRepeater.repeat(TestsRepeater.java:11) [idea_rt.jar:?]
	at com.intellij.rt.junit.IdeaTestRunner$Repeater.startRunnerWithArgs(IdeaTestRunner.java:35) [junit-rt.jar:?]
	at com.intellij.rt.junit.JUnitStarter.prepareStreamsAndStart(JUnitStarter.java:232) [junit-rt.jar:?]
	at com.intellij.rt.junit.JUnitStarter.main(JUnitStarter.java:55) [junit-rt.jar:?]
Caused by: org.openqa.selenium.NoSuchElementException: no such element: Unable to locate element: {"method":"xpath","selector":"//button[contains(text(),'Hayır, teşekkürler')]"}
  (Session info: chrome=140.0.7339.133)
For documentation on this error, please visit: https://www.selenium.dev/documentation/webdriver/troubleshooting/errors#no-such-element-exception
Build info: version: '4.15.0', revision: '1d14b5521b'
System info: os.name: 'Mac OS X', os.arch: 'aarch64', os.version: '15.5', java.version: '17.0.14'
Driver info: org.openqa.selenium.chrome.ChromeDriver
Command: [ee3b4b85fe92113daf7118fbe2a71dfd, findElement {using=xpath, value=//button[contains(text(),'Hayır, teşekkürler')]}]
Capabilities {acceptInsecureCerts: false, browserName: chrome, browserVersion: 140.0.7339.133, chrome: {chromedriverVersion: 140.0.7339.185 (eeea00e459e..., userDataDir: /var/folders/ly/h8tl56p95jz...}, fedcm:accounts: true, goog:chromeOptions: {debuggerAddress: localhost:55286}, networkConnectionEnabled: false, pageLoadStrategy: normal, platformName: mac, proxy: Proxy(), se:cdp: ws://localhost:55286/devtoo..., se:cdpVersion: 140.0.7339.133, setWindowRect: true, strictFileInteractability: false, timeouts: {implicit: 0, pageLoad: 300000, script: 30000}, unhandledPromptBehavior: dismiss and notify, webauthn:extension:credBlob: true, webauthn:extension:largeBlob: true, webauthn:extension:minPinLength: true, webauthn:extension:prf: true, webauthn:virtualAuthenticators: true}
Session ID: ee3b4b85fe92113daf7118fbe2a71dfd
	at java.base/jdk.internal.reflect.NativeConstructorAccessorImpl.newInstance0(Native Method) ~[?:?]
	at java.base/jdk.internal.reflect.NativeConstructorAccessorImpl.newInstance(NativeConstructorAccessorImpl.java:77) ~[?:?]
	at java.base/jdk.internal.reflect.DelegatingConstructorAccessorImpl.newInstance(DelegatingConstructorAccessorImpl.java:45) ~[?:?]
	at java.base/java.lang.reflect.Constructor.newInstanceWithCaller(Constructor.java:500) ~[?:?]
	at java.base/java.lang.reflect.Constructor.newInstance(Constructor.java:481) ~[?:?]
	at org.openqa.selenium.remote.codec.w3c.W3CHttpResponseCodec.createException(W3CHttpResponseCodec.java:200) ~[selenium-remote-driver-4.15.0.jar:?]
	at org.openqa.selenium.remote.codec.w3c.W3CHttpResponseCodec.decode(W3CHttpResponseCodec.java:133) ~[selenium-remote-driver-4.15.0.jar:?]
	at org.openqa.selenium.remote.codec.w3c.W3CHttpResponseCodec.decode(W3CHttpResponseCodec.java:52) ~[selenium-remote-driver-4.15.0.jar:?]
	at org.openqa.selenium.remote.HttpCommandExecutor.execute(HttpCommandExecutor.java:191) ~[selenium-remote-driver-4.15.0.jar:?]
	at org.openqa.selenium.remote.service.DriverCommandExecutor.invokeExecute(DriverCommandExecutor.java:200) ~[selenium-remote-driver-4.15.0.jar:?]
	at org.openqa.selenium.remote.service.DriverCommandExecutor.execute(DriverCommandExecutor.java:175) ~[selenium-remote-driver-4.15.0.jar:?]
	at org.openqa.selenium.remote.RemoteWebDriver.execute(RemoteWebDriver.java:607) ~[selenium-remote-driver-4.15.0.jar:?]
	at org.openqa.selenium.remote.ElementLocation$ElementFinder$2.findElement(ElementLocation.java:165) ~[selenium-remote-driver-4.15.0.jar:?]
	at org.openqa.selenium.remote.ElementLocation.findElement(ElementLocation.java:59) ~[selenium-remote-driver-4.15.0.jar:?]
	at org.openqa.selenium.remote.RemoteWebDriver.findElement(RemoteWebDriver.java:364) ~[selenium-remote-driver-4.15.0.jar:?]
	at org.openqa.selenium.remote.RemoteWebDriver.findElement(RemoteWebDriver.java:358) ~[selenium-remote-driver-4.15.0.jar:?]
	at org.openqa.selenium.support.pagefactory.DefaultElementLocator.findElement(DefaultElementLocator.java:68) ~[selenium-support-4.15.0.jar:?]
	at org.openqa.selenium.support.pagefactory.internal.LocatingElementHandler.invoke(LocatingElementHandler.java:38) ~[selenium-support-4.15.0.jar:?]
	at jdk.proxy2/jdk.proxy2.$Proxy25.isDisplayed(Unknown Source) ~[?:?]
	at org.openqa.selenium.support.ui.ExpectedConditions.elementIfVisible(ExpectedConditions.java:304) ~[selenium-support-4.15.0.jar:?]
	at org.openqa.selenium.support.ui.ExpectedConditions$10.apply(ExpectedConditions.java:290) ~[selenium-support-4.15.0.jar:?]
	at org.openqa.selenium.support.ui.ExpectedConditions$10.apply(ExpectedConditions.java:287) ~[selenium-support-4.15.0.jar:?]
	at org.openqa.selenium.support.ui.ExpectedConditions$23.apply(ExpectedConditions.java:656) ~[selenium-support-4.15.0.jar:?]
	at org.openqa.selenium.support.ui.ExpectedConditions$23.apply(ExpectedConditions.java:652) ~[selenium-support-4.15.0.jar:?]
	at org.openqa.selenium.support.ui.FluentWait.until(FluentWait.java:204) ~[selenium-support-4.15.0.jar:?]
	... 32 more
2025-09-21 17:20:54.754 [main] INFO  com.automation.utils.ExcelReader - Excel dosyası kapatıldı
2025-09-21 17:20:54.754 [main] INFO  com.automation.base.BaseTest - Test sonlandırılıyor...
2025-09-21 17:21:32.529 [main] INFO  com.automation.base.BaseTest - Test başlatılıyor...
2025-09-21 17:21:34.559 [main] INFO  com.automation.utils.ExcelReader - Excel dosyası başarıyla açıldı: src/test/resources/test-data.xlsx | Sheet: SearchTerms
2025-09-21 17:21:34.560 [main] INFO  com.automation.utils.FileWriterUtil - Yeni dosya oluşturuldu: product-info.txt
2025-09-21 17:21:34.560 [main] INFO  com.automation.pages.ZaraHomePage - Zara websitesine gidiliyor...
2025-09-21 17:21:37.326 [main] INFO  com.automation.base.BaseTest - Zara sitesi açıldı
2025-09-21 17:21:37.326 [main] INFO  com.automation.pages.ZaraHomePage - Çerezler reddediliyor...
2025-09-21 17:21:37.408 [main] DEBUG com.automation.pages.BasePage - Element tıklandı: [[ChromeDriver: chrome on mac (74513d19bf9ad94eb28bf21a655d7ec6)] -> css selector: #onetrust-reject-all-handler]
2025-09-21 17:21:37.408 [main] INFO  com.automation.pages.ZaraHomePage - Login linki tıklanıyor...
2025-09-21 17:21:50.059 [main] DEBUG com.automation.pages.BasePage - Element tıklandı: Proxy element for: DefaultElementLocator 'By.xpath: //a[contains(text(),'GİRİŞ YAP')]'
2025-09-21 17:21:50.060 [main] INFO  com.automation.pages.ZaraLoginPage - Eposta adresi yazılıyor...
2025-09-21 17:21:50.211 [main] DEBUG com.automation.pages.BasePage - Text gönderildi: nurigambl@gmail.com - Element: [[ChromeDriver: chrome on mac (74513d19bf9ad94eb28bf21a655d7ec6)] -> xpath: //input[@id='zds-:r5:']]
2025-09-21 17:21:50.211 [main] INFO  com.automation.pages.ZaraLoginPage - Password yazılıyor...
2025-09-21 17:21:50.306 [main] DEBUG com.automation.pages.BasePage - Text gönderildi: Nurilhuda@56 - Element: [[ChromeDriver: chrome on mac (74513d19bf9ad94eb28bf21a655d7ec6)] -> xpath: //input[@id='zds-:r8:']]
2025-09-21 17:21:50.306 [main] INFO  com.automation.pages.ZaraLoginPage - Giriş yap tıklanıyor...
2025-09-21 17:21:50.368 [main] DEBUG com.automation.pages.BasePage - Element tıklandı: [[ChromeDriver: chrome on mac (74513d19bf9ad94eb28bf21a655d7ec6)] -> css selector: button[role='button']]
2025-09-21 17:21:50.369 [main] INFO  com.automation.pages.ZaraLoginPage - Anasayfaya dönülüyor...
2025-09-21 17:21:53.030 [main] DEBUG com.automation.pages.BasePage - Element tıklandı: [[ChromeDriver: chrome on mac (74513d19bf9ad94eb28bf21a655d7ec6)] -> css selector: div[class='layout-header-logo layout-header-std__logo layout-customer-base-header__logo'] a[aria-label='Ana sayfaya git'] svg path]
2025-09-21 17:22:03.035 [main] INFO  com.automation.pages.ZaraHomePage - Menu açılıyor...
2025-09-21 17:22:13.266 [main] DEBUG com.automation.pages.BasePage - Element tıklandı: Proxy element for: DefaultElementLocator 'By.cssSelector: button[aria-label='Menüyü aç']'
2025-09-21 17:22:15.272 [main] INFO  com.automation.pages.ZaraHomePage - Erkek menüsü tıklanıyor...
2025-09-21 17:22:15.442 [main] DEBUG com.automation.pages.BasePage - Element tıklandı: [[ChromeDriver: chrome on mac (74513d19bf9ad94eb28bf21a655d7ec6)] -> xpath: (//span[@class='layout-categories-category-name'][normalize-space()='ERKEK'])[1]]
2025-09-21 17:22:17.448 [main] INFO  com.automation.pages.ZaraHomePage - Tümünü gör butonuna tıklanıyor...
2025-09-21 17:22:17.592 [main] DEBUG com.automation.pages.BasePage - Element tıklandı: [[ChromeDriver: chrome on mac (74513d19bf9ad94eb28bf21a655d7ec6)] -> xpath: //span[normalize-space()='TÜMÜNÜ GÖR']]
2025-09-21 17:22:17.592 [main] INFO  com.automation.base.BaseTest - Erkek kategorisine gidildi
2025-09-21 17:22:27.626 [main] DEBUG com.automation.utils.ExcelReader - Hücre verisi okundu: Row=0, Column=0, Value=şort
2025-09-21 17:22:27.627 [main] DEBUG com.automation.utils.ExcelReader - Hücre verisi okundu: Row=1, Column=0, Value=gömlek
2025-09-21 17:22:27.628 [main] INFO  com.automation.base.BaseTest - İlk arama terimi: şort
2025-09-21 17:22:27.628 [main] INFO  com.automation.base.BaseTest - İkinci arama terimi: gömlek
2025-09-21 17:22:27.729 [main] DEBUG com.automation.pages.BasePage - Element tıklandı: [[ChromeDriver: chrome on mac (74513d19bf9ad94eb28bf21a655d7ec6)] -> xpath: //span[@class='layout-header-action-search__content']]
2025-09-21 17:22:30.735 [main] INFO  com.automation.pages.ZaraHomePage - Ürün aranıyor: şort
2025-09-21 17:22:30.871 [main] INFO  com.automation.pages.ZaraHomePage - Enter tuşuna basılıyor...
2025-09-21 17:22:33.935 [main] INFO  com.automation.pages.ZaraHomePage - Arama kutusu 2 temizleniyor...
2025-09-21 17:22:44.196 [main] DEBUG com.automation.pages.BasePage - Element tıklandı: Proxy element for: DefaultElementLocator 'By.cssSelector: .search-products-form__input-clear-icon'
2025-09-21 17:22:44.198 [main] INFO  com.automation.base.BaseTest - Arama kutusu temizlendi
2025-09-21 17:22:47.200 [main] INFO  com.automation.pages.ZaraHomePage - Ürün aranıyor: gömlek
2025-09-21 17:22:47.497 [main] INFO  com.automation.base.BaseTest - İkinci arama terimi: gömlek
2025-09-21 17:22:50.502 [main] INFO  com.automation.pages.ZaraHomePage - Enter tuşuna basılıyor...
2025-09-21 17:22:53.598 [main] INFO  com.automation.pages.ZaraProductPage - Rastgele ürün seçiliyor...
2025-09-21 17:22:53.705 [main] INFO  com.automation.pages.ZaraProductPage - Rastgele ürün seçildi: 33
2025-09-21 17:22:53.705 [main] INFO  com.automation.base.BaseTest - Rastgele ürün seçildi
2025-09-21 17:22:53.705 [main] INFO  com.automation.pages.ZaraProductPage - Ürün bilgisi alınıyor...
2025-09-21 17:22:54.235 [main] DEBUG com.automation.pages.BasePage - Text alındı: DOKULU KARELİ GÖMLEK
2.290,00 TL
SIYAH | 6411/784/800
EKLE
Manşetli düğmeli uzun kollu, önü düğmeli, relaxed fit gömlek.
ÜRÜN BOYUTLARI
MAĞAZADAKI STOK DURUMU
KARGO, DEĞIŞIM VE İADELER
2025-09-21 17:22:54.235 [main] INFO  com.automation.pages.ZaraProductPage - Ürün fiyatı alınıyor...
2025-09-21 17:22:54.278 [main] DEBUG com.automation.pages.BasePage - Text alındı: 2.290,00 TL
2025-09-21 17:22:54.280 [main] INFO  com.automation.utils.FileWriterUtil - Ürün bilgileri dosyaya yazıldı: product-info.txt
2025-09-21 17:22:54.280 [main] INFO  com.automation.base.BaseTest - Ürün bilgileri dosyaya yazıldı
2025-09-21 17:22:54.280 [main] INFO  com.automation.pages.ZaraProductPage - Ürün sepete ekleniyor...
2025-09-21 17:22:54.330 [main] DEBUG com.automation.pages.BasePage - Element tıklandı: [[ChromeDriver: chrome on mac (74513d19bf9ad94eb28bf21a655d7ec6)] -> xpath: //div[@class='product-detail-cart-buttons__main-action']]
2025-09-21 17:22:54.371 [main] INFO  com.automation.pages.ZaraProductPage - Rastgele beden seçildi: 1
2025-09-21 17:23:23.267 [main] ERROR com.automation.base.BaseTest - Test sırasında hata oluştu
org.openqa.selenium.remote.UnreachableBrowserException: Error communicating with the remote browser. It may have died.
Build info: version: '4.15.0', revision: '1d14b5521b'
System info: os.name: 'Mac OS X', os.arch: 'aarch64', os.version: '15.5', java.version: '17.0.14'
Driver info: org.openqa.selenium.chrome.ChromeDriver
Command: [74513d19bf9ad94eb28bf21a655d7ec6, findElement [using, value]]
Capabilities {acceptInsecureCerts: false, browserName: chrome, browserVersion: 140.0.7339.133, chrome: {chromedriverVersion: 140.0.7339.185 (eeea00e459e..., userDataDir: /var/folders/ly/h8tl56p95jz...}, fedcm:accounts: true, goog:chromeOptions: {debuggerAddress: localhost:55932}, networkConnectionEnabled: false, pageLoadStrategy: normal, platformName: mac, proxy: Proxy(), se:cdp: ws://localhost:55932/devtoo..., se:cdpVersion: 140.0.7339.133, setWindowRect: true, strictFileInteractability: false, timeouts: {implicit: 0, pageLoad: 300000, script: 30000}, unhandledPromptBehavior: dismiss and notify, webauthn:extension:credBlob: true, webauthn:extension:largeBlob: true, webauthn:extension:minPinLength: true, webauthn:extension:prf: true, webauthn:virtualAuthenticators: true}
Session ID: 74513d19bf9ad94eb28bf21a655d7ec6
	at org.openqa.selenium.remote.RemoteWebDriver.execute(RemoteWebDriver.java:634) ~[selenium-remote-driver-4.15.0.jar:?]
	at org.openqa.selenium.remote.ElementLocation$ElementFinder$2.findElement(ElementLocation.java:165) ~[selenium-remote-driver-4.15.0.jar:?]
	at org.openqa.selenium.remote.ElementLocation.findElement(ElementLocation.java:59) ~[selenium-remote-driver-4.15.0.jar:?]
	at org.openqa.selenium.remote.RemoteWebDriver.findElement(RemoteWebDriver.java:364) ~[selenium-remote-driver-4.15.0.jar:?]
	at org.openqa.selenium.remote.RemoteWebDriver.findElement(RemoteWebDriver.java:358) ~[selenium-remote-driver-4.15.0.jar:?]
	at org.openqa.selenium.support.pagefactory.DefaultElementLocator.findElement(DefaultElementLocator.java:68) ~[selenium-support-4.15.0.jar:?]
	at org.openqa.selenium.support.pagefactory.internal.LocatingElementHandler.invoke(LocatingElementHandler.java:38) ~[selenium-support-4.15.0.jar:?]
	at jdk.proxy2/jdk.proxy2.$Proxy25.toString(Unknown Source) ~[?:?]
	at com.automation.pages.BasePage.waitAndClick(BasePage.java:35) ~[classes/:?]
	at com.automation.pages.ZaraProductPage.addToCart(ZaraProductPage.java:106) ~[classes/:?]
	at org.automation.tests.ZaraWebTest.testZaraEcommerceFlow(ZaraWebTest.java:94) [test-classes/:?]
	at java.base/jdk.internal.reflect.NativeMethodAccessorImpl.invoke0(Native Method) ~[?:?]
	at java.base/jdk.internal.reflect.NativeMethodAccessorImpl.invoke(NativeMethodAccessorImpl.java:77) ~[?:?]
	at java.base/jdk.internal.reflect.DelegatingMethodAccessorImpl.invoke(DelegatingMethodAccessorImpl.java:43) ~[?:?]
	at java.base/java.lang.reflect.Method.invoke(Method.java:569) ~[?:?]
	at org.junit.runners.model.FrameworkMethod$1.runReflectiveCall(FrameworkMethod.java:59) [junit-4.13.2.jar:4.13.2]
	at org.junit.internal.runners.model.ReflectiveCallable.run(ReflectiveCallable.java:12) [junit-4.13.2.jar:4.13.2]
	at org.junit.runners.model.FrameworkMethod.invokeExplosively(FrameworkMethod.java:56) [junit-4.13.2.jar:4.13.2]
	at org.junit.internal.runners.statements.InvokeMethod.evaluate(InvokeMethod.java:17) [junit-4.13.2.jar:4.13.2]
	at org.junit.internal.runners.statements.RunBefores.evaluate(RunBefores.java:26) [junit-4.13.2.jar:4.13.2]
	at org.junit.internal.runners.statements.RunAfters.evaluate(RunAfters.java:27) [junit-4.13.2.jar:4.13.2]
	at org.junit.runners.ParentRunner$3.evaluate(ParentRunner.java:306) [junit-4.13.2.jar:4.13.2]
	at org.junit.runners.BlockJUnit4ClassRunner$1.evaluate(BlockJUnit4ClassRunner.java:100) [junit-4.13.2.jar:4.13.2]
	at org.junit.runners.ParentRunner.runLeaf(ParentRunner.java:366) [junit-4.13.2.jar:4.13.2]
	at org.junit.runners.BlockJUnit4ClassRunner.runChild(BlockJUnit4ClassRunner.java:103) [junit-4.13.2.jar:4.13.2]
	at org.junit.runners.BlockJUnit4ClassRunner.runChild(BlockJUnit4ClassRunner.java:63) [junit-4.13.2.jar:4.13.2]
	at org.junit.runners.ParentRunner$4.run(ParentRunner.java:331) [junit-4.13.2.jar:4.13.2]
	at org.junit.runners.ParentRunner$1.schedule(ParentRunner.java:79) [junit-4.13.2.jar:4.13.2]
	at org.junit.runners.ParentRunner.runChildren(ParentRunner.java:329) [junit-4.13.2.jar:4.13.2]
	at org.junit.runners.ParentRunner.access$100(ParentRunner.java:66) [junit-4.13.2.jar:4.13.2]
	at org.junit.runners.ParentRunner$2.evaluate(ParentRunner.java:293) [junit-4.13.2.jar:4.13.2]
	at org.junit.runners.ParentRunner$3.evaluate(ParentRunner.java:306) [junit-4.13.2.jar:4.13.2]
	at org.junit.runners.ParentRunner.run(ParentRunner.java:413) [junit-4.13.2.jar:4.13.2]
	at org.junit.runner.JUnitCore.run(JUnitCore.java:137) [junit-4.13.2.jar:4.13.2]
	at com.intellij.junit4.JUnit4IdeaTestRunner.startRunnerWithArgs(JUnit4IdeaTestRunner.java:69) [junit-rt.jar:?]
	at com.intellij.rt.junit.IdeaTestRunner$Repeater$1.execute(IdeaTestRunner.java:38) [junit-rt.jar:?]
	at com.intellij.rt.execution.junit.TestsRepeater.repeat(TestsRepeater.java:11) [idea_rt.jar:?]
	at com.intellij.rt.junit.IdeaTestRunner$Repeater.startRunnerWithArgs(IdeaTestRunner.java:35) [junit-rt.jar:?]
	at com.intellij.rt.junit.JUnitStarter.prepareStreamsAndStart(JUnitStarter.java:232) [junit-rt.jar:?]
	at com.intellij.rt.junit.JUnitStarter.main(JUnitStarter.java:55) [junit-rt.jar:?]
Caused by: java.io.UncheckedIOException: java.io.IOException: HTTP/1.1 header parser received no bytes
	at org.openqa.selenium.remote.http.jdk.JdkHttpClient.execute0(JdkHttpClient.java:450) ~[selenium-remote-driver-4.15.0.jar:?]
	at org.openqa.selenium.remote.http.AddSeleniumUserAgent.lambda$apply$0(AddSeleniumUserAgent.java:42) ~[selenium-http-4.15.0.jar:?]
	at org.openqa.selenium.remote.http.Filter.lambda$andFinally$1(Filter.java:55) ~[selenium-http-4.15.0.jar:?]
	at org.openqa.selenium.remote.http.jdk.JdkHttpClient.execute(JdkHttpClient.java:366) ~[selenium-remote-driver-4.15.0.jar:?]
	at org.openqa.selenium.remote.HttpCommandExecutor.execute(HttpCommandExecutor.java:188) ~[selenium-remote-driver-4.15.0.jar:?]
	at org.openqa.selenium.remote.service.DriverCommandExecutor.invokeExecute(DriverCommandExecutor.java:200) ~[selenium-remote-driver-4.15.0.jar:?]
	at org.openqa.selenium.remote.service.DriverCommandExecutor.execute(DriverCommandExecutor.java:175) ~[selenium-remote-driver-4.15.0.jar:?]
	at org.openqa.selenium.remote.RemoteWebDriver.execute(RemoteWebDriver.java:607) ~[selenium-remote-driver-4.15.0.jar:?]
	... 39 more
Caused by: java.io.IOException: HTTP/1.1 header parser received no bytes
	at java.net.http/jdk.internal.net.http.common.Utils.wrapWithExtraDetail(Utils.java:348) ~[java.net.http:?]
	at java.net.http/jdk.internal.net.http.Http1Response$HeadersReader.onReadError(Http1Response.java:675) ~[java.net.http:?]
	at java.net.http/jdk.internal.net.http.Http1AsyncReceiver.checkForErrors(Http1AsyncReceiver.java:302) ~[java.net.http:?]
	at java.net.http/jdk.internal.net.http.Http1AsyncReceiver.flush(Http1AsyncReceiver.java:268) ~[java.net.http:?]
	at java.net.http/jdk.internal.net.http.common.SequentialScheduler$LockingRestartableTask.run(SequentialScheduler.java:205) ~[java.net.http:?]
	at java.net.http/jdk.internal.net.http.common.SequentialScheduler$CompleteRestartableTask.run(SequentialScheduler.java:149) ~[java.net.http:?]
	at java.net.http/jdk.internal.net.http.common.SequentialScheduler$SchedulableTask.run(SequentialScheduler.java:230) ~[java.net.http:?]
	at java.base/java.util.concurrent.ThreadPoolExecutor.runWorker(ThreadPoolExecutor.java:1136) ~[?:?]
	at java.base/java.util.concurrent.ThreadPoolExecutor$Worker.run(ThreadPoolExecutor.java:635) ~[?:?]
	at java.base/java.lang.Thread.run(Thread.java:840) ~[?:?]
Caused by: java.io.EOFException: EOF reached while reading
	at java.net.http/jdk.internal.net.http.Http1AsyncReceiver$Http1TubeSubscriber.onComplete(Http1AsyncReceiver.java:596) ~[java.net.http:?]
	at java.net.http/jdk.internal.net.http.SocketTube$InternalReadPublisher$ReadSubscription.signalCompletion(SocketTube.java:640) ~[java.net.http:?]
	at java.net.http/jdk.internal.net.http.SocketTube$InternalReadPublisher$InternalReadSubscription.read(SocketTube.java:845) ~[java.net.http:?]
	at java.net.http/jdk.internal.net.http.SocketTube$SocketFlowTask.run(SocketTube.java:181) ~[java.net.http:?]
	at java.net.http/jdk.internal.net.http.common.SequentialScheduler$SchedulableTask.run(SequentialScheduler.java:230) ~[java.net.http:?]
	at java.net.http/jdk.internal.net.http.common.SequentialScheduler.runOrSchedule(SequentialScheduler.java:303) ~[java.net.http:?]
	at java.net.http/jdk.internal.net.http.common.SequentialScheduler.runOrSchedule(SequentialScheduler.java:256) ~[java.net.http:?]
	at java.net.http/jdk.internal.net.http.SocketTube$InternalReadPublisher$InternalReadSubscription.signalReadable(SocketTube.java:774) ~[java.net.http:?]
	at java.net.http/jdk.internal.net.http.SocketTube$InternalReadPublisher$ReadEvent.signalEvent(SocketTube.java:957) ~[java.net.http:?]
	at java.net.http/jdk.internal.net.http.SocketTube$SocketFlowEvent.handle(SocketTube.java:253) ~[java.net.http:?]
	at java.net.http/jdk.internal.net.http.HttpClientImpl$SelectorManager.handleEvent(HttpClientImpl.java:984) ~[java.net.http:?]
	at java.net.http/jdk.internal.net.http.HttpClientImpl$SelectorManager.lambda$run$3(HttpClientImpl.java:939) ~[java.net.http:?]
	at java.base/java.util.ArrayList.forEach(ArrayList.java:1511) ~[?:?]
	at java.net.http/jdk.internal.net.http.HttpClientImpl$SelectorManager.run(HttpClientImpl.java:939) ~[java.net.http:?]
2025-09-21 17:23:23.278 [main] INFO  com.automation.utils.ExcelReader - Excel dosyası kapatıldı
2025-09-21 17:23:23.278 [main] INFO  com.automation.base.BaseTest - Test sonlandırılıyor...
2025-09-21 17:23:42.511 [main] INFO  com.automation.base.BaseTest - Test başlatılıyor...
2025-09-21 17:23:44.794 [main] INFO  com.automation.utils.ExcelReader - Excel dosyası başarıyla açıldı: src/test/resources/test-data.xlsx | Sheet: SearchTerms
2025-09-21 17:23:44.795 [main] INFO  com.automation.utils.FileWriterUtil - Yeni dosya oluşturuldu: product-info.txt
2025-09-21 17:23:44.795 [main] INFO  com.automation.pages.ZaraHomePage - Zara websitesine gidiliyor...
2025-09-21 17:23:47.918 [main] INFO  com.automation.base.BaseTest - Zara sitesi açıldı
2025-09-21 17:23:47.918 [main] INFO  com.automation.pages.ZaraHomePage - Çerezler reddediliyor...
2025-09-21 17:23:47.984 [main] DEBUG com.automation.pages.BasePage - Element tıklandı: [[ChromeDriver: chrome on mac (940fa426628e642ad35bdcd51decfd1a)] -> css selector: #onetrust-reject-all-handler]
2025-09-21 17:23:47.984 [main] INFO  com.automation.pages.ZaraHomePage - Login linki tıklanıyor...
2025-09-21 17:24:00.063 [main] DEBUG com.automation.pages.BasePage - Element tıklandı: Proxy element for: DefaultElementLocator 'By.xpath: //a[contains(text(),'GİRİŞ YAP')]'
2025-09-21 17:24:00.064 [main] INFO  com.automation.pages.ZaraLoginPage - Eposta adresi yazılıyor...
2025-09-21 17:24:00.221 [main] DEBUG com.automation.pages.BasePage - Text gönderildi: nurigambl@gmail.com - Element: [[ChromeDriver: chrome on mac (940fa426628e642ad35bdcd51decfd1a)] -> xpath: //input[@id='zds-:r5:']]
2025-09-21 17:24:00.222 [main] INFO  com.automation.pages.ZaraLoginPage - Password yazılıyor...
2025-09-21 17:24:00.313 [main] DEBUG com.automation.pages.BasePage - Text gönderildi: Nurilhuda@56 - Element: [[ChromeDriver: chrome on mac (940fa426628e642ad35bdcd51decfd1a)] -> xpath: //input[@id='zds-:r8:']]
2025-09-21 17:24:00.313 [main] INFO  com.automation.pages.ZaraLoginPage - Giriş yap tıklanıyor...
2025-09-21 17:24:00.377 [main] DEBUG com.automation.pages.BasePage - Element tıklandı: [[ChromeDriver: chrome on mac (940fa426628e642ad35bdcd51decfd1a)] -> css selector: button[role='button']]
2025-09-21 17:24:00.377 [main] INFO  com.automation.pages.ZaraLoginPage - Anasayfaya dönülüyor...
2025-09-21 17:24:02.598 [main] DEBUG com.automation.pages.BasePage - Element tıklandı: [[ChromeDriver: chrome on mac (940fa426628e642ad35bdcd51decfd1a)] -> css selector: div[class='layout-header-logo layout-header-std__logo layout-customer-base-header__logo'] a[aria-label='Ana sayfaya git'] svg path]
2025-09-21 17:24:12.602 [main] INFO  com.automation.pages.ZaraHomePage - Menu açılıyor...
2025-09-21 17:24:22.790 [main] DEBUG com.automation.pages.BasePage - Element tıklandı: Proxy element for: DefaultElementLocator 'By.cssSelector: button[aria-label='Menüyü aç']'
2025-09-21 17:24:24.792 [main] INFO  com.automation.pages.ZaraHomePage - Erkek menüsü tıklanıyor...
2025-09-21 17:24:24.973 [main] DEBUG com.automation.pages.BasePage - Element tıklandı: [[ChromeDriver: chrome on mac (940fa426628e642ad35bdcd51decfd1a)] -> xpath: (//span[@class='layout-categories-category-name'][normalize-space()='ERKEK'])[1]]
2025-09-21 17:24:26.979 [main] INFO  com.automation.pages.ZaraHomePage - Tümünü gör butonuna tıklanıyor...
2025-09-21 17:24:27.126 [main] DEBUG com.automation.pages.BasePage - Element tıklandı: [[ChromeDriver: chrome on mac (940fa426628e642ad35bdcd51decfd1a)] -> xpath: //span[normalize-space()='TÜMÜNÜ GÖR']]
2025-09-21 17:24:27.126 [main] INFO  com.automation.base.BaseTest - Erkek kategorisine gidildi
2025-09-21 17:24:37.163 [main] DEBUG com.automation.utils.ExcelReader - Hücre verisi okundu: Row=0, Column=0, Value=şort
2025-09-21 17:24:37.165 [main] DEBUG com.automation.utils.ExcelReader - Hücre verisi okundu: Row=1, Column=0, Value=gömlek
2025-09-21 17:24:37.165 [main] INFO  com.automation.base.BaseTest - İlk arama terimi: şort
2025-09-21 17:24:37.165 [main] INFO  com.automation.base.BaseTest - İkinci arama terimi: gömlek
2025-09-21 17:24:37.269 [main] DEBUG com.automation.pages.BasePage - Element tıklandı: [[ChromeDriver: chrome on mac (940fa426628e642ad35bdcd51decfd1a)] -> xpath: //span[@class='layout-header-action-search__content']]
2025-09-21 17:24:40.275 [main] INFO  com.automation.pages.ZaraHomePage - Ürün aranıyor: şort
2025-09-21 17:24:40.417 [main] INFO  com.automation.pages.ZaraHomePage - Enter tuşuna basılıyor...
2025-09-21 17:24:43.487 [main] INFO  com.automation.pages.ZaraHomePage - Arama kutusu 2 temizleniyor...
2025-09-21 17:24:53.762 [main] DEBUG com.automation.pages.BasePage - Element tıklandı: Proxy element for: DefaultElementLocator 'By.cssSelector: .search-products-form__input-clear-icon'
2025-09-21 17:24:53.763 [main] INFO  com.automation.base.BaseTest - Arama kutusu temizlendi
2025-09-21 17:24:56.766 [main] INFO  com.automation.pages.ZaraHomePage - Ürün aranıyor: gömlek
2025-09-21 17:24:57.067 [main] INFO  com.automation.base.BaseTest - İkinci arama terimi: gömlek
2025-09-21 17:25:00.072 [main] INFO  com.automation.pages.ZaraHomePage - Enter tuşuna basılıyor...
2025-09-21 17:25:03.167 [main] INFO  com.automation.pages.ZaraProductPage - Rastgele ürün seçiliyor...
2025-09-21 17:25:03.296 [main] INFO  com.automation.pages.ZaraProductPage - Rastgele ürün seçildi: 32
2025-09-21 17:25:03.296 [main] INFO  com.automation.base.BaseTest - Rastgele ürün seçildi
2025-09-21 17:25:03.297 [main] INFO  com.automation.pages.ZaraProductPage - Ürün bilgisi alınıyor...
2025-09-21 17:25:03.965 [main] DEBUG com.automation.pages.BasePage - Text alındı: EASY CARE DOKULU GÖMLEK
1.590,00 TL
KOYU HAKI | 7545/710/507
EKLE
Günlük kullanımda kolay bakım ve onarım sağlayan dokulu kumaştan üretilmiş gömlek.

Normal kesim. İtalyan yakalı ve manşetleri düğmeli uzun kollu. Önden düğme kapamalı.
ÜRÜN BOYUTLARI
MAĞAZADAKI STOK DURUMU
KARGO, DEĞIŞIM VE İADELER
2025-09-21 17:25:03.965 [main] INFO  com.automation.pages.ZaraProductPage - Ürün fiyatı alınıyor...
2025-09-21 17:25:03.987 [main] DEBUG com.automation.pages.BasePage - Text alındı: 1.590,00 TL
2025-09-21 17:25:03.988 [main] INFO  com.automation.utils.FileWriterUtil - Ürün bilgileri dosyaya yazıldı: product-info.txt
2025-09-21 17:25:03.988 [main] INFO  com.automation.base.BaseTest - Ürün bilgileri dosyaya yazıldı
2025-09-21 17:25:03.988 [main] INFO  com.automation.pages.ZaraProductPage - Ürün sepete ekleniyor...
2025-09-21 17:25:04.044 [main] DEBUG com.automation.pages.BasePage - Element tıklandı: [[ChromeDriver: chrome on mac (940fa426628e642ad35bdcd51decfd1a)] -> xpath: //div[@class='product-detail-cart-buttons__main-action']]
2025-09-21 17:25:04.099 [main] INFO  com.automation.pages.ZaraProductPage - Rastgele beden seçildi: 0
2025-09-21 17:25:08.105 [main] INFO  com.automation.base.BaseTest - Ürün sepete eklendi
2025-09-21 17:25:18.109 [main] INFO  com.automation.pages.ZaraHomePage - Alışveriş sepeti tıklanıyor...
2025-09-21 17:25:19.248 [main] ERROR com.automation.pages.BasePage - Element tıklanamadı: [[ChromeDriver: chrome on mac (940fa426628e642ad35bdcd51decfd1a)] -> css selector: li[class='layout-header-action layout-header-action--type-text'] span:nth-child(1)]
org.openqa.selenium.ElementClickInterceptedException: element click intercepted: Element <span>...</span> is not clickable at point (1355, 47). Other element would receive the click: <div aria-describedby="zds-450" aria-labelledby="zds-451" class="zds-dialog__wrapper zds-drawer__container zds-drawer--size-l add-to-cart-notification__container" role="dialog" style="transform: translateX(0%); opacity: 1;">...</div>
  (Session info: chrome=140.0.7339.133)
Build info: version: '4.15.0', revision: '1d14b5521b'
System info: os.name: 'Mac OS X', os.arch: 'aarch64', os.version: '15.5', java.version: '17.0.14'
Driver info: org.openqa.selenium.chrome.ChromeDriver
Command: [940fa426628e642ad35bdcd51decfd1a, clickElement {id=f.C27984672150C7CD027DBD5B4749D63B.d.8927E9BE47B2B9BB58339BB5508DA706.e.221}]
Capabilities {acceptInsecureCerts: false, browserName: chrome, browserVersion: 140.0.7339.133, chrome: {chromedriverVersion: 140.0.7339.185 (eeea00e459e..., userDataDir: /var/folders/ly/h8tl56p95jz...}, fedcm:accounts: true, goog:chromeOptions: {debuggerAddress: localhost:56014}, networkConnectionEnabled: false, pageLoadStrategy: normal, platformName: mac, proxy: Proxy(), se:cdp: ws://localhost:56014/devtoo..., se:cdpVersion: 140.0.7339.133, setWindowRect: true, strictFileInteractability: false, timeouts: {implicit: 0, pageLoad: 300000, script: 30000}, unhandledPromptBehavior: dismiss and notify, webauthn:extension:credBlob: true, webauthn:extension:largeBlob: true, webauthn:extension:minPinLength: true, webauthn:extension:prf: true, webauthn:virtualAuthenticators: true}
Element: [[ChromeDriver: chrome on mac (940fa426628e642ad35bdcd51decfd1a)] -> css selector: li[class='layout-header-action layout-header-action--type-text'] span:nth-child(1)]
Session ID: 940fa426628e642ad35bdcd51decfd1a
	at java.base/jdk.internal.reflect.NativeConstructorAccessorImpl.newInstance0(Native Method) ~[?:?]
	at java.base/jdk.internal.reflect.NativeConstructorAccessorImpl.newInstance(NativeConstructorAccessorImpl.java:77) ~[?:?]
	at java.base/jdk.internal.reflect.DelegatingConstructorAccessorImpl.newInstance(DelegatingConstructorAccessorImpl.java:45) ~[?:?]
	at java.base/java.lang.reflect.Constructor.newInstanceWithCaller(Constructor.java:500) ~[?:?]
	at java.base/java.lang.reflect.Constructor.newInstance(Constructor.java:481) ~[?:?]
	at org.openqa.selenium.remote.codec.w3c.W3CHttpResponseCodec.createException(W3CHttpResponseCodec.java:200) ~[selenium-remote-driver-4.15.0.jar:?]
	at org.openqa.selenium.remote.codec.w3c.W3CHttpResponseCodec.decode(W3CHttpResponseCodec.java:133) ~[selenium-remote-driver-4.15.0.jar:?]
	at org.openqa.selenium.remote.codec.w3c.W3CHttpResponseCodec.decode(W3CHttpResponseCodec.java:52) ~[selenium-remote-driver-4.15.0.jar:?]
	at org.openqa.selenium.remote.HttpCommandExecutor.execute(HttpCommandExecutor.java:191) ~[selenium-remote-driver-4.15.0.jar:?]
	at org.openqa.selenium.remote.service.DriverCommandExecutor.invokeExecute(DriverCommandExecutor.java:200) ~[selenium-remote-driver-4.15.0.jar:?]
	at org.openqa.selenium.remote.service.DriverCommandExecutor.execute(DriverCommandExecutor.java:175) ~[selenium-remote-driver-4.15.0.jar:?]
	at org.openqa.selenium.remote.RemoteWebDriver.execute(RemoteWebDriver.java:607) ~[selenium-remote-driver-4.15.0.jar:?]
	at org.openqa.selenium.remote.RemoteWebElement.execute(RemoteWebElement.java:224) ~[selenium-remote-driver-4.15.0.jar:?]
	at org.openqa.selenium.remote.RemoteWebElement.click(RemoteWebElement.java:77) ~[selenium-remote-driver-4.15.0.jar:?]
	at java.base/jdk.internal.reflect.NativeMethodAccessorImpl.invoke0(Native Method) ~[?:?]
	at java.base/jdk.internal.reflect.NativeMethodAccessorImpl.invoke(NativeMethodAccessorImpl.java:77) ~[?:?]
	at java.base/jdk.internal.reflect.DelegatingMethodAccessorImpl.invoke(DelegatingMethodAccessorImpl.java:43) ~[?:?]
	at java.base/java.lang.reflect.Method.invoke(Method.java:569) ~[?:?]
	at org.openqa.selenium.support.pagefactory.internal.LocatingElementHandler.invoke(LocatingElementHandler.java:51) ~[selenium-support-4.15.0.jar:?]
	at jdk.proxy2/jdk.proxy2.$Proxy25.click(Unknown Source) ~[?:?]
	at com.automation.pages.BasePage.waitAndClick(BasePage.java:32) [classes/:?]
	at com.automation.pages.ZaraHomePage.clickShoppingBag(ZaraHomePage.java:130) [classes/:?]
	at org.automation.tests.ZaraWebTest.testZaraEcommerceFlow(ZaraWebTest.java:98) [test-classes/:?]
	at java.base/jdk.internal.reflect.NativeMethodAccessorImpl.invoke0(Native Method) ~[?:?]
	at java.base/jdk.internal.reflect.NativeMethodAccessorImpl.invoke(NativeMethodAccessorImpl.java:77) ~[?:?]
	at java.base/jdk.internal.reflect.DelegatingMethodAccessorImpl.invoke(DelegatingMethodAccessorImpl.java:43) ~[?:?]
	at java.base/java.lang.reflect.Method.invoke(Method.java:569) ~[?:?]
	at org.junit.runners.model.FrameworkMethod$1.runReflectiveCall(FrameworkMethod.java:59) [junit-4.13.2.jar:4.13.2]
	at org.junit.internal.runners.model.ReflectiveCallable.run(ReflectiveCallable.java:12) [junit-4.13.2.jar:4.13.2]
	at org.junit.runners.model.FrameworkMethod.invokeExplosively(FrameworkMethod.java:56) [junit-4.13.2.jar:4.13.2]
	at org.junit.internal.runners.statements.InvokeMethod.evaluate(InvokeMethod.java:17) [junit-4.13.2.jar:4.13.2]
	at org.junit.internal.runners.statements.RunBefores.evaluate(RunBefores.java:26) [junit-4.13.2.jar:4.13.2]
	at org.junit.internal.runners.statements.RunAfters.evaluate(RunAfters.java:27) [junit-4.13.2.jar:4.13.2]
	at org.junit.runners.ParentRunner$3.evaluate(ParentRunner.java:306) [junit-4.13.2.jar:4.13.2]
	at org.junit.runners.BlockJUnit4ClassRunner$1.evaluate(BlockJUnit4ClassRunner.java:100) [junit-4.13.2.jar:4.13.2]
	at org.junit.runners.ParentRunner.runLeaf(ParentRunner.java:366) [junit-4.13.2.jar:4.13.2]
	at org.junit.runners.BlockJUnit4ClassRunner.runChild(BlockJUnit4ClassRunner.java:103) [junit-4.13.2.jar:4.13.2]
	at org.junit.runners.BlockJUnit4ClassRunner.runChild(BlockJUnit4ClassRunner.java:63) [junit-4.13.2.jar:4.13.2]
	at org.junit.runners.ParentRunner$4.run(ParentRunner.java:331) [junit-4.13.2.jar:4.13.2]
	at org.junit.runners.ParentRunner$1.schedule(ParentRunner.java:79) [junit-4.13.2.jar:4.13.2]
	at org.junit.runners.ParentRunner.runChildren(ParentRunner.java:329) [junit-4.13.2.jar:4.13.2]
	at org.junit.runners.ParentRunner.access$100(ParentRunner.java:66) [junit-4.13.2.jar:4.13.2]
	at org.junit.runners.ParentRunner$2.evaluate(ParentRunner.java:293) [junit-4.13.2.jar:4.13.2]
	at org.junit.runners.ParentRunner$3.evaluate(ParentRunner.java:306) [junit-4.13.2.jar:4.13.2]
	at org.junit.runners.ParentRunner.run(ParentRunner.java:413) [junit-4.13.2.jar:4.13.2]
	at org.junit.runner.JUnitCore.run(JUnitCore.java:137) [junit-4.13.2.jar:4.13.2]
	at com.intellij.junit4.JUnit4IdeaTestRunner.startRunnerWithArgs(JUnit4IdeaTestRunner.java:69) [junit-rt.jar:?]
	at com.intellij.rt.junit.IdeaTestRunner$Repeater$1.execute(IdeaTestRunner.java:38) [junit-rt.jar:?]
	at com.intellij.rt.execution.junit.TestsRepeater.repeat(TestsRepeater.java:11) [idea_rt.jar:?]
	at com.intellij.rt.junit.IdeaTestRunner$Repeater.startRunnerWithArgs(IdeaTestRunner.java:35) [junit-rt.jar:?]
	at com.intellij.rt.junit.JUnitStarter.prepareStreamsAndStart(JUnitStarter.java:232) [junit-rt.jar:?]
	at com.intellij.rt.junit.JUnitStarter.main(JUnitStarter.java:55) [junit-rt.jar:?]
2025-09-21 17:25:19.262 [main] ERROR com.automation.base.BaseTest - Test sırasında hata oluştu
org.openqa.selenium.ElementClickInterceptedException: element click intercepted: Element <span>...</span> is not clickable at point (1355, 47). Other element would receive the click: <div aria-describedby="zds-450" aria-labelledby="zds-451" class="zds-dialog__wrapper zds-drawer__container zds-drawer--size-l add-to-cart-notification__container" role="dialog" style="transform: translateX(0%); opacity: 1;">...</div>
  (Session info: chrome=140.0.7339.133)
Build info: version: '4.15.0', revision: '1d14b5521b'
System info: os.name: 'Mac OS X', os.arch: 'aarch64', os.version: '15.5', java.version: '17.0.14'
Driver info: org.openqa.selenium.chrome.ChromeDriver
Command: [940fa426628e642ad35bdcd51decfd1a, clickElement {id=f.C27984672150C7CD027DBD5B4749D63B.d.8927E9BE47B2B9BB58339BB5508DA706.e.221}]
Capabilities {acceptInsecureCerts: false, browserName: chrome, browserVersion: 140.0.7339.133, chrome: {chromedriverVersion: 140.0.7339.185 (eeea00e459e..., userDataDir: /var/folders/ly/h8tl56p95jz...}, fedcm:accounts: true, goog:chromeOptions: {debuggerAddress: localhost:56014}, networkConnectionEnabled: false, pageLoadStrategy: normal, platformName: mac, proxy: Proxy(), se:cdp: ws://localhost:56014/devtoo..., se:cdpVersion: 140.0.7339.133, setWindowRect: true, strictFileInteractability: false, timeouts: {implicit: 0, pageLoad: 300000, script: 30000}, unhandledPromptBehavior: dismiss and notify, webauthn:extension:credBlob: true, webauthn:extension:largeBlob: true, webauthn:extension:minPinLength: true, webauthn:extension:prf: true, webauthn:virtualAuthenticators: true}
Element: [[ChromeDriver: chrome on mac (940fa426628e642ad35bdcd51decfd1a)] -> css selector: li[class='layout-header-action layout-header-action--type-text'] span:nth-child(1)]
Session ID: 940fa426628e642ad35bdcd51decfd1a
	at java.base/jdk.internal.reflect.NativeConstructorAccessorImpl.newInstance0(Native Method) ~[?:?]
	at java.base/jdk.internal.reflect.NativeConstructorAccessorImpl.newInstance(NativeConstructorAccessorImpl.java:77) ~[?:?]
	at java.base/jdk.internal.reflect.DelegatingConstructorAccessorImpl.newInstance(DelegatingConstructorAccessorImpl.java:45) ~[?:?]
	at java.base/java.lang.reflect.Constructor.newInstanceWithCaller(Constructor.java:500) ~[?:?]
	at java.base/java.lang.reflect.Constructor.newInstance(Constructor.java:481) ~[?:?]
	at org.openqa.selenium.remote.codec.w3c.W3CHttpResponseCodec.createException(W3CHttpResponseCodec.java:200) ~[selenium-remote-driver-4.15.0.jar:?]
	at org.openqa.selenium.remote.codec.w3c.W3CHttpResponseCodec.decode(W3CHttpResponseCodec.java:133) ~[selenium-remote-driver-4.15.0.jar:?]
	at org.openqa.selenium.remote.codec.w3c.W3CHttpResponseCodec.decode(W3CHttpResponseCodec.java:52) ~[selenium-remote-driver-4.15.0.jar:?]
	at org.openqa.selenium.remote.HttpCommandExecutor.execute(HttpCommandExecutor.java:191) ~[selenium-remote-driver-4.15.0.jar:?]
	at org.openqa.selenium.remote.service.DriverCommandExecutor.invokeExecute(DriverCommandExecutor.java:200) ~[selenium-remote-driver-4.15.0.jar:?]
	at org.openqa.selenium.remote.service.DriverCommandExecutor.execute(DriverCommandExecutor.java:175) ~[selenium-remote-driver-4.15.0.jar:?]
	at org.openqa.selenium.remote.RemoteWebDriver.execute(RemoteWebDriver.java:607) ~[selenium-remote-driver-4.15.0.jar:?]
	at org.openqa.selenium.remote.RemoteWebElement.execute(RemoteWebElement.java:224) ~[selenium-remote-driver-4.15.0.jar:?]
	at org.openqa.selenium.remote.RemoteWebElement.click(RemoteWebElement.java:77) ~[selenium-remote-driver-4.15.0.jar:?]
	at java.base/jdk.internal.reflect.NativeMethodAccessorImpl.invoke0(Native Method) ~[?:?]
	at java.base/jdk.internal.reflect.NativeMethodAccessorImpl.invoke(NativeMethodAccessorImpl.java:77) ~[?:?]
	at java.base/jdk.internal.reflect.DelegatingMethodAccessorImpl.invoke(DelegatingMethodAccessorImpl.java:43) ~[?:?]
	at java.base/java.lang.reflect.Method.invoke(Method.java:569) ~[?:?]
	at org.openqa.selenium.support.pagefactory.internal.LocatingElementHandler.invoke(LocatingElementHandler.java:51) ~[selenium-support-4.15.0.jar:?]
	at jdk.proxy2/jdk.proxy2.$Proxy25.click(Unknown Source) ~[?:?]
	at com.automation.pages.BasePage.waitAndClick(BasePage.java:32) ~[classes/:?]
	at com.automation.pages.ZaraHomePage.clickShoppingBag(ZaraHomePage.java:130) ~[classes/:?]
	at org.automation.tests.ZaraWebTest.testZaraEcommerceFlow(ZaraWebTest.java:98) [test-classes/:?]
	at java.base/jdk.internal.reflect.NativeMethodAccessorImpl.invoke0(Native Method) ~[?:?]
	at java.base/jdk.internal.reflect.NativeMethodAccessorImpl.invoke(NativeMethodAccessorImpl.java:77) ~[?:?]
	at java.base/jdk.internal.reflect.DelegatingMethodAccessorImpl.invoke(DelegatingMethodAccessorImpl.java:43) ~[?:?]
	at java.base/java.lang.reflect.Method.invoke(Method.java:569) ~[?:?]
	at org.junit.runners.model.FrameworkMethod$1.runReflectiveCall(FrameworkMethod.java:59) [junit-4.13.2.jar:4.13.2]
	at org.junit.internal.runners.model.ReflectiveCallable.run(ReflectiveCallable.java:12) [junit-4.13.2.jar:4.13.2]
	at org.junit.runners.model.FrameworkMethod.invokeExplosively(FrameworkMethod.java:56) [junit-4.13.2.jar:4.13.2]
	at org.junit.internal.runners.statements.InvokeMethod.evaluate(InvokeMethod.java:17) [junit-4.13.2.jar:4.13.2]
	at org.junit.internal.runners.statements.RunBefores.evaluate(RunBefores.java:26) [junit-4.13.2.jar:4.13.2]
	at org.junit.internal.runners.statements.RunAfters.evaluate(RunAfters.java:27) [junit-4.13.2.jar:4.13.2]
	at org.junit.runners.ParentRunner$3.evaluate(ParentRunner.java:306) [junit-4.13.2.jar:4.13.2]
	at org.junit.runners.BlockJUnit4ClassRunner$1.evaluate(BlockJUnit4ClassRunner.java:100) [junit-4.13.2.jar:4.13.2]
	at org.junit.runners.ParentRunner.runLeaf(ParentRunner.java:366) [junit-4.13.2.jar:4.13.2]
	at org.junit.runners.BlockJUnit4ClassRunner.runChild(BlockJUnit4ClassRunner.java:103) [junit-4.13.2.jar:4.13.2]
	at org.junit.runners.BlockJUnit4ClassRunner.runChild(BlockJUnit4ClassRunner.java:63) [junit-4.13.2.jar:4.13.2]
	at org.junit.runners.ParentRunner$4.run(ParentRunner.java:331) [junit-4.13.2.jar:4.13.2]
	at org.junit.runners.ParentRunner$1.schedule(ParentRunner.java:79) [junit-4.13.2.jar:4.13.2]
	at org.junit.runners.ParentRunner.runChildren(ParentRunner.java:329) [junit-4.13.2.jar:4.13.2]
	at org.junit.runners.ParentRunner.access$100(ParentRunner.java:66) [junit-4.13.2.jar:4.13.2]
	at org.junit.runners.ParentRunner$2.evaluate(ParentRunner.java:293) [junit-4.13.2.jar:4.13.2]
	at org.junit.runners.ParentRunner$3.evaluate(ParentRunner.java:306) [junit-4.13.2.jar:4.13.2]
	at org.junit.runners.ParentRunner.run(ParentRunner.java:413) [junit-4.13.2.jar:4.13.2]
	at org.junit.runner.JUnitCore.run(JUnitCore.java:137) [junit-4.13.2.jar:4.13.2]
	at com.intellij.junit4.JUnit4IdeaTestRunner.startRunnerWithArgs(JUnit4IdeaTestRunner.java:69) [junit-rt.jar:?]
	at com.intellij.rt.junit.IdeaTestRunner$Repeater$1.execute(IdeaTestRunner.java:38) [junit-rt.jar:?]
	at com.intellij.rt.execution.junit.TestsRepeater.repeat(TestsRepeater.java:11) [idea_rt.jar:?]
	at com.intellij.rt.junit.IdeaTestRunner$Repeater.startRunnerWithArgs(IdeaTestRunner.java:35) [junit-rt.jar:?]
	at com.intellij.rt.junit.JUnitStarter.prepareStreamsAndStart(JUnitStarter.java:232) [junit-rt.jar:?]
	at com.intellij.rt.junit.JUnitStarter.main(JUnitStarter.java:55) [junit-rt.jar:?]
2025-09-21 17:25:19.271 [main] INFO  com.automation.utils.ExcelReader - Excel dosyası kapatıldı
2025-09-21 17:25:19.271 [main] INFO  com.automation.base.BaseTest - Test sonlandırılıyor...
2025-09-21 17:28:17.080 [main] INFO  com.automation.base.BaseTest - Test başlatılıyor...
2025-09-21 17:28:19.274 [main] INFO  com.automation.utils.ExcelReader - Excel dosyası başarıyla açıldı: src/test/resources/test-data.xlsx | Sheet: SearchTerms
2025-09-21 17:28:19.275 [main] INFO  com.automation.utils.FileWriterUtil - Yeni dosya oluşturuldu: product-info.txt
2025-09-21 17:28:19.275 [main] INFO  com.automation.pages.ZaraHomePage - Zara websitesine gidiliyor...
2025-09-21 17:28:22.446 [main] INFO  com.automation.base.BaseTest - Zara sitesi açıldı
2025-09-21 17:28:22.446 [main] INFO  com.automation.pages.ZaraHomePage - Çerezler reddediliyor...
2025-09-21 17:28:22.513 [main] DEBUG com.automation.pages.BasePage - Element tıklandı: [[ChromeDriver: chrome on mac (c60be5add6348c031822f09f22513727)] -> css selector: #onetrust-reject-all-handler]
2025-09-21 17:28:22.513 [main] INFO  com.automation.pages.ZaraHomePage - Login linki tıklanıyor...
2025-09-21 17:28:34.906 [main] DEBUG com.automation.pages.BasePage - Element tıklandı: Proxy element for: DefaultElementLocator 'By.xpath: //a[contains(text(),'GİRİŞ YAP')]'
2025-09-21 17:28:34.907 [main] INFO  com.automation.pages.ZaraLoginPage - Eposta adresi yazılıyor...
2025-09-21 17:28:35.065 [main] DEBUG com.automation.pages.BasePage - Text gönderildi: nurigambl@gmail.com - Element: [[ChromeDriver: chrome on mac (c60be5add6348c031822f09f22513727)] -> xpath: //input[@id='zds-:r5:']]
2025-09-21 17:28:35.065 [main] INFO  com.automation.pages.ZaraLoginPage - Password yazılıyor...
2025-09-21 17:28:35.155 [main] DEBUG com.automation.pages.BasePage - Text gönderildi: Nurilhuda@56 - Element: [[ChromeDriver: chrome on mac (c60be5add6348c031822f09f22513727)] -> xpath: //input[@id='zds-:r8:']]
2025-09-21 17:28:35.155 [main] INFO  com.automation.pages.ZaraLoginPage - Giriş yap tıklanıyor...
2025-09-21 17:28:35.219 [main] DEBUG com.automation.pages.BasePage - Element tıklandı: [[ChromeDriver: chrome on mac (c60be5add6348c031822f09f22513727)] -> css selector: button[role='button']]
2025-09-21 17:28:35.219 [main] INFO  com.automation.pages.ZaraLoginPage - Anasayfaya dönülüyor...
2025-09-21 17:28:37.358 [main] DEBUG com.automation.pages.BasePage - Element tıklandı: [[ChromeDriver: chrome on mac (c60be5add6348c031822f09f22513727)] -> css selector: div[class='layout-header-logo layout-header-std__logo layout-customer-base-header__logo'] a[aria-label='Ana sayfaya git'] svg path]
2025-09-21 17:28:47.364 [main] INFO  com.automation.pages.ZaraHomePage - Menu açılıyor...
2025-09-21 17:28:57.589 [main] DEBUG com.automation.pages.BasePage - Element tıklandı: Proxy element for: DefaultElementLocator 'By.cssSelector: button[aria-label='Menüyü aç']'
2025-09-21 17:28:59.595 [main] INFO  com.automation.pages.ZaraHomePage - Erkek menüsü tıklanıyor...
2025-09-21 17:28:59.777 [main] DEBUG com.automation.pages.BasePage - Element tıklandı: [[ChromeDriver: chrome on mac (c60be5add6348c031822f09f22513727)] -> xpath: (//span[@class='layout-categories-category-name'][normalize-space()='ERKEK'])[1]]
2025-09-21 17:29:01.782 [main] INFO  com.automation.pages.ZaraHomePage - Tümünü gör butonuna tıklanıyor...
2025-09-21 17:29:01.918 [main] DEBUG com.automation.pages.BasePage - Element tıklandı: [[ChromeDriver: chrome on mac (c60be5add6348c031822f09f22513727)] -> xpath: //span[normalize-space()='TÜMÜNÜ GÖR']]
2025-09-21 17:29:01.918 [main] INFO  com.automation.base.BaseTest - Erkek kategorisine gidildi
2025-09-21 17:29:11.962 [main] DEBUG com.automation.utils.ExcelReader - Hücre verisi okundu: Row=0, Column=0, Value=şort
2025-09-21 17:29:11.963 [main] DEBUG com.automation.utils.ExcelReader - Hücre verisi okundu: Row=1, Column=0, Value=gömlek
2025-09-21 17:29:11.964 [main] INFO  com.automation.base.BaseTest - İlk arama terimi: şort
2025-09-21 17:29:11.964 [main] INFO  com.automation.base.BaseTest - İkinci arama terimi: gömlek
2025-09-21 17:29:12.069 [main] DEBUG com.automation.pages.BasePage - Element tıklandı: [[ChromeDriver: chrome on mac (c60be5add6348c031822f09f22513727)] -> xpath: //span[@class='layout-header-action-search__content']]
2025-09-21 17:29:15.073 [main] INFO  com.automation.pages.ZaraHomePage - Ürün aranıyor: şort
2025-09-21 17:29:15.177 [main] INFO  com.automation.pages.ZaraHomePage - Enter tuşuna basılıyor...
2025-09-21 17:29:18.220 [main] INFO  com.automation.pages.ZaraHomePage - Arama kutusu 2 temizleniyor...
2025-09-21 17:29:28.540 [main] DEBUG com.automation.pages.BasePage - Element tıklandı: Proxy element for: DefaultElementLocator 'By.cssSelector: .search-products-form__input-clear-icon'
2025-09-21 17:29:28.542 [main] INFO  com.automation.base.BaseTest - Arama kutusu temizlendi
2025-09-21 17:29:31.550 [main] INFO  com.automation.pages.ZaraHomePage - Ürün aranıyor: gömlek
2025-09-21 17:29:31.846 [main] INFO  com.automation.base.BaseTest - İkinci arama terimi: gömlek
2025-09-21 17:29:34.852 [main] INFO  com.automation.pages.ZaraHomePage - Enter tuşuna basılıyor...
2025-09-21 17:29:37.941 [main] INFO  com.automation.pages.ZaraProductPage - Rastgele ürün seçiliyor...
2025-09-21 17:29:38.067 [main] INFO  com.automation.pages.ZaraProductPage - Rastgele ürün seçildi: 24
2025-09-21 17:29:38.067 [main] INFO  com.automation.base.BaseTest - Rastgele ürün seçildi
2025-09-21 17:29:38.067 [main] INFO  com.automation.pages.ZaraProductPage - Ürün bilgisi alınıyor...
2025-09-21 17:29:38.975 [main] DEBUG com.automation.pages.BasePage - Text alındı: PAMUKLU KETEN GÖMLEK
2025-09-21 17:29:38.975 [main] INFO  com.automation.pages.ZaraProductPage - Ürün fiyatı alınıyor...
2025-09-21 17:29:38.993 [main] DEBUG com.automation.pages.BasePage - Text alındı: 1.790,00 TL
2025-09-21 17:29:38.994 [main] INFO  com.automation.utils.FileWriterUtil - Ürün bilgileri dosyaya yazıldı: product-info.txt
2025-09-21 17:29:38.994 [main] INFO  com.automation.base.BaseTest - Ürün bilgileri dosyaya yazıldı
2025-09-21 17:29:38.995 [main] INFO  com.automation.pages.ZaraProductPage - Ürün sepete ekleniyor...
2025-09-21 17:29:39.047 [main] DEBUG com.automation.pages.BasePage - Element tıklandı: [[ChromeDriver: chrome on mac (c60be5add6348c031822f09f22513727)] -> xpath: //div[@class='product-detail-cart-buttons__main-action']]
2025-09-21 17:29:39.085 [main] INFO  com.automation.pages.ZaraProductPage - Rastgele beden seçildi: 4
2025-09-21 17:29:43.091 [main] INFO  com.automation.base.BaseTest - Ürün sepete eklendi
2025-09-21 17:29:53.100 [main] INFO  com.automation.pages.ZaraHomePage - Alışveriş sepeti tıklanıyor...
2025-09-21 17:29:54.227 [main] ERROR com.automation.pages.BasePage - Element tıklanamadı: [[ChromeDriver: chrome on mac (c60be5add6348c031822f09f22513727)] -> css selector: li[class='layout-header-action layout-header-action--type-text'] span:nth-child(1)]
org.openqa.selenium.ElementClickInterceptedException: element click intercepted: Element <span>...</span> is not clickable at point (1355, 47). Other element would receive the click: <div aria-describedby="zds-494" aria-labelledby="zds-495" class="zds-dialog__wrapper zds-drawer__container zds-drawer--size-l add-to-cart-notification__container" role="dialog" style="transform: translateX(0%); opacity: 1;">...</div>
  (Session info: chrome=140.0.7339.133)
Build info: version: '4.15.0', revision: '1d14b5521b'
System info: os.name: 'Mac OS X', os.arch: 'aarch64', os.version: '15.5', java.version: '17.0.14'
Driver info: org.openqa.selenium.chrome.ChromeDriver
Command: [c60be5add6348c031822f09f22513727, clickElement {id=f.BEDC87248BBE621C5377EA30093E9935.d.6384D19EEE140AC1D9F4F984FBFA21E5.e.223}]
Capabilities {acceptInsecureCerts: false, browserName: chrome, browserVersion: 140.0.7339.133, chrome: {chromedriverVersion: 140.0.7339.185 (eeea00e459e..., userDataDir: /var/folders/ly/h8tl56p95jz...}, fedcm:accounts: true, goog:chromeOptions: {debuggerAddress: localhost:56088}, networkConnectionEnabled: false, pageLoadStrategy: normal, platformName: mac, proxy: Proxy(), se:cdp: ws://localhost:56088/devtoo..., se:cdpVersion: 140.0.7339.133, setWindowRect: true, strictFileInteractability: false, timeouts: {implicit: 0, pageLoad: 300000, script: 30000}, unhandledPromptBehavior: dismiss and notify, webauthn:extension:credBlob: true, webauthn:extension:largeBlob: true, webauthn:extension:minPinLength: true, webauthn:extension:prf: true, webauthn:virtualAuthenticators: true}
Element: [[ChromeDriver: chrome on mac (c60be5add6348c031822f09f22513727)] -> css selector: li[class='layout-header-action layout-header-action--type-text'] span:nth-child(1)]
Session ID: c60be5add6348c031822f09f22513727
	at java.base/jdk.internal.reflect.NativeConstructorAccessorImpl.newInstance0(Native Method) ~[?:?]
	at java.base/jdk.internal.reflect.NativeConstructorAccessorImpl.newInstance(NativeConstructorAccessorImpl.java:77) ~[?:?]
	at java.base/jdk.internal.reflect.DelegatingConstructorAccessorImpl.newInstance(DelegatingConstructorAccessorImpl.java:45) ~[?:?]
	at java.base/java.lang.reflect.Constructor.newInstanceWithCaller(Constructor.java:500) ~[?:?]
	at java.base/java.lang.reflect.Constructor.newInstance(Constructor.java:481) ~[?:?]
	at org.openqa.selenium.remote.codec.w3c.W3CHttpResponseCodec.createException(W3CHttpResponseCodec.java:200) ~[selenium-remote-driver-4.15.0.jar:?]
	at org.openqa.selenium.remote.codec.w3c.W3CHttpResponseCodec.decode(W3CHttpResponseCodec.java:133) ~[selenium-remote-driver-4.15.0.jar:?]
	at org.openqa.selenium.remote.codec.w3c.W3CHttpResponseCodec.decode(W3CHttpResponseCodec.java:52) ~[selenium-remote-driver-4.15.0.jar:?]
	at org.openqa.selenium.remote.HttpCommandExecutor.execute(HttpCommandExecutor.java:191) ~[selenium-remote-driver-4.15.0.jar:?]
	at org.openqa.selenium.remote.service.DriverCommandExecutor.invokeExecute(DriverCommandExecutor.java:200) ~[selenium-remote-driver-4.15.0.jar:?]
	at org.openqa.selenium.remote.service.DriverCommandExecutor.execute(DriverCommandExecutor.java:175) ~[selenium-remote-driver-4.15.0.jar:?]
	at org.openqa.selenium.remote.RemoteWebDriver.execute(RemoteWebDriver.java:607) ~[selenium-remote-driver-4.15.0.jar:?]
	at org.openqa.selenium.remote.RemoteWebElement.execute(RemoteWebElement.java:224) ~[selenium-remote-driver-4.15.0.jar:?]
	at org.openqa.selenium.remote.RemoteWebElement.click(RemoteWebElement.java:77) ~[selenium-remote-driver-4.15.0.jar:?]
	at java.base/jdk.internal.reflect.NativeMethodAccessorImpl.invoke0(Native Method) ~[?:?]
	at java.base/jdk.internal.reflect.NativeMethodAccessorImpl.invoke(NativeMethodAccessorImpl.java:77) ~[?:?]
	at java.base/jdk.internal.reflect.DelegatingMethodAccessorImpl.invoke(DelegatingMethodAccessorImpl.java:43) ~[?:?]
	at java.base/java.lang.reflect.Method.invoke(Method.java:569) ~[?:?]
	at org.openqa.selenium.support.pagefactory.internal.LocatingElementHandler.invoke(LocatingElementHandler.java:51) ~[selenium-support-4.15.0.jar:?]
	at jdk.proxy2/jdk.proxy2.$Proxy25.click(Unknown Source) ~[?:?]
	at com.automation.pages.BasePage.waitAndClick(BasePage.java:32) [classes/:?]
	at com.automation.pages.ZaraHomePage.clickShoppingBag(ZaraHomePage.java:130) [classes/:?]
	at org.automation.tests.ZaraWebTest.testZaraEcommerceFlow(ZaraWebTest.java:98) [test-classes/:?]
	at java.base/jdk.internal.reflect.NativeMethodAccessorImpl.invoke0(Native Method) ~[?:?]
	at java.base/jdk.internal.reflect.NativeMethodAccessorImpl.invoke(NativeMethodAccessorImpl.java:77) ~[?:?]
	at java.base/jdk.internal.reflect.DelegatingMethodAccessorImpl.invoke(DelegatingMethodAccessorImpl.java:43) ~[?:?]
	at java.base/java.lang.reflect.Method.invoke(Method.java:569) ~[?:?]
	at org.junit.runners.model.FrameworkMethod$1.runReflectiveCall(FrameworkMethod.java:59) [junit-4.13.2.jar:4.13.2]
	at org.junit.internal.runners.model.ReflectiveCallable.run(ReflectiveCallable.java:12) [junit-4.13.2.jar:4.13.2]
	at org.junit.runners.model.FrameworkMethod.invokeExplosively(FrameworkMethod.java:56) [junit-4.13.2.jar:4.13.2]
	at org.junit.internal.runners.statements.InvokeMethod.evaluate(InvokeMethod.java:17) [junit-4.13.2.jar:4.13.2]
	at org.junit.internal.runners.statements.RunBefores.evaluate(RunBefores.java:26) [junit-4.13.2.jar:4.13.2]
	at org.junit.internal.runners.statements.RunAfters.evaluate(RunAfters.java:27) [junit-4.13.2.jar:4.13.2]
	at org.junit.runners.ParentRunner$3.evaluate(ParentRunner.java:306) [junit-4.13.2.jar:4.13.2]
	at org.junit.runners.BlockJUnit4ClassRunner$1.evaluate(BlockJUnit4ClassRunner.java:100) [junit-4.13.2.jar:4.13.2]
	at org.junit.runners.ParentRunner.runLeaf(ParentRunner.java:366) [junit-4.13.2.jar:4.13.2]
	at org.junit.runners.BlockJUnit4ClassRunner.runChild(BlockJUnit4ClassRunner.java:103) [junit-4.13.2.jar:4.13.2]
	at org.junit.runners.BlockJUnit4ClassRunner.runChild(BlockJUnit4ClassRunner.java:63) [junit-4.13.2.jar:4.13.2]
	at org.junit.runners.ParentRunner$4.run(ParentRunner.java:331) [junit-4.13.2.jar:4.13.2]
	at org.junit.runners.ParentRunner$1.schedule(ParentRunner.java:79) [junit-4.13.2.jar:4.13.2]
	at org.junit.runners.ParentRunner.runChildren(ParentRunner.java:329) [junit-4.13.2.jar:4.13.2]
	at org.junit.runners.ParentRunner.access$100(ParentRunner.java:66) [junit-4.13.2.jar:4.13.2]
	at org.junit.runners.ParentRunner$2.evaluate(ParentRunner.java:293) [junit-4.13.2.jar:4.13.2]
	at org.junit.runners.ParentRunner$3.evaluate(ParentRunner.java:306) [junit-4.13.2.jar:4.13.2]
	at org.junit.runners.ParentRunner.run(ParentRunner.java:413) [junit-4.13.2.jar:4.13.2]
	at org.junit.runner.JUnitCore.run(JUnitCore.java:137) [junit-4.13.2.jar:4.13.2]
	at com.intellij.junit4.JUnit4IdeaTestRunner.startRunnerWithArgs(JUnit4IdeaTestRunner.java:69) [junit-rt.jar:?]
	at com.intellij.rt.junit.IdeaTestRunner$Repeater$1.execute(IdeaTestRunner.java:38) [junit-rt.jar:?]
	at com.intellij.rt.execution.junit.TestsRepeater.repeat(TestsRepeater.java:11) [idea_rt.jar:?]
	at com.intellij.rt.junit.IdeaTestRunner$Repeater.startRunnerWithArgs(IdeaTestRunner.java:35) [junit-rt.jar:?]
	at com.intellij.rt.junit.JUnitStarter.prepareStreamsAndStart(JUnitStarter.java:232) [junit-rt.jar:?]
	at com.intellij.rt.junit.JUnitStarter.main(JUnitStarter.java:55) [junit-rt.jar:?]
2025-09-21 17:29:54.244 [main] ERROR com.automation.base.BaseTest - Test sırasında hata oluştu
org.openqa.selenium.ElementClickInterceptedException: element click intercepted: Element <span>...</span> is not clickable at point (1355, 47). Other element would receive the click: <div aria-describedby="zds-494" aria-labelledby="zds-495" class="zds-dialog__wrapper zds-drawer__container zds-drawer--size-l add-to-cart-notification__container" role="dialog" style="transform: translateX(0%); opacity: 1;">...</div>
  (Session info: chrome=140.0.7339.133)
Build info: version: '4.15.0', revision: '1d14b5521b'
System info: os.name: 'Mac OS X', os.arch: 'aarch64', os.version: '15.5', java.version: '17.0.14'
Driver info: org.openqa.selenium.chrome.ChromeDriver
Command: [c60be5add6348c031822f09f22513727, clickElement {id=f.BEDC87248BBE621C5377EA30093E9935.d.6384D19EEE140AC1D9F4F984FBFA21E5.e.223}]
Capabilities {acceptInsecureCerts: false, browserName: chrome, browserVersion: 140.0.7339.133, chrome: {chromedriverVersion: 140.0.7339.185 (eeea00e459e..., userDataDir: /var/folders/ly/h8tl56p95jz...}, fedcm:accounts: true, goog:chromeOptions: {debuggerAddress: localhost:56088}, networkConnectionEnabled: false, pageLoadStrategy: normal, platformName: mac, proxy: Proxy(), se:cdp: ws://localhost:56088/devtoo..., se:cdpVersion: 140.0.7339.133, setWindowRect: true, strictFileInteractability: false, timeouts: {implicit: 0, pageLoad: 300000, script: 30000}, unhandledPromptBehavior: dismiss and notify, webauthn:extension:credBlob: true, webauthn:extension:largeBlob: true, webauthn:extension:minPinLength: true, webauthn:extension:prf: true, webauthn:virtualAuthenticators: true}
Element: [[ChromeDriver: chrome on mac (c60be5add6348c031822f09f22513727)] -> css selector: li[class='layout-header-action layout-header-action--type-text'] span:nth-child(1)]
Session ID: c60be5add6348c031822f09f22513727
	at java.base/jdk.internal.reflect.NativeConstructorAccessorImpl.newInstance0(Native Method) ~[?:?]
	at java.base/jdk.internal.reflect.NativeConstructorAccessorImpl.newInstance(NativeConstructorAccessorImpl.java:77) ~[?:?]
	at java.base/jdk.internal.reflect.DelegatingConstructorAccessorImpl.newInstance(DelegatingConstructorAccessorImpl.java:45) ~[?:?]
	at java.base/java.lang.reflect.Constructor.newInstanceWithCaller(Constructor.java:500) ~[?:?]
	at java.base/java.lang.reflect.Constructor.newInstance(Constructor.java:481) ~[?:?]
	at org.openqa.selenium.remote.codec.w3c.W3CHttpResponseCodec.createException(W3CHttpResponseCodec.java:200) ~[selenium-remote-driver-4.15.0.jar:?]
	at org.openqa.selenium.remote.codec.w3c.W3CHttpResponseCodec.decode(W3CHttpResponseCodec.java:133) ~[selenium-remote-driver-4.15.0.jar:?]
	at org.openqa.selenium.remote.codec.w3c.W3CHttpResponseCodec.decode(W3CHttpResponseCodec.java:52) ~[selenium-remote-driver-4.15.0.jar:?]
	at org.openqa.selenium.remote.HttpCommandExecutor.execute(HttpCommandExecutor.java:191) ~[selenium-remote-driver-4.15.0.jar:?]
	at org.openqa.selenium.remote.service.DriverCommandExecutor.invokeExecute(DriverCommandExecutor.java:200) ~[selenium-remote-driver-4.15.0.jar:?]
	at org.openqa.selenium.remote.service.DriverCommandExecutor.execute(DriverCommandExecutor.java:175) ~[selenium-remote-driver-4.15.0.jar:?]
	at org.openqa.selenium.remote.RemoteWebDriver.execute(RemoteWebDriver.java:607) ~[selenium-remote-driver-4.15.0.jar:?]
	at org.openqa.selenium.remote.RemoteWebElement.execute(RemoteWebElement.java:224) ~[selenium-remote-driver-4.15.0.jar:?]
	at org.openqa.selenium.remote.RemoteWebElement.click(RemoteWebElement.java:77) ~[selenium-remote-driver-4.15.0.jar:?]
	at java.base/jdk.internal.reflect.NativeMethodAccessorImpl.invoke0(Native Method) ~[?:?]
	at java.base/jdk.internal.reflect.NativeMethodAccessorImpl.invoke(NativeMethodAccessorImpl.java:77) ~[?:?]
	at java.base/jdk.internal.reflect.DelegatingMethodAccessorImpl.invoke(DelegatingMethodAccessorImpl.java:43) ~[?:?]
	at java.base/java.lang.reflect.Method.invoke(Method.java:569) ~[?:?]
	at org.openqa.selenium.support.pagefactory.internal.LocatingElementHandler.invoke(LocatingElementHandler.java:51) ~[selenium-support-4.15.0.jar:?]
	at jdk.proxy2/jdk.proxy2.$Proxy25.click(Unknown Source) ~[?:?]
	at com.automation.pages.BasePage.waitAndClick(BasePage.java:32) ~[classes/:?]
	at com.automation.pages.ZaraHomePage.clickShoppingBag(ZaraHomePage.java:130) ~[classes/:?]
	at org.automation.tests.ZaraWebTest.testZaraEcommerceFlow(ZaraWebTest.java:98) [test-classes/:?]
	at java.base/jdk.internal.reflect.NativeMethodAccessorImpl.invoke0(Native Method) ~[?:?]
	at java.base/jdk.internal.reflect.NativeMethodAccessorImpl.invoke(NativeMethodAccessorImpl.java:77) ~[?:?]
	at java.base/jdk.internal.reflect.DelegatingMethodAccessorImpl.invoke(DelegatingMethodAccessorImpl.java:43) ~[?:?]
	at java.base/java.lang.reflect.Method.invoke(Method.java:569) ~[?:?]
	at org.junit.runners.model.FrameworkMethod$1.runReflectiveCall(FrameworkMethod.java:59) [junit-4.13.2.jar:4.13.2]
	at org.junit.internal.runners.model.ReflectiveCallable.run(ReflectiveCallable.java:12) [junit-4.13.2.jar:4.13.2]
	at org.junit.runners.model.FrameworkMethod.invokeExplosively(FrameworkMethod.java:56) [junit-4.13.2.jar:4.13.2]
	at org.junit.internal.runners.statements.InvokeMethod.evaluate(InvokeMethod.java:17) [junit-4.13.2.jar:4.13.2]
	at org.junit.internal.runners.statements.RunBefores.evaluate(RunBefores.java:26) [junit-4.13.2.jar:4.13.2]
	at org.junit.internal.runners.statements.RunAfters.evaluate(RunAfters.java:27) [junit-4.13.2.jar:4.13.2]
	at org.junit.runners.ParentRunner$3.evaluate(ParentRunner.java:306) [junit-4.13.2.jar:4.13.2]
	at org.junit.runners.BlockJUnit4ClassRunner$1.evaluate(BlockJUnit4ClassRunner.java:100) [junit-4.13.2.jar:4.13.2]
	at org.junit.runners.ParentRunner.runLeaf(ParentRunner.java:366) [junit-4.13.2.jar:4.13.2]
	at org.junit.runners.BlockJUnit4ClassRunner.runChild(BlockJUnit4ClassRunner.java:103) [junit-4.13.2.jar:4.13.2]
	at org.junit.runners.BlockJUnit4ClassRunner.runChild(BlockJUnit4ClassRunner.java:63) [junit-4.13.2.jar:4.13.2]
	at org.junit.runners.ParentRunner$4.run(ParentRunner.java:331) [junit-4.13.2.jar:4.13.2]
	at org.junit.runners.ParentRunner$1.schedule(ParentRunner.java:79) [junit-4.13.2.jar:4.13.2]
	at org.junit.runners.ParentRunner.runChildren(ParentRunner.java:329) [junit-4.13.2.jar:4.13.2]
	at org.junit.runners.ParentRunner.access$100(ParentRunner.java:66) [junit-4.13.2.jar:4.13.2]
	at org.junit.runners.ParentRunner$2.evaluate(ParentRunner.java:293) [junit-4.13.2.jar:4.13.2]
	at org.junit.runners.ParentRunner$3.evaluate(ParentRunner.java:306) [junit-4.13.2.jar:4.13.2]
	at org.junit.runners.ParentRunner.run(ParentRunner.java:413) [junit-4.13.2.jar:4.13.2]
	at org.junit.runner.JUnitCore.run(JUnitCore.java:137) [junit-4.13.2.jar:4.13.2]
	at com.intellij.junit4.JUnit4IdeaTestRunner.startRunnerWithArgs(JUnit4IdeaTestRunner.java:69) [junit-rt.jar:?]
	at com.intellij.rt.junit.IdeaTestRunner$Repeater$1.execute(IdeaTestRunner.java:38) [junit-rt.jar:?]
	at com.intellij.rt.execution.junit.TestsRepeater.repeat(TestsRepeater.java:11) [idea_rt.jar:?]
	at com.intellij.rt.junit.IdeaTestRunner$Repeater.startRunnerWithArgs(IdeaTestRunner.java:35) [junit-rt.jar:?]
	at com.intellij.rt.junit.JUnitStarter.prepareStreamsAndStart(JUnitStarter.java:232) [junit-rt.jar:?]
	at com.intellij.rt.junit.JUnitStarter.main(JUnitStarter.java:55) [junit-rt.jar:?]
2025-09-21 17:29:54.251 [main] INFO  com.automation.utils.ExcelReader - Excel dosyası kapatıldı
2025-09-21 17:29:54.252 [main] INFO  com.automation.base.BaseTest - Test sonlandırılıyor...
2025-09-21 17:32:35.308 [main] INFO  com.automation.base.BaseTest - Test başlatılıyor...
2025-09-21 17:32:37.603 [main] INFO  com.automation.utils.ExcelReader - Excel dosyası başarıyla açıldı: src/test/resources/test-data.xlsx | Sheet: SearchTerms
2025-09-21 17:32:37.605 [main] INFO  com.automation.utils.FileWriterUtil - Yeni dosya oluşturuldu: product-info.txt
2025-09-21 17:32:37.605 [main] INFO  com.automation.pages.ZaraHomePage - Zara websitesine gidiliyor...
2025-09-21 17:32:40.711 [main] INFO  com.automation.base.BaseTest - Zara sitesi açıldı
2025-09-21 17:32:40.712 [main] INFO  com.automation.pages.ZaraHomePage - Çerezler reddediliyor...
2025-09-21 17:32:40.807 [main] DEBUG com.automation.pages.BasePage - Element tıklandı: [[ChromeDriver: chrome on mac (aea42cd1eb2e627ad6c5a72be5999aa5)] -> css selector: #onetrust-reject-all-handler]
2025-09-21 17:32:40.807 [main] INFO  com.automation.pages.ZaraHomePage - Login linki tıklanıyor...
2025-09-21 17:32:52.704 [main] DEBUG com.automation.pages.BasePage - Element tıklandı: Proxy element for: DefaultElementLocator 'By.xpath: //a[contains(text(),'GİRİŞ YAP')]'
2025-09-21 17:32:52.705 [main] INFO  com.automation.pages.ZaraLoginPage - Eposta adresi yazılıyor...
2025-09-21 17:32:52.857 [main] DEBUG com.automation.pages.BasePage - Text gönderildi: nurigambl@gmail.com - Element: [[ChromeDriver: chrome on mac (aea42cd1eb2e627ad6c5a72be5999aa5)] -> xpath: //input[@id='zds-:r5:']]
2025-09-21 17:32:52.857 [main] INFO  com.automation.pages.ZaraLoginPage - Password yazılıyor...
2025-09-21 17:32:52.965 [main] DEBUG com.automation.pages.BasePage - Text gönderildi: Nurilhuda@56 - Element: [[ChromeDriver: chrome on mac (aea42cd1eb2e627ad6c5a72be5999aa5)] -> xpath: //input[@id='zds-:r8:']]
2025-09-21 17:32:52.966 [main] INFO  com.automation.pages.ZaraLoginPage - Giriş yap tıklanıyor...
2025-09-21 17:32:53.029 [main] DEBUG com.automation.pages.BasePage - Element tıklandı: [[ChromeDriver: chrome on mac (aea42cd1eb2e627ad6c5a72be5999aa5)] -> css selector: button[role='button']]
2025-09-21 17:32:53.029 [main] INFO  com.automation.pages.ZaraLoginPage - Anasayfaya dönülüyor...
2025-09-21 17:32:54.998 [main] DEBUG com.automation.pages.BasePage - Element tıklandı: [[ChromeDriver: chrome on mac (aea42cd1eb2e627ad6c5a72be5999aa5)] -> css selector: div[class='layout-header-logo layout-header-std__logo layout-customer-base-header__logo'] a[aria-label='Ana sayfaya git'] svg path]
2025-09-21 17:33:05.003 [main] INFO  com.automation.pages.ZaraHomePage - Menu açılıyor...
2025-09-21 17:33:15.197 [main] DEBUG com.automation.pages.BasePage - Element tıklandı: Proxy element for: DefaultElementLocator 'By.cssSelector: button[aria-label='Menüyü aç']'
2025-09-21 17:33:17.203 [main] INFO  com.automation.pages.ZaraHomePage - Erkek menüsü tıklanıyor...
2025-09-21 17:33:17.364 [main] DEBUG com.automation.pages.BasePage - Element tıklandı: [[ChromeDriver: chrome on mac (aea42cd1eb2e627ad6c5a72be5999aa5)] -> xpath: (//span[@class='layout-categories-category-name'][normalize-space()='ERKEK'])[1]]
2025-09-21 17:33:19.370 [main] INFO  com.automation.pages.ZaraHomePage - Tümünü gör butonuna tıklanıyor...
2025-09-21 17:33:19.507 [main] DEBUG com.automation.pages.BasePage - Element tıklandı: [[ChromeDriver: chrome on mac (aea42cd1eb2e627ad6c5a72be5999aa5)] -> xpath: //span[normalize-space()='TÜMÜNÜ GÖR']]
2025-09-21 17:33:19.507 [main] INFO  com.automation.base.BaseTest - Erkek kategorisine gidildi
2025-09-21 17:33:29.546 [main] DEBUG com.automation.utils.ExcelReader - Hücre verisi okundu: Row=0, Column=0, Value=şort
2025-09-21 17:33:29.548 [main] DEBUG com.automation.utils.ExcelReader - Hücre verisi okundu: Row=1, Column=0, Value=gömlek
2025-09-21 17:33:29.548 [main] INFO  com.automation.base.BaseTest - İlk arama terimi: şort
2025-09-21 17:33:29.548 [main] INFO  com.automation.base.BaseTest - İkinci arama terimi: gömlek
2025-09-21 17:33:29.647 [main] DEBUG com.automation.pages.BasePage - Element tıklandı: [[ChromeDriver: chrome on mac (aea42cd1eb2e627ad6c5a72be5999aa5)] -> xpath: //span[@class='layout-header-action-search__content']]
2025-09-21 17:33:32.653 [main] INFO  com.automation.pages.ZaraHomePage - Ürün aranıyor: şort
2025-09-21 17:33:32.779 [main] INFO  com.automation.pages.ZaraHomePage - Enter tuşuna basılıyor...
2025-09-21 17:33:35.848 [main] INFO  com.automation.pages.ZaraHomePage - Arama kutusu 2 temizleniyor...
2025-09-21 17:33:46.140 [main] DEBUG com.automation.pages.BasePage - Element tıklandı: Proxy element for: DefaultElementLocator 'By.cssSelector: .search-products-form__input-clear-icon'
2025-09-21 17:33:46.141 [main] INFO  com.automation.base.BaseTest - Arama kutusu temizlendi
2025-09-21 17:33:49.143 [main] INFO  com.automation.pages.ZaraHomePage - Ürün aranıyor: gömlek
2025-09-21 17:33:49.448 [main] INFO  com.automation.base.BaseTest - İkinci arama terimi: gömlek
2025-09-21 17:33:52.453 [main] INFO  com.automation.pages.ZaraHomePage - Enter tuşuna basılıyor...
2025-09-21 17:33:55.549 [main] INFO  com.automation.pages.ZaraProductPage - Rastgele ürün seçiliyor...
2025-09-21 17:33:55.632 [main] INFO  com.automation.pages.ZaraProductPage - Rastgele ürün seçildi: 22
2025-09-21 17:33:55.632 [main] INFO  com.automation.base.BaseTest - Rastgele ürün seçildi
2025-09-21 17:33:55.632 [main] INFO  com.automation.pages.ZaraProductPage - Ürün bilgisi alınıyor...
2025-09-21 17:33:56.109 [main] DEBUG com.automation.pages.BasePage - Text alındı: PAMUKLU KETEN GÖMLEK
2025-09-21 17:33:56.109 [main] INFO  com.automation.pages.ZaraProductPage - Ürün fiyatı alınıyor...
2025-09-21 17:33:56.128 [main] DEBUG com.automation.pages.BasePage - Text alındı: 1.790,00 TL
2025-09-21 17:33:56.129 [main] INFO  com.automation.utils.FileWriterUtil - Ürün bilgileri dosyaya yazıldı: product-info.txt
2025-09-21 17:33:56.130 [main] INFO  com.automation.base.BaseTest - Ürün bilgileri dosyaya yazıldı
2025-09-21 17:33:56.130 [main] INFO  com.automation.pages.ZaraProductPage - Ürün sepete ekleniyor...
2025-09-21 17:33:56.187 [main] DEBUG com.automation.pages.BasePage - Element tıklandı: [[ChromeDriver: chrome on mac (aea42cd1eb2e627ad6c5a72be5999aa5)] -> xpath: //div[@class='product-detail-cart-buttons__main-action']]
2025-09-21 17:33:56.236 [main] INFO  com.automation.pages.ZaraProductPage - Rastgele beden seçildi: 2
2025-09-21 17:34:15.667 [main] INFO  com.automation.pages.BasePage - Element bulundu ve tıklandı: Proxy element for: DefaultElementLocator 'By.xpath: //button[contains(text(),'Hayır, teşekkürler')]'
2025-09-21 17:34:15.669 [main] INFO  com.automation.base.BaseTest - Ürün sepete eklendi
2025-09-21 17:34:25.674 [main] INFO  com.automation.pages.ZaraHomePage - Alışveriş sepeti tıklanıyor...
2025-09-21 17:34:25.785 [main] DEBUG com.automation.pages.BasePage - Element tıklandı: [[ChromeDriver: chrome on mac (aea42cd1eb2e627ad6c5a72be5999aa5)] -> css selector: li[class='layout-header-action layout-header-action--type-text'] span:nth-child(1)]
2025-09-21 17:34:27.791 [main] INFO  com.automation.pages.ZaraShoppingCartPage - Sepetteki ürün fiyatı alınıyor...
2025-09-21 17:34:27.847 [main] DEBUG com.automation.pages.BasePage - Text alındı: 1.790,00 TL
2025-09-21 17:34:27.853 [main] INFO  com.automation.base.BaseTest - Fiyat kontrolü başarılı
2025-09-21 17:34:27.853 [main] INFO  com.automation.pages.ZaraShoppingCartPage - Ürün adedi arttırılıyor...
2025-09-21 17:34:27.964 [main] DEBUG com.automation.pages.BasePage - Scroll edilip tıklanan element: [[ChromeDriver: chrome on mac (aea42cd1eb2e627ad6c5a72be5999aa5)] -> class name: zds-quantity-selector__increase]
2025-09-21 17:34:27.964 [main] INFO  com.automation.pages.ZaraShoppingCartPage - Ürün adedi kontrol ediliyor...
2025-09-21 17:34:27.983 [main] INFO  com.automation.utils.ExcelReader - Excel dosyası kapatıldı
2025-09-21 17:34:27.983 [main] INFO  com.automation.base.BaseTest - Test sonlandırılıyor...
2025-09-21 17:36:32.825 [main] INFO  com.automation.base.BaseTest - Test başlatılıyor...
2025-09-21 17:36:34.704 [main] INFO  com.automation.utils.ExcelReader - Excel dosyası başarıyla açıldı: src/test/resources/test-data.xlsx | Sheet: SearchTerms
2025-09-21 17:36:34.705 [main] INFO  com.automation.utils.FileWriterUtil - Yeni dosya oluşturuldu: product-info.txt
2025-09-21 17:36:34.705 [main] INFO  com.automation.pages.ZaraHomePage - Zara websitesine gidiliyor...
2025-09-21 17:36:38.147 [main] INFO  com.automation.base.BaseTest - Zara sitesi açıldı
2025-09-21 17:36:38.148 [main] INFO  com.automation.pages.ZaraHomePage - Çerezler reddediliyor...
2025-09-21 17:36:38.243 [main] DEBUG com.automation.pages.BasePage - Element tıklandı: [[ChromeDriver: chrome on mac (6f3dc2154d5c265c458a19411c1b7d19)] -> css selector: #onetrust-reject-all-handler]
2025-09-21 17:36:38.243 [main] INFO  com.automation.pages.ZaraHomePage - Login linki tıklanıyor...
2025-09-21 17:36:51.151 [main] DEBUG com.automation.pages.BasePage - Element tıklandı: Proxy element for: DefaultElementLocator 'By.xpath: //a[contains(text(),'GİRİŞ YAP')]'
2025-09-21 17:36:51.153 [main] INFO  com.automation.pages.ZaraLoginPage - Eposta adresi yazılıyor...
2025-09-21 17:36:51.324 [main] DEBUG com.automation.pages.BasePage - Text gönderildi: nurigambl@gmail.com - Element: [[ChromeDriver: chrome on mac (6f3dc2154d5c265c458a19411c1b7d19)] -> xpath: //input[@id='zds-:r5:']]
2025-09-21 17:36:51.324 [main] INFO  com.automation.pages.ZaraLoginPage - Password yazılıyor...
2025-09-21 17:36:51.420 [main] DEBUG com.automation.pages.BasePage - Text gönderildi: Nurilhuda@56 - Element: [[ChromeDriver: chrome on mac (6f3dc2154d5c265c458a19411c1b7d19)] -> xpath: //input[@id='zds-:r8:']]
2025-09-21 17:36:51.420 [main] INFO  com.automation.pages.ZaraLoginPage - Giriş yap tıklanıyor...
2025-09-21 17:36:51.485 [main] DEBUG com.automation.pages.BasePage - Element tıklandı: [[ChromeDriver: chrome on mac (6f3dc2154d5c265c458a19411c1b7d19)] -> css selector: button[role='button']]
2025-09-21 17:36:51.485 [main] INFO  com.automation.pages.ZaraLoginPage - Anasayfaya dönülüyor...
2025-09-21 17:36:53.916 [main] DEBUG com.automation.pages.BasePage - Element tıklandı: [[ChromeDriver: chrome on mac (6f3dc2154d5c265c458a19411c1b7d19)] -> css selector: div[class='layout-header-logo layout-header-std__logo layout-customer-base-header__logo'] a[aria-label='Ana sayfaya git'] svg path]
2025-09-21 17:37:03.921 [main] INFO  com.automation.pages.ZaraHomePage - Menu açılıyor...
2025-09-21 17:37:14.205 [main] DEBUG com.automation.pages.BasePage - Element tıklandı: Proxy element for: DefaultElementLocator 'By.cssSelector: button[aria-label='Menüyü aç']'
2025-09-21 17:37:16.210 [main] INFO  com.automation.pages.ZaraHomePage - Erkek menüsü tıklanıyor...
2025-09-21 17:37:16.383 [main] DEBUG com.automation.pages.BasePage - Element tıklandı: [[ChromeDriver: chrome on mac (6f3dc2154d5c265c458a19411c1b7d19)] -> xpath: (//span[@class='layout-categories-category-name'][normalize-space()='ERKEK'])[1]]
2025-09-21 17:37:18.389 [main] INFO  com.automation.pages.ZaraHomePage - Tümünü gör butonuna tıklanıyor...
2025-09-21 17:37:18.531 [main] DEBUG com.automation.pages.BasePage - Element tıklandı: [[ChromeDriver: chrome on mac (6f3dc2154d5c265c458a19411c1b7d19)] -> xpath: //span[normalize-space()='TÜMÜNÜ GÖR']]
2025-09-21 17:37:18.532 [main] INFO  com.automation.base.BaseTest - Erkek kategorisine gidildi
2025-09-21 17:37:28.554 [main] DEBUG com.automation.utils.ExcelReader - Hücre verisi okundu: Row=0, Column=0, Value=şort
2025-09-21 17:37:28.555 [main] DEBUG com.automation.utils.ExcelReader - Hücre verisi okundu: Row=1, Column=0, Value=gömlek
2025-09-21 17:37:28.555 [main] INFO  com.automation.base.BaseTest - İlk arama terimi: şort
2025-09-21 17:37:28.555 [main] INFO  com.automation.base.BaseTest - İkinci arama terimi: gömlek
2025-09-21 17:37:28.656 [main] DEBUG com.automation.pages.BasePage - Element tıklandı: [[ChromeDriver: chrome on mac (6f3dc2154d5c265c458a19411c1b7d19)] -> xpath: //span[@class='layout-header-action-search__content']]
2025-09-21 17:37:31.662 [main] INFO  com.automation.pages.ZaraHomePage - Ürün aranıyor: şort
2025-09-21 17:37:31.801 [main] INFO  com.automation.pages.ZaraHomePage - Enter tuşuna basılıyor...
2025-09-21 17:37:34.875 [main] INFO  com.automation.pages.ZaraHomePage - Arama kutusu 2 temizleniyor...
2025-09-21 17:37:45.157 [main] DEBUG com.automation.pages.BasePage - Element tıklandı: Proxy element for: DefaultElementLocator 'By.cssSelector: .search-products-form__input-clear-icon'
2025-09-21 17:37:45.158 [main] INFO  com.automation.base.BaseTest - Arama kutusu temizlendi
2025-09-21 17:37:48.161 [main] INFO  com.automation.pages.ZaraHomePage - Ürün aranıyor: gömlek
2025-09-21 17:37:48.462 [main] INFO  com.automation.base.BaseTest - İkinci arama terimi: gömlek
2025-09-21 17:37:51.462 [main] INFO  com.automation.pages.ZaraHomePage - Enter tuşuna basılıyor...
2025-09-21 17:37:54.551 [main] INFO  com.automation.pages.ZaraProductPage - Rastgele ürün seçiliyor...
2025-09-21 17:37:54.680 [main] INFO  com.automation.pages.ZaraProductPage - Rastgele ürün seçildi: 5
2025-09-21 17:37:54.680 [main] INFO  com.automation.base.BaseTest - Rastgele ürün seçildi
2025-09-21 17:37:54.680 [main] INFO  com.automation.pages.ZaraProductPage - Ürün bilgisi alınıyor...
2025-09-21 17:37:55.972 [main] DEBUG com.automation.pages.BasePage - Text alındı: PAMUKLU KETEN GÖMLEK
2025-09-21 17:37:55.972 [main] INFO  com.automation.pages.ZaraProductPage - Ürün fiyatı alınıyor...
2025-09-21 17:37:55.993 [main] DEBUG com.automation.pages.BasePage - Text alındı: 1.790,00 TL
2025-09-21 17:37:55.994 [main] INFO  com.automation.utils.FileWriterUtil - Ürün bilgileri dosyaya yazıldı: product-info.txt
2025-09-21 17:37:55.994 [main] INFO  com.automation.base.BaseTest - Ürün bilgileri dosyaya yazıldı
2025-09-21 17:37:55.994 [main] INFO  com.automation.pages.ZaraProductPage - Ürün sepete ekleniyor...
2025-09-21 17:37:56.055 [main] DEBUG com.automation.pages.BasePage - Element tıklandı: [[ChromeDriver: chrome on mac (6f3dc2154d5c265c458a19411c1b7d19)] -> xpath: //div[@class='product-detail-cart-buttons__main-action']]
2025-09-21 17:37:56.098 [main] INFO  com.automation.pages.ZaraProductPage - Rastgele beden seçildi: 2
2025-09-21 17:38:30.231 [main] WARN  com.automation.pages.BasePage - Element zamanında tıklanabilir hale gelmedi, geçiliyor: Proxy element for: DefaultElementLocator 'By.xpath: //button[contains(text(),'Hayır, teşekkürler')]'
2025-09-21 17:38:30.233 [main] INFO  com.automation.base.BaseTest - Ürün sepete eklendi
2025-09-21 17:38:40.239 [main] INFO  com.automation.pages.ZaraHomePage - Alışveriş sepeti tıklanıyor...
2025-09-21 17:38:40.417 [main] DEBUG com.automation.pages.BasePage - Element tıklandı: [[ChromeDriver: chrome on mac (6f3dc2154d5c265c458a19411c1b7d19)] -> css selector: li[class='layout-header-action layout-header-action--type-text'] span:nth-child(1)]
2025-09-21 17:38:42.422 [main] INFO  com.automation.pages.ZaraShoppingCartPage - Sepetteki ürün fiyatı alınıyor...
2025-09-21 17:38:42.496 [main] DEBUG com.automation.pages.BasePage - Text alındı: 1.790,00 TL
2025-09-21 17:38:42.501 [main] INFO  com.automation.base.BaseTest - Fiyat kontrolü başarılı
2025-09-21 17:38:42.502 [main] INFO  com.automation.pages.ZaraShoppingCartPage - Ürün adedi arttırılıyor...
2025-09-21 17:38:42.686 [main] DEBUG com.automation.pages.BasePage - Scroll edilip tıklanan element: [[ChromeDriver: chrome on mac (6f3dc2154d5c265c458a19411c1b7d19)] -> class name: zds-quantity-selector__increase]
2025-09-21 17:38:47.691 [main] INFO  com.automation.pages.ZaraShoppingCartPage - Ürün adedi kontrol ediliyor...
2025-09-21 17:38:57.732 [main] WARN  com.automation.pages.ZaraShoppingCartPage - Quantity input'tan okunamadı, alternatif yöntem deneniyor...
2025-09-21 17:39:07.763 [main] ERROR com.automation.base.BaseTest - Test sırasında hata oluştu
java.lang.RuntimeException: Ürün adedi alınamadı
	at com.automation.pages.ZaraShoppingCartPage.getQuantity(ZaraShoppingCartPage.java:77) ~[classes/:?]
	at org.automation.tests.ZaraWebTest.testZaraEcommerceFlow(ZaraWebTest.java:108) [test-classes/:?]
	at java.base/jdk.internal.reflect.NativeMethodAccessorImpl.invoke0(Native Method) ~[?:?]
	at java.base/jdk.internal.reflect.NativeMethodAccessorImpl.invoke(NativeMethodAccessorImpl.java:77) ~[?:?]
	at java.base/jdk.internal.reflect.DelegatingMethodAccessorImpl.invoke(DelegatingMethodAccessorImpl.java:43) ~[?:?]
	at java.base/java.lang.reflect.Method.invoke(Method.java:569) ~[?:?]
	at org.junit.runners.model.FrameworkMethod$1.runReflectiveCall(FrameworkMethod.java:59) [junit-4.13.2.jar:4.13.2]
	at org.junit.internal.runners.model.ReflectiveCallable.run(ReflectiveCallable.java:12) [junit-4.13.2.jar:4.13.2]
	at org.junit.runners.model.FrameworkMethod.invokeExplosively(FrameworkMethod.java:56) [junit-4.13.2.jar:4.13.2]
	at org.junit.internal.runners.statements.InvokeMethod.evaluate(InvokeMethod.java:17) [junit-4.13.2.jar:4.13.2]
	at org.junit.internal.runners.statements.RunBefores.evaluate(RunBefores.java:26) [junit-4.13.2.jar:4.13.2]
	at org.junit.internal.runners.statements.RunAfters.evaluate(RunAfters.java:27) [junit-4.13.2.jar:4.13.2]
	at org.junit.runners.ParentRunner$3.evaluate(ParentRunner.java:306) [junit-4.13.2.jar:4.13.2]
	at org.junit.runners.BlockJUnit4ClassRunner$1.evaluate(BlockJUnit4ClassRunner.java:100) [junit-4.13.2.jar:4.13.2]
	at org.junit.runners.ParentRunner.runLeaf(ParentRunner.java:366) [junit-4.13.2.jar:4.13.2]
	at org.junit.runners.BlockJUnit4ClassRunner.runChild(BlockJUnit4ClassRunner.java:103) [junit-4.13.2.jar:4.13.2]
	at org.junit.runners.BlockJUnit4ClassRunner.runChild(BlockJUnit4ClassRunner.java:63) [junit-4.13.2.jar:4.13.2]
	at org.junit.runners.ParentRunner$4.run(ParentRunner.java:331) [junit-4.13.2.jar:4.13.2]
	at org.junit.runners.ParentRunner$1.schedule(ParentRunner.java:79) [junit-4.13.2.jar:4.13.2]
	at org.junit.runners.ParentRunner.runChildren(ParentRunner.java:329) [junit-4.13.2.jar:4.13.2]
	at org.junit.runners.ParentRunner.access$100(ParentRunner.java:66) [junit-4.13.2.jar:4.13.2]
	at org.junit.runners.ParentRunner$2.evaluate(ParentRunner.java:293) [junit-4.13.2.jar:4.13.2]
	at org.junit.runners.ParentRunner$3.evaluate(ParentRunner.java:306) [junit-4.13.2.jar:4.13.2]
	at org.junit.runners.ParentRunner.run(ParentRunner.java:413) [junit-4.13.2.jar:4.13.2]
	at org.junit.runner.JUnitCore.run(JUnitCore.java:137) [junit-4.13.2.jar:4.13.2]
	at com.intellij.junit4.JUnit4IdeaTestRunner.startRunnerWithArgs(JUnit4IdeaTestRunner.java:69) [junit-rt.jar:?]
	at com.intellij.rt.junit.IdeaTestRunner$Repeater$1.execute(IdeaTestRunner.java:38) [junit-rt.jar:?]
	at com.intellij.rt.execution.junit.TestsRepeater.repeat(TestsRepeater.java:11) [idea_rt.jar:?]
	at com.intellij.rt.junit.IdeaTestRunner$Repeater.startRunnerWithArgs(IdeaTestRunner.java:35) [junit-rt.jar:?]
	at com.intellij.rt.junit.JUnitStarter.prepareStreamsAndStart(JUnitStarter.java:232) [junit-rt.jar:?]
	at com.intellij.rt.junit.JUnitStarter.main(JUnitStarter.java:55) [junit-rt.jar:?]
Caused by: org.openqa.selenium.NoSuchElementException: no such element: Unable to locate element: {"method":"css selector","selector":"input[value='1']"}
  (Session info: chrome=140.0.7339.133)
For documentation on this error, please visit: https://www.selenium.dev/documentation/webdriver/troubleshooting/errors#no-such-element-exception
Build info: version: '4.15.0', revision: '1d14b5521b'
System info: os.name: 'Mac OS X', os.arch: 'aarch64', os.version: '15.5', java.version: '17.0.14'
Driver info: org.openqa.selenium.chrome.ChromeDriver
Command: [6f3dc2154d5c265c458a19411c1b7d19, findElement {using=css selector, value=input[value='1']}]
Capabilities {acceptInsecureCerts: false, browserName: chrome, browserVersion: 140.0.7339.133, chrome: {chromedriverVersion: 140.0.7339.185 (eeea00e459e..., userDataDir: /var/folders/ly/h8tl56p95jz...}, fedcm:accounts: true, goog:chromeOptions: {debuggerAddress: localhost:56327}, networkConnectionEnabled: false, pageLoadStrategy: normal, platformName: mac, proxy: Proxy(), se:cdp: ws://localhost:56327/devtoo..., se:cdpVersion: 140.0.7339.133, setWindowRect: true, strictFileInteractability: false, timeouts: {implicit: 0, pageLoad: 300000, script: 30000}, unhandledPromptBehavior: dismiss and notify, webauthn:extension:credBlob: true, webauthn:extension:largeBlob: true, webauthn:extension:minPinLength: true, webauthn:extension:prf: true, webauthn:virtualAuthenticators: true}
Session ID: 6f3dc2154d5c265c458a19411c1b7d19
	at java.base/jdk.internal.reflect.NativeConstructorAccessorImpl.newInstance0(Native Method) ~[?:?]
	at java.base/jdk.internal.reflect.NativeConstructorAccessorImpl.newInstance(NativeConstructorAccessorImpl.java:77) ~[?:?]
	at java.base/jdk.internal.reflect.DelegatingConstructorAccessorImpl.newInstance(DelegatingConstructorAccessorImpl.java:45) ~[?:?]
	at java.base/java.lang.reflect.Constructor.newInstanceWithCaller(Constructor.java:500) ~[?:?]
	at java.base/java.lang.reflect.Constructor.newInstance(Constructor.java:481) ~[?:?]
	at org.openqa.selenium.remote.codec.w3c.W3CHttpResponseCodec.createException(W3CHttpResponseCodec.java:200) ~[selenium-remote-driver-4.15.0.jar:?]
	at org.openqa.selenium.remote.codec.w3c.W3CHttpResponseCodec.decode(W3CHttpResponseCodec.java:133) ~[selenium-remote-driver-4.15.0.jar:?]
	at org.openqa.selenium.remote.codec.w3c.W3CHttpResponseCodec.decode(W3CHttpResponseCodec.java:52) ~[selenium-remote-driver-4.15.0.jar:?]
	at org.openqa.selenium.remote.HttpCommandExecutor.execute(HttpCommandExecutor.java:191) ~[selenium-remote-driver-4.15.0.jar:?]
	at org.openqa.selenium.remote.service.DriverCommandExecutor.invokeExecute(DriverCommandExecutor.java:200) ~[selenium-remote-driver-4.15.0.jar:?]
	at org.openqa.selenium.remote.service.DriverCommandExecutor.execute(DriverCommandExecutor.java:175) ~[selenium-remote-driver-4.15.0.jar:?]
	at org.openqa.selenium.remote.RemoteWebDriver.execute(RemoteWebDriver.java:607) ~[selenium-remote-driver-4.15.0.jar:?]
	at org.openqa.selenium.remote.ElementLocation$ElementFinder$2.findElement(ElementLocation.java:165) ~[selenium-remote-driver-4.15.0.jar:?]
	at org.openqa.selenium.remote.ElementLocation.findElement(ElementLocation.java:59) ~[selenium-remote-driver-4.15.0.jar:?]
	at org.openqa.selenium.remote.RemoteWebDriver.findElement(RemoteWebDriver.java:364) ~[selenium-remote-driver-4.15.0.jar:?]
	at org.openqa.selenium.remote.RemoteWebDriver.findElement(RemoteWebDriver.java:358) ~[selenium-remote-driver-4.15.0.jar:?]
	at org.openqa.selenium.support.pagefactory.DefaultElementLocator.findElement(DefaultElementLocator.java:68) ~[selenium-support-4.15.0.jar:?]
	at org.openqa.selenium.support.pagefactory.internal.LocatingElementHandler.invoke(LocatingElementHandler.java:38) ~[selenium-support-4.15.0.jar:?]
	at jdk.proxy2/jdk.proxy2.$Proxy25.getAttribute(Unknown Source) ~[?:?]
	at com.automation.pages.ZaraShoppingCartPage.getQuantity(ZaraShoppingCartPage.java:69) ~[classes/:?]
	... 30 more
2025-09-21 17:39:07.781 [main] INFO  com.automation.utils.ExcelReader - Excel dosyası kapatıldı
2025-09-21 17:39:07.781 [main] INFO  com.automation.base.BaseTest - Test sonlandırılıyor...
2025-09-21 17:41:20.997 [main] INFO  com.automation.base.BaseTest - Test başlatılıyor...
2025-09-21 17:41:22.931 [main] INFO  com.automation.base.BaseTest - Test sonlandırılıyor...
2025-09-21 17:41:27.301 [main] INFO  com.automation.base.BaseTest - Test başlatılıyor...
2025-09-21 17:41:28.748 [main] INFO  com.automation.base.BaseTest - Test sonlandırılıyor...
2025-09-21 17:42:34.292 [main] INFO  com.automation.base.BaseTest - Test başlatılıyor...
2025-09-21 17:42:36.165 [main] INFO  com.automation.utils.ExcelReader - Excel dosyası başarıyla açıldı: src/test/resources/test-data.xlsx | Sheet: SearchTerms
2025-09-21 17:42:36.167 [main] INFO  com.automation.utils.FileWriterUtil - Yeni dosya oluşturuldu: product-info.txt
2025-09-21 17:42:36.167 [main] INFO  com.automation.pages.ZaraHomePage - Zara websitesine gidiliyor...
2025-09-21 17:42:40.413 [main] INFO  com.automation.base.BaseTest - Zara sitesi açıldı
2025-09-21 17:42:40.414 [main] INFO  com.automation.pages.ZaraHomePage - Çerezler reddediliyor...
2025-09-21 17:42:40.519 [main] DEBUG com.automation.pages.BasePage - Element tıklandı: [[ChromeDriver: chrome on mac (40dcccb29234d1788921f1400f8307de)] -> css selector: #onetrust-reject-all-handler]
2025-09-21 17:42:40.519 [main] INFO  com.automation.pages.ZaraHomePage - Login linki tıklanıyor...
2025-09-21 17:42:53.654 [main] DEBUG com.automation.pages.BasePage - Element tıklandı: Proxy element for: DefaultElementLocator 'By.xpath: //a[contains(text(),'GİRİŞ YAP')]'
2025-09-21 17:42:53.659 [main] INFO  com.automation.pages.ZaraLoginPage - Eposta adresi yazılıyor...
2025-09-21 17:42:53.846 [main] DEBUG com.automation.pages.BasePage - Text gönderildi: nurigambl@gmail.com - Element: [[ChromeDriver: chrome on mac (40dcccb29234d1788921f1400f8307de)] -> xpath: //input[@id='zds-:r5:']]
2025-09-21 17:42:53.846 [main] INFO  com.automation.pages.ZaraLoginPage - Password yazılıyor...
2025-09-21 17:42:53.958 [main] DEBUG com.automation.pages.BasePage - Text gönderildi: Nurilhuda@56 - Element: [[ChromeDriver: chrome on mac (40dcccb29234d1788921f1400f8307de)] -> xpath: //input[@id='zds-:r8:']]
2025-09-21 17:42:53.958 [main] INFO  com.automation.pages.ZaraLoginPage - Giriş yap tıklanıyor...
2025-09-21 17:42:54.021 [main] DEBUG com.automation.pages.BasePage - Element tıklandı: [[ChromeDriver: chrome on mac (40dcccb29234d1788921f1400f8307de)] -> css selector: button[role='button']]
2025-09-21 17:42:54.021 [main] INFO  com.automation.pages.ZaraLoginPage - Anasayfaya dönülüyor...
2025-09-21 17:43:24.150 [main] ERROR com.automation.pages.BasePage - Element tıklanamadı: Proxy element for: DefaultElementLocator 'By.cssSelector: div[class='layout-header-logo layout-header-std__logo layout-customer-base-header__logo'] a[aria-label='Ana sayfaya git'] svg path'
org.openqa.selenium.TimeoutException: Expected condition failed: waiting for element to be clickable: Proxy element for: DefaultElementLocator 'By.cssSelector: div[class='layout-header-logo layout-header-std__logo layout-customer-base-header__logo'] a[aria-label='Ana sayfaya git'] svg path' (tried for 10 second(s) with 500 milliseconds interval)
	at org.openqa.selenium.support.ui.WebDriverWait.timeoutException(WebDriverWait.java:84) ~[selenium-support-4.15.0.jar:?]
	at org.openqa.selenium.support.ui.FluentWait.until(FluentWait.java:229) ~[selenium-support-4.15.0.jar:?]
	at com.automation.pages.BasePage.waitAndClick(BasePage.java:32) [classes/:?]
	at com.automation.pages.ZaraLoginPage.succesLogin(ZaraLoginPage.java:40) [classes/:?]
	at org.automation.tests.ZaraWebTest.testZaraEcommerceFlow(ZaraWebTest.java:49) [test-classes/:?]
	at java.base/jdk.internal.reflect.NativeMethodAccessorImpl.invoke0(Native Method) ~[?:?]
	at java.base/jdk.internal.reflect.NativeMethodAccessorImpl.invoke(NativeMethodAccessorImpl.java:77) ~[?:?]
	at java.base/jdk.internal.reflect.DelegatingMethodAccessorImpl.invoke(DelegatingMethodAccessorImpl.java:43) ~[?:?]
	at java.base/java.lang.reflect.Method.invoke(Method.java:569) ~[?:?]
	at org.junit.runners.model.FrameworkMethod$1.runReflectiveCall(FrameworkMethod.java:59) [junit-4.13.2.jar:4.13.2]
	at org.junit.internal.runners.model.ReflectiveCallable.run(ReflectiveCallable.java:12) [junit-4.13.2.jar:4.13.2]
	at org.junit.runners.model.FrameworkMethod.invokeExplosively(FrameworkMethod.java:56) [junit-4.13.2.jar:4.13.2]
	at org.junit.internal.runners.statements.InvokeMethod.evaluate(InvokeMethod.java:17) [junit-4.13.2.jar:4.13.2]
	at org.junit.internal.runners.statements.RunBefores.evaluate(RunBefores.java:26) [junit-4.13.2.jar:4.13.2]
	at org.junit.internal.runners.statements.RunAfters.evaluate(RunAfters.java:27) [junit-4.13.2.jar:4.13.2]
	at org.junit.runners.ParentRunner$3.evaluate(ParentRunner.java:306) [junit-4.13.2.jar:4.13.2]
	at org.junit.runners.BlockJUnit4ClassRunner$1.evaluate(BlockJUnit4ClassRunner.java:100) [junit-4.13.2.jar:4.13.2]
	at org.junit.runners.ParentRunner.runLeaf(ParentRunner.java:366) [junit-4.13.2.jar:4.13.2]
	at org.junit.runners.BlockJUnit4ClassRunner.runChild(BlockJUnit4ClassRunner.java:103) [junit-4.13.2.jar:4.13.2]
	at org.junit.runners.BlockJUnit4ClassRunner.runChild(BlockJUnit4ClassRunner.java:63) [junit-4.13.2.jar:4.13.2]
	at org.junit.runners.ParentRunner$4.run(ParentRunner.java:331) [junit-4.13.2.jar:4.13.2]
	at org.junit.runners.ParentRunner$1.schedule(ParentRunner.java:79) [junit-4.13.2.jar:4.13.2]
	at org.junit.runners.ParentRunner.runChildren(ParentRunner.java:329) [junit-4.13.2.jar:4.13.2]
	at org.junit.runners.ParentRunner.access$100(ParentRunner.java:66) [junit-4.13.2.jar:4.13.2]
	at org.junit.runners.ParentRunner$2.evaluate(ParentRunner.java:293) [junit-4.13.2.jar:4.13.2]
	at org.junit.runners.ParentRunner$3.evaluate(ParentRunner.java:306) [junit-4.13.2.jar:4.13.2]
	at org.junit.runners.ParentRunner.run(ParentRunner.java:413) [junit-4.13.2.jar:4.13.2]
	at org.junit.runner.JUnitCore.run(JUnitCore.java:137) [junit-4.13.2.jar:4.13.2]
	at com.intellij.junit4.JUnit4IdeaTestRunner.startRunnerWithArgs(JUnit4IdeaTestRunner.java:69) [junit-rt.jar:?]
	at com.intellij.rt.junit.IdeaTestRunner$Repeater$1.execute(IdeaTestRunner.java:38) [junit-rt.jar:?]
	at com.intellij.rt.execution.junit.TestsRepeater.repeat(TestsRepeater.java:11) [idea_rt.jar:?]
	at com.intellij.rt.junit.IdeaTestRunner$Repeater.startRunnerWithArgs(IdeaTestRunner.java:35) [junit-rt.jar:?]
	at com.intellij.rt.junit.JUnitStarter.prepareStreamsAndStart(JUnitStarter.java:232) [junit-rt.jar:?]
	at com.intellij.rt.junit.JUnitStarter.main(JUnitStarter.java:55) [junit-rt.jar:?]
Caused by: org.openqa.selenium.NoSuchElementException: no such element: Unable to locate element: {"method":"css selector","selector":"div[class='layout-header-logo layout-header-std__logo layout-customer-base-header__logo'] a[aria-label='Ana sayfaya git'] svg path"}
  (Session info: chrome=140.0.7339.133)
For documentation on this error, please visit: https://www.selenium.dev/documentation/webdriver/troubleshooting/errors#no-such-element-exception
Build info: version: '4.15.0', revision: '1d14b5521b'
System info: os.name: 'Mac OS X', os.arch: 'aarch64', os.version: '15.5', java.version: '17.0.14'
Driver info: org.openqa.selenium.chrome.ChromeDriver
Command: [40dcccb29234d1788921f1400f8307de, findElement {using=css selector, value=div[class='layout-header-logo layout-header-std__logo layout-customer-base-header__logo'] a[aria-label='Ana sayfaya git'] svg path}]
Capabilities {acceptInsecureCerts: false, browserName: chrome, browserVersion: 140.0.7339.133, chrome: {chromedriverVersion: 140.0.7339.185 (eeea00e459e..., userDataDir: /var/folders/ly/h8tl56p95jz...}, fedcm:accounts: true, goog:chromeOptions: {debuggerAddress: localhost:57052}, networkConnectionEnabled: false, pageLoadStrategy: normal, platformName: mac, proxy: Proxy(), se:cdp: ws://localhost:57052/devtoo..., se:cdpVersion: 140.0.7339.133, setWindowRect: true, strictFileInteractability: false, timeouts: {implicit: 0, pageLoad: 300000, script: 30000}, unhandledPromptBehavior: dismiss and notify, webauthn:extension:credBlob: true, webauthn:extension:largeBlob: true, webauthn:extension:minPinLength: true, webauthn:extension:prf: true, webauthn:virtualAuthenticators: true}
Session ID: 40dcccb29234d1788921f1400f8307de
	at java.base/jdk.internal.reflect.NativeConstructorAccessorImpl.newInstance0(Native Method) ~[?:?]
	at java.base/jdk.internal.reflect.NativeConstructorAccessorImpl.newInstance(NativeConstructorAccessorImpl.java:77) ~[?:?]
	at java.base/jdk.internal.reflect.DelegatingConstructorAccessorImpl.newInstance(DelegatingConstructorAccessorImpl.java:45) ~[?:?]
	at java.base/java.lang.reflect.Constructor.newInstanceWithCaller(Constructor.java:500) ~[?:?]
	at java.base/java.lang.reflect.Constructor.newInstance(Constructor.java:481) ~[?:?]
	at org.openqa.selenium.remote.codec.w3c.W3CHttpResponseCodec.createException(W3CHttpResponseCodec.java:200) ~[selenium-remote-driver-4.15.0.jar:?]
	at org.openqa.selenium.remote.codec.w3c.W3CHttpResponseCodec.decode(W3CHttpResponseCodec.java:133) ~[selenium-remote-driver-4.15.0.jar:?]
	at org.openqa.selenium.remote.codec.w3c.W3CHttpResponseCodec.decode(W3CHttpResponseCodec.java:52) ~[selenium-remote-driver-4.15.0.jar:?]
	at org.openqa.selenium.remote.HttpCommandExecutor.execute(HttpCommandExecutor.java:191) ~[selenium-remote-driver-4.15.0.jar:?]
	at org.openqa.selenium.remote.service.DriverCommandExecutor.invokeExecute(DriverCommandExecutor.java:200) ~[selenium-remote-driver-4.15.0.jar:?]
	at org.openqa.selenium.remote.service.DriverCommandExecutor.execute(DriverCommandExecutor.java:175) ~[selenium-remote-driver-4.15.0.jar:?]
	at org.openqa.selenium.remote.RemoteWebDriver.execute(RemoteWebDriver.java:607) ~[selenium-remote-driver-4.15.0.jar:?]
	at org.openqa.selenium.remote.ElementLocation$ElementFinder$2.findElement(ElementLocation.java:165) ~[selenium-remote-driver-4.15.0.jar:?]
	at org.openqa.selenium.remote.ElementLocation.findElement(ElementLocation.java:59) ~[selenium-remote-driver-4.15.0.jar:?]
	at org.openqa.selenium.remote.RemoteWebDriver.findElement(RemoteWebDriver.java:364) ~[selenium-remote-driver-4.15.0.jar:?]
	at org.openqa.selenium.remote.RemoteWebDriver.findElement(RemoteWebDriver.java:358) ~[selenium-remote-driver-4.15.0.jar:?]
	at org.openqa.selenium.support.pagefactory.DefaultElementLocator.findElement(DefaultElementLocator.java:68) ~[selenium-support-4.15.0.jar:?]
	at org.openqa.selenium.support.pagefactory.internal.LocatingElementHandler.invoke(LocatingElementHandler.java:38) ~[selenium-support-4.15.0.jar:?]
	at jdk.proxy2/jdk.proxy2.$Proxy25.isDisplayed(Unknown Source) ~[?:?]
	at org.openqa.selenium.support.ui.ExpectedConditions.elementIfVisible(ExpectedConditions.java:304) ~[selenium-support-4.15.0.jar:?]
	at org.openqa.selenium.support.ui.ExpectedConditions$10.apply(ExpectedConditions.java:290) ~[selenium-support-4.15.0.jar:?]
	at org.openqa.selenium.support.ui.ExpectedConditions$10.apply(ExpectedConditions.java:287) ~[selenium-support-4.15.0.jar:?]
	at org.openqa.selenium.support.ui.ExpectedConditions$23.apply(ExpectedConditions.java:656) ~[selenium-support-4.15.0.jar:?]
	at org.openqa.selenium.support.ui.ExpectedConditions$23.apply(ExpectedConditions.java:652) ~[selenium-support-4.15.0.jar:?]
	at org.openqa.selenium.support.ui.FluentWait.until(FluentWait.java:204) ~[selenium-support-4.15.0.jar:?]
	... 32 more
2025-09-21 17:43:24.158 [main] ERROR com.automation.base.BaseTest - Test sırasında hata oluştu
org.openqa.selenium.TimeoutException: Expected condition failed: waiting for element to be clickable: Proxy element for: DefaultElementLocator 'By.cssSelector: div[class='layout-header-logo layout-header-std__logo layout-customer-base-header__logo'] a[aria-label='Ana sayfaya git'] svg path' (tried for 10 second(s) with 500 milliseconds interval)
	at org.openqa.selenium.support.ui.WebDriverWait.timeoutException(WebDriverWait.java:84) ~[selenium-support-4.15.0.jar:?]
	at org.openqa.selenium.support.ui.FluentWait.until(FluentWait.java:229) ~[selenium-support-4.15.0.jar:?]
	at com.automation.pages.BasePage.waitAndClick(BasePage.java:32) ~[classes/:?]
	at com.automation.pages.ZaraLoginPage.succesLogin(ZaraLoginPage.java:40) ~[classes/:?]
	at org.automation.tests.ZaraWebTest.testZaraEcommerceFlow(ZaraWebTest.java:49) [test-classes/:?]
	at java.base/jdk.internal.reflect.NativeMethodAccessorImpl.invoke0(Native Method) ~[?:?]
	at java.base/jdk.internal.reflect.NativeMethodAccessorImpl.invoke(NativeMethodAccessorImpl.java:77) ~[?:?]
	at java.base/jdk.internal.reflect.DelegatingMethodAccessorImpl.invoke(DelegatingMethodAccessorImpl.java:43) ~[?:?]
	at java.base/java.lang.reflect.Method.invoke(Method.java:569) ~[?:?]
	at org.junit.runners.model.FrameworkMethod$1.runReflectiveCall(FrameworkMethod.java:59) [junit-4.13.2.jar:4.13.2]
	at org.junit.internal.runners.model.ReflectiveCallable.run(ReflectiveCallable.java:12) [junit-4.13.2.jar:4.13.2]
	at org.junit.runners.model.FrameworkMethod.invokeExplosively(FrameworkMethod.java:56) [junit-4.13.2.jar:4.13.2]
	at org.junit.internal.runners.statements.InvokeMethod.evaluate(InvokeMethod.java:17) [junit-4.13.2.jar:4.13.2]
	at org.junit.internal.runners.statements.RunBefores.evaluate(RunBefores.java:26) [junit-4.13.2.jar:4.13.2]
	at org.junit.internal.runners.statements.RunAfters.evaluate(RunAfters.java:27) [junit-4.13.2.jar:4.13.2]
	at org.junit.runners.ParentRunner$3.evaluate(ParentRunner.java:306) [junit-4.13.2.jar:4.13.2]
	at org.junit.runners.BlockJUnit4ClassRunner$1.evaluate(BlockJUnit4ClassRunner.java:100) [junit-4.13.2.jar:4.13.2]
	at org.junit.runners.ParentRunner.runLeaf(ParentRunner.java:366) [junit-4.13.2.jar:4.13.2]
	at org.junit.runners.BlockJUnit4ClassRunner.runChild(BlockJUnit4ClassRunner.java:103) [junit-4.13.2.jar:4.13.2]
	at org.junit.runners.BlockJUnit4ClassRunner.runChild(BlockJUnit4ClassRunner.java:63) [junit-4.13.2.jar:4.13.2]
	at org.junit.runners.ParentRunner$4.run(ParentRunner.java:331) [junit-4.13.2.jar:4.13.2]
	at org.junit.runners.ParentRunner$1.schedule(ParentRunner.java:79) [junit-4.13.2.jar:4.13.2]
	at org.junit.runners.ParentRunner.runChildren(ParentRunner.java:329) [junit-4.13.2.jar:4.13.2]
	at org.junit.runners.ParentRunner.access$100(ParentRunner.java:66) [junit-4.13.2.jar:4.13.2]
	at org.junit.runners.ParentRunner$2.evaluate(ParentRunner.java:293) [junit-4.13.2.jar:4.13.2]
	at org.junit.runners.ParentRunner$3.evaluate(ParentRunner.java:306) [junit-4.13.2.jar:4.13.2]
	at org.junit.runners.ParentRunner.run(ParentRunner.java:413) [junit-4.13.2.jar:4.13.2]
	at org.junit.runner.JUnitCore.run(JUnitCore.java:137) [junit-4.13.2.jar:4.13.2]
	at com.intellij.junit4.JUnit4IdeaTestRunner.startRunnerWithArgs(JUnit4IdeaTestRunner.java:69) [junit-rt.jar:?]
	at com.intellij.rt.junit.IdeaTestRunner$Repeater$1.execute(IdeaTestRunner.java:38) [junit-rt.jar:?]
	at com.intellij.rt.execution.junit.TestsRepeater.repeat(TestsRepeater.java:11) [idea_rt.jar:?]
	at com.intellij.rt.junit.IdeaTestRunner$Repeater.startRunnerWithArgs(IdeaTestRunner.java:35) [junit-rt.jar:?]
	at com.intellij.rt.junit.JUnitStarter.prepareStreamsAndStart(JUnitStarter.java:232) [junit-rt.jar:?]
	at com.intellij.rt.junit.JUnitStarter.main(JUnitStarter.java:55) [junit-rt.jar:?]
Caused by: org.openqa.selenium.NoSuchElementException: no such element: Unable to locate element: {"method":"css selector","selector":"div[class='layout-header-logo layout-header-std__logo layout-customer-base-header__logo'] a[aria-label='Ana sayfaya git'] svg path"}
  (Session info: chrome=140.0.7339.133)
For documentation on this error, please visit: https://www.selenium.dev/documentation/webdriver/troubleshooting/errors#no-such-element-exception
Build info: version: '4.15.0', revision: '1d14b5521b'
System info: os.name: 'Mac OS X', os.arch: 'aarch64', os.version: '15.5', java.version: '17.0.14'
Driver info: org.openqa.selenium.chrome.ChromeDriver
Command: [40dcccb29234d1788921f1400f8307de, findElement {using=css selector, value=div[class='layout-header-logo layout-header-std__logo layout-customer-base-header__logo'] a[aria-label='Ana sayfaya git'] svg path}]
Capabilities {acceptInsecureCerts: false, browserName: chrome, browserVersion: 140.0.7339.133, chrome: {chromedriverVersion: 140.0.7339.185 (eeea00e459e..., userDataDir: /var/folders/ly/h8tl56p95jz...}, fedcm:accounts: true, goog:chromeOptions: {debuggerAddress: localhost:57052}, networkConnectionEnabled: false, pageLoadStrategy: normal, platformName: mac, proxy: Proxy(), se:cdp: ws://localhost:57052/devtoo..., se:cdpVersion: 140.0.7339.133, setWindowRect: true, strictFileInteractability: false, timeouts: {implicit: 0, pageLoad: 300000, script: 30000}, unhandledPromptBehavior: dismiss and notify, webauthn:extension:credBlob: true, webauthn:extension:largeBlob: true, webauthn:extension:minPinLength: true, webauthn:extension:prf: true, webauthn:virtualAuthenticators: true}
Session ID: 40dcccb29234d1788921f1400f8307de
	at java.base/jdk.internal.reflect.NativeConstructorAccessorImpl.newInstance0(Native Method) ~[?:?]
	at java.base/jdk.internal.reflect.NativeConstructorAccessorImpl.newInstance(NativeConstructorAccessorImpl.java:77) ~[?:?]
	at java.base/jdk.internal.reflect.DelegatingConstructorAccessorImpl.newInstance(DelegatingConstructorAccessorImpl.java:45) ~[?:?]
	at java.base/java.lang.reflect.Constructor.newInstanceWithCaller(Constructor.java:500) ~[?:?]
	at java.base/java.lang.reflect.Constructor.newInstance(Constructor.java:481) ~[?:?]
	at org.openqa.selenium.remote.codec.w3c.W3CHttpResponseCodec.createException(W3CHttpResponseCodec.java:200) ~[selenium-remote-driver-4.15.0.jar:?]
	at org.openqa.selenium.remote.codec.w3c.W3CHttpResponseCodec.decode(W3CHttpResponseCodec.java:133) ~[selenium-remote-driver-4.15.0.jar:?]
	at org.openqa.selenium.remote.codec.w3c.W3CHttpResponseCodec.decode(W3CHttpResponseCodec.java:52) ~[selenium-remote-driver-4.15.0.jar:?]
	at org.openqa.selenium.remote.HttpCommandExecutor.execute(HttpCommandExecutor.java:191) ~[selenium-remote-driver-4.15.0.jar:?]
	at org.openqa.selenium.remote.service.DriverCommandExecutor.invokeExecute(DriverCommandExecutor.java:200) ~[selenium-remote-driver-4.15.0.jar:?]
	at org.openqa.selenium.remote.service.DriverCommandExecutor.execute(DriverCommandExecutor.java:175) ~[selenium-remote-driver-4.15.0.jar:?]
	at org.openqa.selenium.remote.RemoteWebDriver.execute(RemoteWebDriver.java:607) ~[selenium-remote-driver-4.15.0.jar:?]
	at org.openqa.selenium.remote.ElementLocation$ElementFinder$2.findElement(ElementLocation.java:165) ~[selenium-remote-driver-4.15.0.jar:?]
	at org.openqa.selenium.remote.ElementLocation.findElement(ElementLocation.java:59) ~[selenium-remote-driver-4.15.0.jar:?]
	at org.openqa.selenium.remote.RemoteWebDriver.findElement(RemoteWebDriver.java:364) ~[selenium-remote-driver-4.15.0.jar:?]
	at org.openqa.selenium.remote.RemoteWebDriver.findElement(RemoteWebDriver.java:358) ~[selenium-remote-driver-4.15.0.jar:?]
	at org.openqa.selenium.support.pagefactory.DefaultElementLocator.findElement(DefaultElementLocator.java:68) ~[selenium-support-4.15.0.jar:?]
	at org.openqa.selenium.support.pagefactory.internal.LocatingElementHandler.invoke(LocatingElementHandler.java:38) ~[selenium-support-4.15.0.jar:?]
	at jdk.proxy2/jdk.proxy2.$Proxy25.isDisplayed(Unknown Source) ~[?:?]
	at org.openqa.selenium.support.ui.ExpectedConditions.elementIfVisible(ExpectedConditions.java:304) ~[selenium-support-4.15.0.jar:?]
	at org.openqa.selenium.support.ui.ExpectedConditions$10.apply(ExpectedConditions.java:290) ~[selenium-support-4.15.0.jar:?]
	at org.openqa.selenium.support.ui.ExpectedConditions$10.apply(ExpectedConditions.java:287) ~[selenium-support-4.15.0.jar:?]
	at org.openqa.selenium.support.ui.ExpectedConditions$23.apply(ExpectedConditions.java:656) ~[selenium-support-4.15.0.jar:?]
	at org.openqa.selenium.support.ui.ExpectedConditions$23.apply(ExpectedConditions.java:652) ~[selenium-support-4.15.0.jar:?]
	at org.openqa.selenium.support.ui.FluentWait.until(FluentWait.java:204) ~[selenium-support-4.15.0.jar:?]
	... 32 more
2025-09-21 17:43:24.162 [main] INFO  com.automation.utils.ExcelReader - Excel dosyası kapatıldı
2025-09-21 17:43:24.163 [main] INFO  com.automation.base.BaseTest - Test sonlandırılıyor...
2025-09-21 17:44:52.208 [main] INFO  com.automation.base.BaseTest - Test başlatılıyor...
2025-09-21 17:44:54.403 [main] INFO  com.automation.utils.ExcelReader - Excel dosyası başarıyla açıldı: src/test/resources/test-data.xlsx | Sheet: SearchTerms
2025-09-21 17:44:54.405 [main] INFO  com.automation.utils.FileWriterUtil - Yeni dosya oluşturuldu: product-info.txt
2025-09-21 17:44:54.405 [main] INFO  com.automation.pages.ZaraHomePage - Zara websitesine gidiliyor...
2025-09-21 17:44:57.527 [main] INFO  com.automation.base.BaseTest - Zara sitesi açıldı
2025-09-21 17:44:57.527 [main] INFO  com.automation.pages.ZaraHomePage - Çerezler reddediliyor...
2025-09-21 17:44:57.619 [main] DEBUG com.automation.pages.BasePage - Element tıklandı: [[ChromeDriver: chrome on mac (5088622640b6128c43c80c05d0595676)] -> css selector: #onetrust-reject-all-handler]
2025-09-21 17:44:57.619 [main] INFO  com.automation.pages.ZaraHomePage - Login linki tıklanıyor...
2025-09-21 17:45:10.152 [main] DEBUG com.automation.pages.BasePage - Element tıklandı: Proxy element for: DefaultElementLocator 'By.xpath: //a[contains(text(),'GİRİŞ YAP')]'
2025-09-21 17:45:10.153 [main] INFO  com.automation.pages.ZaraLoginPage - Eposta adresi yazılıyor...
2025-09-21 17:45:10.359 [main] DEBUG com.automation.pages.BasePage - Text gönderildi: nurilhudaguney@gmail.com - Element: [[ChromeDriver: chrome on mac (5088622640b6128c43c80c05d0595676)] -> xpath: //input[@id='zds-:r5:']]
2025-09-21 17:45:10.359 [main] INFO  com.automation.pages.ZaraLoginPage - Password yazılıyor...
2025-09-21 17:45:10.459 [main] DEBUG com.automation.pages.BasePage - Text gönderildi: TestCase@1234 - Element: [[ChromeDriver: chrome on mac (5088622640b6128c43c80c05d0595676)] -> xpath: //input[@id='zds-:r8:']]
2025-09-21 17:45:10.459 [main] INFO  com.automation.pages.ZaraLoginPage - Giriş yap tıklanıyor...
2025-09-21 17:45:10.523 [main] DEBUG com.automation.pages.BasePage - Element tıklandı: [[ChromeDriver: chrome on mac (5088622640b6128c43c80c05d0595676)] -> css selector: button[role='button']]
2025-09-21 17:45:10.523 [main] INFO  com.automation.pages.ZaraLoginPage - Anasayfaya dönülüyor...
2025-09-21 17:45:12.755 [main] DEBUG com.automation.pages.BasePage - Element tıklandı: [[ChromeDriver: chrome on mac (5088622640b6128c43c80c05d0595676)] -> css selector: div[class='layout-header-logo layout-header-std__logo layout-customer-base-header__logo'] a[aria-label='Ana sayfaya git'] svg path]
2025-09-21 17:45:22.761 [main] INFO  com.automation.pages.ZaraHomePage - Menu açılıyor...
2025-09-21 17:45:32.974 [main] DEBUG com.automation.pages.BasePage - Element tıklandı: Proxy element for: DefaultElementLocator 'By.cssSelector: button[aria-label='Menüyü aç']'
2025-09-21 17:45:34.979 [main] INFO  com.automation.pages.ZaraHomePage - Erkek menüsü tıklanıyor...
2025-09-21 17:45:35.160 [main] DEBUG com.automation.pages.BasePage - Element tıklandı: [[ChromeDriver: chrome on mac (5088622640b6128c43c80c05d0595676)] -> xpath: (//span[@class='layout-categories-category-name'][normalize-space()='ERKEK'])[1]]
2025-09-21 17:45:37.165 [main] INFO  com.automation.pages.ZaraHomePage - Tümünü gör butonuna tıklanıyor...
2025-09-21 17:45:37.311 [main] DEBUG com.automation.pages.BasePage - Element tıklandı: [[ChromeDriver: chrome on mac (5088622640b6128c43c80c05d0595676)] -> xpath: //span[normalize-space()='TÜMÜNÜ GÖR']]
2025-09-21 17:45:37.312 [main] INFO  com.automation.base.BaseTest - Erkek kategorisine gidildi
2025-09-21 17:45:47.364 [main] DEBUG com.automation.utils.ExcelReader - Hücre verisi okundu: Row=0, Column=0, Value=şort
2025-09-21 17:45:47.365 [main] DEBUG com.automation.utils.ExcelReader - Hücre verisi okundu: Row=1, Column=0, Value=gömlek
2025-09-21 17:45:47.365 [main] INFO  com.automation.base.BaseTest - İlk arama terimi: şort
2025-09-21 17:45:47.366 [main] INFO  com.automation.base.BaseTest - İkinci arama terimi: gömlek
2025-09-21 17:45:47.461 [main] DEBUG com.automation.pages.BasePage - Element tıklandı: [[ChromeDriver: chrome on mac (5088622640b6128c43c80c05d0595676)] -> xpath: //span[@class='layout-header-action-search__content']]
2025-09-21 17:45:50.467 [main] INFO  com.automation.pages.ZaraHomePage - Ürün aranıyor: şort
2025-09-21 17:45:50.611 [main] INFO  com.automation.pages.ZaraHomePage - Enter tuşuna basılıyor...
2025-09-21 17:45:53.692 [main] INFO  com.automation.pages.ZaraHomePage - Arama kutusu 2 temizleniyor...
2025-09-21 17:46:03.979 [main] DEBUG com.automation.pages.BasePage - Element tıklandı: Proxy element for: DefaultElementLocator 'By.cssSelector: .search-products-form__input-clear-icon'
2025-09-21 17:46:03.981 [main] INFO  com.automation.base.BaseTest - Arama kutusu temizlendi
2025-09-21 17:46:06.984 [main] INFO  com.automation.pages.ZaraHomePage - Ürün aranıyor: gömlek
2025-09-21 17:46:07.291 [main] INFO  com.automation.base.BaseTest - İkinci arama terimi: gömlek
2025-09-21 17:46:10.296 [main] INFO  com.automation.pages.ZaraHomePage - Enter tuşuna basılıyor...
2025-09-21 17:46:13.374 [main] INFO  com.automation.pages.ZaraProductPage - Rastgele ürün seçiliyor...
2025-09-21 17:46:13.463 [main] INFO  com.automation.pages.ZaraProductPage - Rastgele ürün seçildi: 10
2025-09-21 17:46:13.463 [main] INFO  com.automation.base.BaseTest - Rastgele ürün seçildi
2025-09-21 17:46:13.464 [main] INFO  com.automation.pages.ZaraProductPage - Ürün bilgisi alınıyor...
2025-09-21 17:46:14.331 [main] DEBUG com.automation.pages.BasePage - Text alındı: DOKULU OXFORD GÖMLEK
2025-09-21 17:46:14.331 [main] INFO  com.automation.pages.ZaraProductPage - Ürün fiyatı alınıyor...
2025-09-21 17:46:14.380 [main] DEBUG com.automation.pages.BasePage - Text alındı: 1.590,00 TL
2025-09-21 17:46:14.383 [main] INFO  com.automation.utils.FileWriterUtil - Ürün bilgileri dosyaya yazıldı: product-info.txt
2025-09-21 17:46:14.384 [main] INFO  com.automation.base.BaseTest - Ürün bilgileri dosyaya yazıldı
2025-09-21 17:46:14.384 [main] INFO  com.automation.pages.ZaraProductPage - Ürün sepete ekleniyor...
2025-09-21 17:46:14.449 [main] DEBUG com.automation.pages.BasePage - Element tıklandı: [[ChromeDriver: chrome on mac (5088622640b6128c43c80c05d0595676)] -> xpath: //div[@class='product-detail-cart-buttons__main-action']]
2025-09-21 17:46:14.490 [main] INFO  com.automation.pages.ZaraProductPage - Rastgele beden seçildi: 4
2025-09-21 17:46:48.663 [main] WARN  com.automation.pages.BasePage - Element zamanında tıklanabilir hale gelmedi, geçiliyor: Proxy element for: DefaultElementLocator 'By.xpath: //button[contains(text(),'Hayır, teşekkürler')]'
2025-09-21 17:46:48.666 [main] INFO  com.automation.base.BaseTest - Ürün sepete eklendi
2025-09-21 17:46:58.672 [main] INFO  com.automation.pages.ZaraHomePage - Alışveriş sepeti tıklanıyor...
2025-09-21 17:46:59.809 [main] ERROR com.automation.pages.BasePage - Element tıklanamadı: [[ChromeDriver: chrome on mac (5088622640b6128c43c80c05d0595676)] -> css selector: li[class='layout-header-action layout-header-action--type-text'] span:nth-child(1)]
org.openqa.selenium.ElementClickInterceptedException: element click intercepted: Element <span>...</span> is not clickable at point (1355, 47). Other element would receive the click: <div aria-describedby="zds-449" aria-labelledby="zds-450" class="zds-dialog__wrapper zds-drawer__container zds-drawer--size-l add-to-cart-notification__container" role="dialog" style="transform: translateX(0%); opacity: 1;">...</div>
  (Session info: chrome=140.0.7339.133)
Build info: version: '4.15.0', revision: '1d14b5521b'
System info: os.name: 'Mac OS X', os.arch: 'aarch64', os.version: '15.5', java.version: '17.0.14'
Driver info: org.openqa.selenium.chrome.ChromeDriver
Command: [5088622640b6128c43c80c05d0595676, clickElement {id=f.7ED0D55A25AAFAC39B91DB26776F6F2C.d.3A46223F6856FA82BFDB7529B3E18BC2.e.224}]
Capabilities {acceptInsecureCerts: false, browserName: chrome, browserVersion: 140.0.7339.133, chrome: {chromedriverVersion: 140.0.7339.185 (eeea00e459e..., userDataDir: /var/folders/ly/h8tl56p95jz...}, fedcm:accounts: true, goog:chromeOptions: {debuggerAddress: localhost:57683}, networkConnectionEnabled: false, pageLoadStrategy: normal, platformName: mac, proxy: Proxy(), se:cdp: ws://localhost:57683/devtoo..., se:cdpVersion: 140.0.7339.133, setWindowRect: true, strictFileInteractability: false, timeouts: {implicit: 0, pageLoad: 300000, script: 30000}, unhandledPromptBehavior: dismiss and notify, webauthn:extension:credBlob: true, webauthn:extension:largeBlob: true, webauthn:extension:minPinLength: true, webauthn:extension:prf: true, webauthn:virtualAuthenticators: true}
Element: [[ChromeDriver: chrome on mac (5088622640b6128c43c80c05d0595676)] -> css selector: li[class='layout-header-action layout-header-action--type-text'] span:nth-child(1)]
Session ID: 5088622640b6128c43c80c05d0595676
	at java.base/jdk.internal.reflect.NativeConstructorAccessorImpl.newInstance0(Native Method) ~[?:?]
	at java.base/jdk.internal.reflect.NativeConstructorAccessorImpl.newInstance(NativeConstructorAccessorImpl.java:77) ~[?:?]
	at java.base/jdk.internal.reflect.DelegatingConstructorAccessorImpl.newInstance(DelegatingConstructorAccessorImpl.java:45) ~[?:?]
	at java.base/java.lang.reflect.Constructor.newInstanceWithCaller(Constructor.java:500) ~[?:?]
	at java.base/java.lang.reflect.Constructor.newInstance(Constructor.java:481) ~[?:?]
	at org.openqa.selenium.remote.codec.w3c.W3CHttpResponseCodec.createException(W3CHttpResponseCodec.java:200) ~[selenium-remote-driver-4.15.0.jar:?]
	at org.openqa.selenium.remote.codec.w3c.W3CHttpResponseCodec.decode(W3CHttpResponseCodec.java:133) ~[selenium-remote-driver-4.15.0.jar:?]
	at org.openqa.selenium.remote.codec.w3c.W3CHttpResponseCodec.decode(W3CHttpResponseCodec.java:52) ~[selenium-remote-driver-4.15.0.jar:?]
	at org.openqa.selenium.remote.HttpCommandExecutor.execute(HttpCommandExecutor.java:191) ~[selenium-remote-driver-4.15.0.jar:?]
	at org.openqa.selenium.remote.service.DriverCommandExecutor.invokeExecute(DriverCommandExecutor.java:200) ~[selenium-remote-driver-4.15.0.jar:?]
	at org.openqa.selenium.remote.service.DriverCommandExecutor.execute(DriverCommandExecutor.java:175) ~[selenium-remote-driver-4.15.0.jar:?]
	at org.openqa.selenium.remote.RemoteWebDriver.execute(RemoteWebDriver.java:607) ~[selenium-remote-driver-4.15.0.jar:?]
	at org.openqa.selenium.remote.RemoteWebElement.execute(RemoteWebElement.java:224) ~[selenium-remote-driver-4.15.0.jar:?]
	at org.openqa.selenium.remote.RemoteWebElement.click(RemoteWebElement.java:77) ~[selenium-remote-driver-4.15.0.jar:?]
	at java.base/jdk.internal.reflect.NativeMethodAccessorImpl.invoke0(Native Method) ~[?:?]
	at java.base/jdk.internal.reflect.NativeMethodAccessorImpl.invoke(NativeMethodAccessorImpl.java:77) ~[?:?]
	at java.base/jdk.internal.reflect.DelegatingMethodAccessorImpl.invoke(DelegatingMethodAccessorImpl.java:43) ~[?:?]
	at java.base/java.lang.reflect.Method.invoke(Method.java:569) ~[?:?]
	at org.openqa.selenium.support.pagefactory.internal.LocatingElementHandler.invoke(LocatingElementHandler.java:51) ~[selenium-support-4.15.0.jar:?]
	at jdk.proxy2/jdk.proxy2.$Proxy25.click(Unknown Source) ~[?:?]
	at com.automation.pages.BasePage.waitAndClick(BasePage.java:33) [classes/:?]
	at com.automation.pages.ZaraHomePage.clickShoppingBag(ZaraHomePage.java:130) [classes/:?]
	at org.automation.tests.ZaraWebTest.testZaraEcommerceFlow(ZaraWebTest.java:98) [test-classes/:?]
	at java.base/jdk.internal.reflect.NativeMethodAccessorImpl.invoke0(Native Method) ~[?:?]
	at java.base/jdk.internal.reflect.NativeMethodAccessorImpl.invoke(NativeMethodAccessorImpl.java:77) ~[?:?]
	at java.base/jdk.internal.reflect.DelegatingMethodAccessorImpl.invoke(DelegatingMethodAccessorImpl.java:43) ~[?:?]
	at java.base/java.lang.reflect.Method.invoke(Method.java:569) ~[?:?]
	at org.junit.runners.model.FrameworkMethod$1.runReflectiveCall(FrameworkMethod.java:59) [junit-4.13.2.jar:4.13.2]
	at org.junit.internal.runners.model.ReflectiveCallable.run(ReflectiveCallable.java:12) [junit-4.13.2.jar:4.13.2]
	at org.junit.runners.model.FrameworkMethod.invokeExplosively(FrameworkMethod.java:56) [junit-4.13.2.jar:4.13.2]
	at org.junit.internal.runners.statements.InvokeMethod.evaluate(InvokeMethod.java:17) [junit-4.13.2.jar:4.13.2]
	at org.junit.internal.runners.statements.RunBefores.evaluate(RunBefores.java:26) [junit-4.13.2.jar:4.13.2]
	at org.junit.internal.runners.statements.RunAfters.evaluate(RunAfters.java:27) [junit-4.13.2.jar:4.13.2]
	at org.junit.runners.ParentRunner$3.evaluate(ParentRunner.java:306) [junit-4.13.2.jar:4.13.2]
	at org.junit.runners.BlockJUnit4ClassRunner$1.evaluate(BlockJUnit4ClassRunner.java:100) [junit-4.13.2.jar:4.13.2]
	at org.junit.runners.ParentRunner.runLeaf(ParentRunner.java:366) [junit-4.13.2.jar:4.13.2]
	at org.junit.runners.BlockJUnit4ClassRunner.runChild(BlockJUnit4ClassRunner.java:103) [junit-4.13.2.jar:4.13.2]
	at org.junit.runners.BlockJUnit4ClassRunner.runChild(BlockJUnit4ClassRunner.java:63) [junit-4.13.2.jar:4.13.2]
	at org.junit.runners.ParentRunner$4.run(ParentRunner.java:331) [junit-4.13.2.jar:4.13.2]
	at org.junit.runners.ParentRunner$1.schedule(ParentRunner.java:79) [junit-4.13.2.jar:4.13.2]
	at org.junit.runners.ParentRunner.runChildren(ParentRunner.java:329) [junit-4.13.2.jar:4.13.2]
	at org.junit.runners.ParentRunner.access$100(ParentRunner.java:66) [junit-4.13.2.jar:4.13.2]
	at org.junit.runners.ParentRunner$2.evaluate(ParentRunner.java:293) [junit-4.13.2.jar:4.13.2]
	at org.junit.runners.ParentRunner$3.evaluate(ParentRunner.java:306) [junit-4.13.2.jar:4.13.2]
	at org.junit.runners.ParentRunner.run(ParentRunner.java:413) [junit-4.13.2.jar:4.13.2]
	at org.junit.runner.JUnitCore.run(JUnitCore.java:137) [junit-4.13.2.jar:4.13.2]
	at com.intellij.junit4.JUnit4IdeaTestRunner.startRunnerWithArgs(JUnit4IdeaTestRunner.java:69) [junit-rt.jar:?]
	at com.intellij.rt.junit.IdeaTestRunner$Repeater$1.execute(IdeaTestRunner.java:38) [junit-rt.jar:?]
	at com.intellij.rt.execution.junit.TestsRepeater.repeat(TestsRepeater.java:11) [idea_rt.jar:?]
	at com.intellij.rt.junit.IdeaTestRunner$Repeater.startRunnerWithArgs(IdeaTestRunner.java:35) [junit-rt.jar:?]
	at com.intellij.rt.junit.JUnitStarter.prepareStreamsAndStart(JUnitStarter.java:232) [junit-rt.jar:?]
	at com.intellij.rt.junit.JUnitStarter.main(JUnitStarter.java:55) [junit-rt.jar:?]
2025-09-21 17:46:59.827 [main] ERROR com.automation.base.BaseTest - Test sırasında hata oluştu
org.openqa.selenium.ElementClickInterceptedException: element click intercepted: Element <span>...</span> is not clickable at point (1355, 47). Other element would receive the click: <div aria-describedby="zds-449" aria-labelledby="zds-450" class="zds-dialog__wrapper zds-drawer__container zds-drawer--size-l add-to-cart-notification__container" role="dialog" style="transform: translateX(0%); opacity: 1;">...</div>
  (Session info: chrome=140.0.7339.133)
Build info: version: '4.15.0', revision: '1d14b5521b'
System info: os.name: 'Mac OS X', os.arch: 'aarch64', os.version: '15.5', java.version: '17.0.14'
Driver info: org.openqa.selenium.chrome.ChromeDriver
Command: [5088622640b6128c43c80c05d0595676, clickElement {id=f.7ED0D55A25AAFAC39B91DB26776F6F2C.d.3A46223F6856FA82BFDB7529B3E18BC2.e.224}]
Capabilities {acceptInsecureCerts: false, browserName: chrome, browserVersion: 140.0.7339.133, chrome: {chromedriverVersion: 140.0.7339.185 (eeea00e459e..., userDataDir: /var/folders/ly/h8tl56p95jz...}, fedcm:accounts: true, goog:chromeOptions: {debuggerAddress: localhost:57683}, networkConnectionEnabled: false, pageLoadStrategy: normal, platformName: mac, proxy: Proxy(), se:cdp: ws://localhost:57683/devtoo..., se:cdpVersion: 140.0.7339.133, setWindowRect: true, strictFileInteractability: false, timeouts: {implicit: 0, pageLoad: 300000, script: 30000}, unhandledPromptBehavior: dismiss and notify, webauthn:extension:credBlob: true, webauthn:extension:largeBlob: true, webauthn:extension:minPinLength: true, webauthn:extension:prf: true, webauthn:virtualAuthenticators: true}
Element: [[ChromeDriver: chrome on mac (5088622640b6128c43c80c05d0595676)] -> css selector: li[class='layout-header-action layout-header-action--type-text'] span:nth-child(1)]
Session ID: 5088622640b6128c43c80c05d0595676
	at java.base/jdk.internal.reflect.NativeConstructorAccessorImpl.newInstance0(Native Method) ~[?:?]
	at java.base/jdk.internal.reflect.NativeConstructorAccessorImpl.newInstance(NativeConstructorAccessorImpl.java:77) ~[?:?]
	at java.base/jdk.internal.reflect.DelegatingConstructorAccessorImpl.newInstance(DelegatingConstructorAccessorImpl.java:45) ~[?:?]
	at java.base/java.lang.reflect.Constructor.newInstanceWithCaller(Constructor.java:500) ~[?:?]
	at java.base/java.lang.reflect.Constructor.newInstance(Constructor.java:481) ~[?:?]
	at org.openqa.selenium.remote.codec.w3c.W3CHttpResponseCodec.createException(W3CHttpResponseCodec.java:200) ~[selenium-remote-driver-4.15.0.jar:?]
	at org.openqa.selenium.remote.codec.w3c.W3CHttpResponseCodec.decode(W3CHttpResponseCodec.java:133) ~[selenium-remote-driver-4.15.0.jar:?]
	at org.openqa.selenium.remote.codec.w3c.W3CHttpResponseCodec.decode(W3CHttpResponseCodec.java:52) ~[selenium-remote-driver-4.15.0.jar:?]
	at org.openqa.selenium.remote.HttpCommandExecutor.execute(HttpCommandExecutor.java:191) ~[selenium-remote-driver-4.15.0.jar:?]
	at org.openqa.selenium.remote.service.DriverCommandExecutor.invokeExecute(DriverCommandExecutor.java:200) ~[selenium-remote-driver-4.15.0.jar:?]
	at org.openqa.selenium.remote.service.DriverCommandExecutor.execute(DriverCommandExecutor.java:175) ~[selenium-remote-driver-4.15.0.jar:?]
	at org.openqa.selenium.remote.RemoteWebDriver.execute(RemoteWebDriver.java:607) ~[selenium-remote-driver-4.15.0.jar:?]
	at org.openqa.selenium.remote.RemoteWebElement.execute(RemoteWebElement.java:224) ~[selenium-remote-driver-4.15.0.jar:?]
	at org.openqa.selenium.remote.RemoteWebElement.click(RemoteWebElement.java:77) ~[selenium-remote-driver-4.15.0.jar:?]
	at java.base/jdk.internal.reflect.NativeMethodAccessorImpl.invoke0(Native Method) ~[?:?]
	at java.base/jdk.internal.reflect.NativeMethodAccessorImpl.invoke(NativeMethodAccessorImpl.java:77) ~[?:?]
	at java.base/jdk.internal.reflect.DelegatingMethodAccessorImpl.invoke(DelegatingMethodAccessorImpl.java:43) ~[?:?]
	at java.base/java.lang.reflect.Method.invoke(Method.java:569) ~[?:?]
	at org.openqa.selenium.support.pagefactory.internal.LocatingElementHandler.invoke(LocatingElementHandler.java:51) ~[selenium-support-4.15.0.jar:?]
	at jdk.proxy2/jdk.proxy2.$Proxy25.click(Unknown Source) ~[?:?]
	at com.automation.pages.BasePage.waitAndClick(BasePage.java:33) ~[classes/:?]
	at com.automation.pages.ZaraHomePage.clickShoppingBag(ZaraHomePage.java:130) ~[classes/:?]
	at org.automation.tests.ZaraWebTest.testZaraEcommerceFlow(ZaraWebTest.java:98) [test-classes/:?]
	at java.base/jdk.internal.reflect.NativeMethodAccessorImpl.invoke0(Native Method) ~[?:?]
	at java.base/jdk.internal.reflect.NativeMethodAccessorImpl.invoke(NativeMethodAccessorImpl.java:77) ~[?:?]
	at java.base/jdk.internal.reflect.DelegatingMethodAccessorImpl.invoke(DelegatingMethodAccessorImpl.java:43) ~[?:?]
	at java.base/java.lang.reflect.Method.invoke(Method.java:569) ~[?:?]
	at org.junit.runners.model.FrameworkMethod$1.runReflectiveCall(FrameworkMethod.java:59) [junit-4.13.2.jar:4.13.2]
	at org.junit.internal.runners.model.ReflectiveCallable.run(ReflectiveCallable.java:12) [junit-4.13.2.jar:4.13.2]
	at org.junit.runners.model.FrameworkMethod.invokeExplosively(FrameworkMethod.java:56) [junit-4.13.2.jar:4.13.2]
	at org.junit.internal.runners.statements.InvokeMethod.evaluate(InvokeMethod.java:17) [junit-4.13.2.jar:4.13.2]
	at org.junit.internal.runners.statements.RunBefores.evaluate(RunBefores.java:26) [junit-4.13.2.jar:4.13.2]
	at org.junit.internal.runners.statements.RunAfters.evaluate(RunAfters.java:27) [junit-4.13.2.jar:4.13.2]
	at org.junit.runners.ParentRunner$3.evaluate(ParentRunner.java:306) [junit-4.13.2.jar:4.13.2]
	at org.junit.runners.BlockJUnit4ClassRunner$1.evaluate(BlockJUnit4ClassRunner.java:100) [junit-4.13.2.jar:4.13.2]
	at org.junit.runners.ParentRunner.runLeaf(ParentRunner.java:366) [junit-4.13.2.jar:4.13.2]
	at org.junit.runners.BlockJUnit4ClassRunner.runChild(BlockJUnit4ClassRunner.java:103) [junit-4.13.2.jar:4.13.2]
	at org.junit.runners.BlockJUnit4ClassRunner.runChild(BlockJUnit4ClassRunner.java:63) [junit-4.13.2.jar:4.13.2]
	at org.junit.runners.ParentRunner$4.run(ParentRunner.java:331) [junit-4.13.2.jar:4.13.2]
	at org.junit.runners.ParentRunner$1.schedule(ParentRunner.java:79) [junit-4.13.2.jar:4.13.2]
	at org.junit.runners.ParentRunner.runChildren(ParentRunner.java:329) [junit-4.13.2.jar:4.13.2]
	at org.junit.runners.ParentRunner.access$100(ParentRunner.java:66) [junit-4.13.2.jar:4.13.2]
	at org.junit.runners.ParentRunner$2.evaluate(ParentRunner.java:293) [junit-4.13.2.jar:4.13.2]
	at org.junit.runners.ParentRunner$3.evaluate(ParentRunner.java:306) [junit-4.13.2.jar:4.13.2]
	at org.junit.runners.ParentRunner.run(ParentRunner.java:413) [junit-4.13.2.jar:4.13.2]
	at org.junit.runner.JUnitCore.run(JUnitCore.java:137) [junit-4.13.2.jar:4.13.2]
	at com.intellij.junit4.JUnit4IdeaTestRunner.startRunnerWithArgs(JUnit4IdeaTestRunner.java:69) [junit-rt.jar:?]
	at com.intellij.rt.junit.IdeaTestRunner$Repeater$1.execute(IdeaTestRunner.java:38) [junit-rt.jar:?]
	at com.intellij.rt.execution.junit.TestsRepeater.repeat(TestsRepeater.java:11) [idea_rt.jar:?]
	at com.intellij.rt.junit.IdeaTestRunner$Repeater.startRunnerWithArgs(IdeaTestRunner.java:35) [junit-rt.jar:?]
	at com.intellij.rt.junit.JUnitStarter.prepareStreamsAndStart(JUnitStarter.java:232) [junit-rt.jar:?]
	at com.intellij.rt.junit.JUnitStarter.main(JUnitStarter.java:55) [junit-rt.jar:?]
2025-09-21 17:46:59.838 [main] INFO  com.automation.utils.ExcelReader - Excel dosyası kapatıldı
2025-09-21 17:46:59.838 [main] INFO  com.automation.base.BaseTest - Test sonlandırılıyor...
2025-09-21 17:49:24.622 [main] INFO  com.automation.base.BaseTest - Test başlatılıyor...
2025-09-21 17:49:26.860 [main] INFO  com.automation.utils.ExcelReader - Excel dosyası başarıyla açıldı: src/test/resources/test-data.xlsx | Sheet: SearchTerms
2025-09-21 17:49:26.861 [main] INFO  com.automation.utils.FileWriterUtil - Yeni dosya oluşturuldu: product-info.txt
2025-09-21 17:49:26.861 [main] INFO  com.automation.pages.ZaraHomePage - Zara websitesine gidiliyor...
2025-09-21 17:49:28.608 [main] INFO  com.automation.base.BaseTest - Zara sitesi açıldı
2025-09-21 17:49:28.609 [main] INFO  com.automation.pages.ZaraHomePage - Çerezler reddediliyor...
2025-09-21 17:49:28.720 [main] DEBUG com.automation.pages.BasePage - Element tıklandı: [[ChromeDriver: chrome on mac (0ccb05ad3eb4ed38ec45fb9a38e86545)] -> css selector: #onetrust-reject-all-handler]
2025-09-21 17:49:28.720 [main] INFO  com.automation.pages.ZaraHomePage - Login linki tıklanıyor...
2025-09-21 17:49:41.318 [main] DEBUG com.automation.pages.BasePage - Element tıklandı: Proxy element for: DefaultElementLocator 'By.xpath: //a[contains(text(),'GİRİŞ YAP')]'
2025-09-21 17:49:41.319 [main] INFO  com.automation.pages.ZaraLoginPage - Eposta adresi yazılıyor...
2025-09-21 17:49:41.518 [main] DEBUG com.automation.pages.BasePage - Text gönderildi: nurilhudaguney@gmail.com - Element: [[ChromeDriver: chrome on mac (0ccb05ad3eb4ed38ec45fb9a38e86545)] -> xpath: //input[@id='zds-:r5:']]
2025-09-21 17:49:41.518 [main] INFO  com.automation.pages.ZaraLoginPage - Password yazılıyor...
2025-09-21 17:49:41.619 [main] DEBUG com.automation.pages.BasePage - Text gönderildi: TestCase@1234 - Element: [[ChromeDriver: chrome on mac (0ccb05ad3eb4ed38ec45fb9a38e86545)] -> xpath: //input[@id='zds-:r8:']]
2025-09-21 17:49:41.619 [main] INFO  com.automation.pages.ZaraLoginPage - Giriş yap tıklanıyor...
2025-09-21 17:49:41.677 [main] DEBUG com.automation.pages.BasePage - Element tıklandı: [[ChromeDriver: chrome on mac (0ccb05ad3eb4ed38ec45fb9a38e86545)] -> css selector: button[role='button']]
2025-09-21 17:49:41.677 [main] INFO  com.automation.pages.ZaraLoginPage - Anasayfaya dönülüyor...
2025-09-21 17:49:43.739 [main] DEBUG com.automation.pages.BasePage - Element tıklandı: [[ChromeDriver: chrome on mac (0ccb05ad3eb4ed38ec45fb9a38e86545)] -> css selector: div[class='layout-header-logo layout-header-std__logo layout-customer-base-header__logo'] a[aria-label='Ana sayfaya git'] svg path]
2025-09-21 17:49:53.744 [main] INFO  com.automation.pages.ZaraHomePage - Menu açılıyor...
2025-09-21 17:50:03.980 [main] DEBUG com.automation.pages.BasePage - Element tıklandı: Proxy element for: DefaultElementLocator 'By.cssSelector: button[aria-label='Menüyü aç']'
2025-09-21 17:50:05.988 [main] INFO  com.automation.pages.ZaraHomePage - Erkek menüsü tıklanıyor...
2025-09-21 17:50:06.174 [main] DEBUG com.automation.pages.BasePage - Element tıklandı: [[ChromeDriver: chrome on mac (0ccb05ad3eb4ed38ec45fb9a38e86545)] -> xpath: (//span[@class='layout-categories-category-name'][normalize-space()='ERKEK'])[1]]
2025-09-21 17:50:08.179 [main] INFO  com.automation.pages.ZaraHomePage - Tümünü gör butonuna tıklanıyor...
2025-09-21 17:50:08.327 [main] DEBUG com.automation.pages.BasePage - Element tıklandı: [[ChromeDriver: chrome on mac (0ccb05ad3eb4ed38ec45fb9a38e86545)] -> xpath: //span[normalize-space()='TÜMÜNÜ GÖR']]
2025-09-21 17:50:08.327 [main] INFO  com.automation.base.BaseTest - Erkek kategorisine gidildi
2025-09-21 17:50:18.367 [main] DEBUG com.automation.utils.ExcelReader - Hücre verisi okundu: Row=0, Column=0, Value=şort
2025-09-21 17:50:18.368 [main] DEBUG com.automation.utils.ExcelReader - Hücre verisi okundu: Row=1, Column=0, Value=gömlek
2025-09-21 17:50:18.368 [main] INFO  com.automation.base.BaseTest - İlk arama terimi: şort
2025-09-21 17:50:18.368 [main] INFO  com.automation.base.BaseTest - İkinci arama terimi: gömlek
2025-09-21 17:50:18.472 [main] DEBUG com.automation.pages.BasePage - Element tıklandı: [[ChromeDriver: chrome on mac (0ccb05ad3eb4ed38ec45fb9a38e86545)] -> xpath: //span[@class='layout-header-action-search__content']]
2025-09-21 17:50:21.478 [main] INFO  com.automation.pages.ZaraHomePage - Ürün aranıyor: şort
2025-09-21 17:50:21.616 [main] INFO  com.automation.pages.ZaraHomePage - Enter tuşuna basılıyor...
2025-09-21 17:50:24.688 [main] INFO  com.automation.pages.ZaraHomePage - Arama kutusu 2 temizleniyor...
2025-09-21 17:50:34.938 [main] DEBUG com.automation.pages.BasePage - Element tıklandı: Proxy element for: DefaultElementLocator 'By.cssSelector: .search-products-form__input-clear-icon'
2025-09-21 17:50:34.940 [main] INFO  com.automation.base.BaseTest - Arama kutusu temizlendi
2025-09-21 17:50:37.946 [main] INFO  com.automation.pages.ZaraHomePage - Ürün aranıyor: gömlek
2025-09-21 17:50:38.253 [main] INFO  com.automation.base.BaseTest - İkinci arama terimi: gömlek
2025-09-21 17:50:41.260 [main] INFO  com.automation.pages.ZaraHomePage - Enter tuşuna basılıyor...
2025-09-21 17:50:44.379 [main] INFO  com.automation.pages.ZaraProductPage - Rastgele ürün seçiliyor...
2025-09-21 17:50:44.512 [main] INFO  com.automation.pages.ZaraProductPage - Rastgele ürün seçildi: 5
2025-09-21 17:50:44.512 [main] INFO  com.automation.base.BaseTest - Rastgele ürün seçildi
2025-09-21 17:50:44.512 [main] INFO  com.automation.pages.ZaraProductPage - Ürün bilgisi alınıyor...
2025-09-21 17:50:45.195 [main] DEBUG com.automation.pages.BasePage - Text alındı: PAMUKLU KETEN GÖMLEK
2025-09-21 17:50:45.195 [main] INFO  com.automation.pages.ZaraProductPage - Ürün fiyatı alınıyor...
2025-09-21 17:50:45.215 [main] DEBUG com.automation.pages.BasePage - Text alındı: 1.790,00 TL
2025-09-21 17:50:45.216 [main] INFO  com.automation.utils.FileWriterUtil - Ürün bilgileri dosyaya yazıldı: product-info.txt
2025-09-21 17:50:45.216 [main] INFO  com.automation.base.BaseTest - Ürün bilgileri dosyaya yazıldı
2025-09-21 17:50:45.216 [main] INFO  com.automation.pages.ZaraProductPage - Ürün sepete ekleniyor...
2025-09-21 17:50:45.272 [main] DEBUG com.automation.pages.BasePage - Element tıklandı: [[ChromeDriver: chrome on mac (0ccb05ad3eb4ed38ec45fb9a38e86545)] -> xpath: //div[@class='product-detail-cart-buttons__main-action']]
2025-09-21 17:50:45.319 [main] INFO  com.automation.pages.ZaraProductPage - Rastgele beden seçildi: 2
2025-09-21 17:51:19.493 [main] WARN  com.automation.pages.BasePage - Element zamanında tıklanabilir hale gelmedi, geçiliyor: Proxy element for: DefaultElementLocator 'By.xpath: //button[contains(text(),'Hayır, teşekkürler')]'
2025-09-21 17:51:19.496 [main] INFO  com.automation.base.BaseTest - Ürün sepete eklendi
2025-09-21 17:51:29.639 [main] INFO  com.automation.pages.BasePage - Element bulundu ve tıklandı: Proxy element for: DefaultElementLocator 'By.cssSelector: button[aria-label='kapat']'
2025-09-21 17:51:29.641 [main] INFO  com.automation.pages.ZaraHomePage - Alışveriş sepeti tıklanıyor...
2025-09-21 17:51:29.787 [main] DEBUG com.automation.pages.BasePage - Element tıklandı: [[ChromeDriver: chrome on mac (0ccb05ad3eb4ed38ec45fb9a38e86545)] -> css selector: li[class='layout-header-action layout-header-action--type-text'] span:nth-child(1)]
2025-09-21 17:51:31.793 [main] INFO  com.automation.pages.ZaraShoppingCartPage - Sepetteki ürün fiyatı alınıyor...
2025-09-21 17:51:31.848 [main] DEBUG com.automation.pages.BasePage - Text alındı: 1.790,00 TL
2025-09-21 17:51:31.854 [main] INFO  com.automation.base.BaseTest - Fiyat kontrolü başarılı
2025-09-21 17:51:31.854 [main] INFO  com.automation.pages.ZaraShoppingCartPage - Ürün adedi arttırılıyor...
2025-09-21 17:51:31.963 [main] DEBUG com.automation.pages.BasePage - Scroll edilip tıklanan element: [[ChromeDriver: chrome on mac (0ccb05ad3eb4ed38ec45fb9a38e86545)] -> class name: zds-quantity-selector__increase]
2025-09-21 17:51:34.969 [main] INFO  com.automation.pages.ZaraShoppingCartPage - Ürün adedi kontrol ediliyor...
2025-09-21 17:51:35.014 [main] INFO  com.automation.base.BaseTest - Ürün adedi 2'ye çıkarıldı
2025-09-21 17:51:35.015 [main] INFO  com.automation.pages.ZaraShoppingCartPage - Ürün sepetten siliniyor...
2025-09-21 17:51:35.156 [main] DEBUG com.automation.pages.BasePage - Scroll edilip tıklanan element: [[ChromeDriver: chrome on mac (0ccb05ad3eb4ed38ec45fb9a38e86545)] -> class name: zds-quantity-selector__decrease]
2025-09-21 17:51:35.400 [main] DEBUG com.automation.pages.BasePage - Scroll edilip tıklanan element: [[ChromeDriver: chrome on mac (0ccb05ad3eb4ed38ec45fb9a38e86545)] -> class name: zds-quantity-selector__decrease]
2025-09-21 17:51:35.401 [main] INFO  com.automation.pages.ZaraShoppingCartPage - Sepet boş mu kontrol ediliyor...
2025-09-21 17:51:35.650 [main] INFO  com.automation.base.BaseTest - Ürün sepetten silindi, sepet boş
2025-09-21 17:51:35.650 [main] INFO  com.automation.base.BaseTest - Tüm test adımları başarıyla tamamlandı!
2025-09-21 17:51:35.651 [main] INFO  com.automation.utils.ExcelReader - Excel dosyası kapatıldı
2025-09-21 17:51:35.651 [main] INFO  com.automation.base.BaseTest - Test sonlandırılıyor...
2025-09-21 17:51:42.427 [main] INFO  com.automation.base.BaseTest - Test başlatılıyor...
2025-09-21 17:51:45.191 [main] INFO  com.automation.utils.ExcelReader - Excel dosyası başarıyla açıldı: src/test/resources/test-data.xlsx | Sheet: SearchTerms
2025-09-21 17:51:45.192 [main] INFO  com.automation.utils.FileWriterUtil - Yeni dosya oluşturuldu: product-info.txt
2025-09-21 17:51:45.192 [main] INFO  com.automation.pages.ZaraHomePage - Zara websitesine gidiliyor...
2025-09-21 17:51:48.967 [main] INFO  com.automation.base.BaseTest - Zara sitesi açıldı
2025-09-21 17:51:48.968 [main] INFO  com.automation.pages.ZaraHomePage - Çerezler reddediliyor...
2025-09-21 17:51:49.077 [main] DEBUG com.automation.pages.BasePage - Element tıklandı: [[ChromeDriver: chrome on mac (a56266cdb6a54caab0713ac5ee543378)] -> css selector: #onetrust-reject-all-handler]
2025-09-21 17:51:49.077 [main] INFO  com.automation.pages.ZaraHomePage - Login linki tıklanıyor...
2025-09-21 17:52:01.573 [main] DEBUG com.automation.pages.BasePage - Element tıklandı: Proxy element for: DefaultElementLocator 'By.xpath: //a[contains(text(),'GİRİŞ YAP')]'
2025-09-21 17:52:01.575 [main] INFO  com.automation.pages.ZaraLoginPage - Eposta adresi yazılıyor...
2025-09-21 17:52:01.743 [main] DEBUG com.automation.pages.BasePage - Text gönderildi: nurilhudaguney@gmail.com - Element: [[ChromeDriver: chrome on mac (a56266cdb6a54caab0713ac5ee543378)] -> xpath: //input[@id='zds-:r5:']]
2025-09-21 17:52:01.743 [main] INFO  com.automation.pages.ZaraLoginPage - Password yazılıyor...
2025-09-21 17:52:01.844 [main] DEBUG com.automation.pages.BasePage - Text gönderildi: TestCase@1234 - Element: [[ChromeDriver: chrome on mac (a56266cdb6a54caab0713ac5ee543378)] -> xpath: //input[@id='zds-:r8:']]
2025-09-21 17:52:01.844 [main] INFO  com.automation.pages.ZaraLoginPage - Giriş yap tıklanıyor...
2025-09-21 17:52:01.916 [main] DEBUG com.automation.pages.BasePage - Element tıklandı: [[ChromeDriver: chrome on mac (a56266cdb6a54caab0713ac5ee543378)] -> css selector: button[role='button']]
2025-09-21 17:52:01.916 [main] INFO  com.automation.pages.ZaraLoginPage - Anasayfaya dönülüyor...
2025-09-21 17:52:04.878 [main] DEBUG com.automation.pages.BasePage - Element tıklandı: [[ChromeDriver: chrome on mac (a56266cdb6a54caab0713ac5ee543378)] -> css selector: div[class='layout-header-logo layout-header-std__logo layout-customer-base-header__logo'] a[aria-label='Ana sayfaya git'] svg path]
2025-09-21 17:52:14.884 [main] INFO  com.automation.pages.ZaraHomePage - Menu açılıyor...
2025-09-21 17:52:25.138 [main] DEBUG com.automation.pages.BasePage - Element tıklandı: Proxy element for: DefaultElementLocator 'By.cssSelector: button[aria-label='Menüyü aç']'
2025-09-21 17:52:27.145 [main] INFO  com.automation.pages.ZaraHomePage - Erkek menüsü tıklanıyor...
2025-09-21 17:52:27.333 [main] DEBUG com.automation.pages.BasePage - Element tıklandı: [[ChromeDriver: chrome on mac (a56266cdb6a54caab0713ac5ee543378)] -> xpath: (//span[@class='layout-categories-category-name'][normalize-space()='ERKEK'])[1]]
2025-09-21 17:52:29.338 [main] INFO  com.automation.pages.ZaraHomePage - Tümünü gör butonuna tıklanıyor...
2025-09-21 17:52:29.484 [main] DEBUG com.automation.pages.BasePage - Element tıklandı: [[ChromeDriver: chrome on mac (a56266cdb6a54caab0713ac5ee543378)] -> xpath: //span[normalize-space()='TÜMÜNÜ GÖR']]
2025-09-21 17:52:29.484 [main] INFO  com.automation.base.BaseTest - Erkek kategorisine gidildi
2025-09-21 17:52:39.523 [main] DEBUG com.automation.utils.ExcelReader - Hücre verisi okundu: Row=0, Column=0, Value=şort
2025-09-21 17:52:39.524 [main] DEBUG com.automation.utils.ExcelReader - Hücre verisi okundu: Row=1, Column=0, Value=gömlek
2025-09-21 17:52:39.524 [main] INFO  com.automation.base.BaseTest - İlk arama terimi: şort
2025-09-21 17:52:39.524 [main] INFO  com.automation.base.BaseTest - İkinci arama terimi: gömlek
2025-09-21 17:52:39.628 [main] DEBUG com.automation.pages.BasePage - Element tıklandı: [[ChromeDriver: chrome on mac (a56266cdb6a54caab0713ac5ee543378)] -> xpath: //span[@class='layout-header-action-search__content']]
2025-09-21 17:52:42.633 [main] INFO  com.automation.pages.ZaraHomePage - Ürün aranıyor: şort
2025-09-21 17:52:42.775 [main] INFO  com.automation.pages.ZaraHomePage - Enter tuşuna basılıyor...
2025-09-21 17:52:45.875 [main] INFO  com.automation.pages.ZaraHomePage - Arama kutusu 2 temizleniyor...
2025-09-21 17:52:56.184 [main] DEBUG com.automation.pages.BasePage - Element tıklandı: Proxy element for: DefaultElementLocator 'By.cssSelector: .search-products-form__input-clear-icon'
2025-09-21 17:52:56.186 [main] INFO  com.automation.base.BaseTest - Arama kutusu temizlendi
2025-09-21 17:52:59.192 [main] INFO  com.automation.pages.ZaraHomePage - Ürün aranıyor: gömlek
2025-09-21 17:52:59.497 [main] INFO  com.automation.base.BaseTest - İkinci arama terimi: gömlek
2025-09-21 17:53:02.502 [main] INFO  com.automation.pages.ZaraHomePage - Enter tuşuna basılıyor...
2025-09-21 17:53:05.559 [main] INFO  com.automation.pages.ZaraProductPage - Rastgele ürün seçiliyor...
2025-09-21 17:53:05.642 [main] INFO  com.automation.pages.ZaraProductPage - Rastgele ürün seçildi: 3
2025-09-21 17:53:05.664 [main] INFO  com.automation.base.BaseTest - Rastgele ürün seçildi
2025-09-21 17:53:05.664 [main] INFO  com.automation.pages.ZaraProductPage - Ürün bilgisi alınıyor...
2025-09-21 17:53:06.213 [main] DEBUG com.automation.pages.BasePage - Text alındı: SUNİ DERİ BOMBER CEKET
2025-09-21 17:53:06.213 [main] INFO  com.automation.pages.ZaraProductPage - Ürün fiyatı alınıyor...
2025-09-21 17:53:06.233 [main] DEBUG com.automation.pages.BasePage - Text alındı: 3.690,00 TL
2025-09-21 17:53:06.234 [main] INFO  com.automation.utils.FileWriterUtil - Ürün bilgileri dosyaya yazıldı: product-info.txt
2025-09-21 17:53:06.234 [main] INFO  com.automation.base.BaseTest - Ürün bilgileri dosyaya yazıldı
2025-09-21 17:53:06.235 [main] INFO  com.automation.pages.ZaraProductPage - Ürün sepete ekleniyor...
2025-09-21 17:53:06.287 [main] DEBUG com.automation.pages.BasePage - Element tıklandı: [[ChromeDriver: chrome on mac (a56266cdb6a54caab0713ac5ee543378)] -> xpath: //div[@class='product-detail-cart-buttons__main-action']]
2025-09-21 17:53:06.329 [main] INFO  com.automation.pages.ZaraProductPage - Rastgele beden seçildi: 0
2025-09-21 17:53:40.454 [main] WARN  com.automation.pages.BasePage - Element zamanında tıklanabilir hale gelmedi, geçiliyor: Proxy element for: DefaultElementLocator 'By.xpath: //button[contains(text(),'Hayır, teşekkürler')]'
2025-09-21 17:53:40.456 [main] INFO  com.automation.base.BaseTest - Ürün sepete eklendi
2025-09-21 17:53:50.588 [main] INFO  com.automation.pages.BasePage - Element bulundu ve tıklandı: Proxy element for: DefaultElementLocator 'By.cssSelector: button[aria-label='kapat']'
2025-09-21 17:53:50.590 [main] INFO  com.automation.pages.ZaraHomePage - Alışveriş sepeti tıklanıyor...
2025-09-21 17:53:50.693 [main] DEBUG com.automation.pages.BasePage - Element tıklandı: [[ChromeDriver: chrome on mac (a56266cdb6a54caab0713ac5ee543378)] -> css selector: li[class='layout-header-action layout-header-action--type-text'] span:nth-child(1)]
2025-09-21 17:53:52.699 [main] INFO  com.automation.pages.ZaraShoppingCartPage - Sepetteki ürün fiyatı alınıyor...
2025-09-21 17:53:52.760 [main] DEBUG com.automation.pages.BasePage - Text alındı: 3.690,00 TL
2025-09-21 17:53:52.766 [main] INFO  com.automation.base.BaseTest - Fiyat kontrolü başarılı
2025-09-21 17:53:52.767 [main] INFO  com.automation.pages.ZaraShoppingCartPage - Ürün adedi arttırılıyor...
2025-09-21 17:53:52.871 [main] DEBUG com.automation.pages.BasePage - Scroll edilip tıklanan element: [[ChromeDriver: chrome on mac (a56266cdb6a54caab0713ac5ee543378)] -> class name: zds-quantity-selector__increase]
2025-09-21 17:53:55.872 [main] INFO  com.automation.pages.ZaraShoppingCartPage - Ürün adedi kontrol ediliyor...
2025-09-21 17:53:55.912 [main] INFO  com.automation.base.BaseTest - Ürün adedi 2'ye çıkarıldı
2025-09-21 17:53:55.913 [main] INFO  com.automation.pages.ZaraShoppingCartPage - Ürün sepetten siliniyor...
2025-09-21 17:53:56.012 [main] DEBUG com.automation.pages.BasePage - Scroll edilip tıklanan element: [[ChromeDriver: chrome on mac (a56266cdb6a54caab0713ac5ee543378)] -> class name: zds-quantity-selector__decrease]
2025-09-21 17:53:56.651 [main] DEBUG com.automation.pages.BasePage - Scroll edilip tıklanan element: [[ChromeDriver: chrome on mac (a56266cdb6a54caab0713ac5ee543378)] -> class name: zds-quantity-selector__decrease]
2025-09-21 17:53:56.652 [main] INFO  com.automation.pages.ZaraShoppingCartPage - Sepet boş mu kontrol ediliyor...
2025-09-21 17:53:56.859 [main] INFO  com.automation.base.BaseTest - Ürün sepetten silindi, sepet boş
2025-09-21 17:53:56.859 [main] INFO  com.automation.base.BaseTest - Tüm test adımları başarıyla tamamlandı!
2025-09-21 17:53:56.859 [main] INFO  com.automation.utils.ExcelReader - Excel dosyası kapatıldı
2025-09-21 17:53:56.859 [main] INFO  com.automation.base.BaseTest - Test sonlandırılıyor...
2025-09-21 18:37:32.200 [main] INFO  com.automation.base.BaseTest - Test başlatılıyor...
2025-09-21 18:37:35.012 [main] INFO  com.automation.utils.ExcelReader - Excel dosyası başarıyla açıldı: src/test/resources/test-data.xlsx | Sheet: SearchTerms
2025-09-21 18:37:35.015 [main] INFO  com.automation.utils.FileWriterUtil - Yeni dosya oluşturuldu: product-info.txt
2025-09-21 18:37:35.015 [main] INFO  com.automation.pages.ZaraHomePage - Zara websitesine gidiliyor...
2025-09-21 18:37:38.279 [main] INFO  com.automation.base.BaseTest - Zara sitesi açıldı
2025-09-21 18:37:38.280 [main] INFO  com.automation.pages.ZaraHomePage - Çerezler reddediliyor...
2025-09-21 18:37:38.383 [main] DEBUG com.automation.pages.BasePage - Element tıklandı: [[ChromeDriver: chrome on mac (7e8b2183e34b05522c12d930b881c4c8)] -> css selector: #onetrust-reject-all-handler]
2025-09-21 18:37:38.383 [main] INFO  com.automation.pages.ZaraHomePage - Login linki tıklanıyor...
2025-09-21 18:37:50.414 [main] DEBUG com.automation.pages.BasePage - Element tıklandı: Proxy element for: DefaultElementLocator 'By.xpath: //a[contains(text(),'GİRİŞ YAP')]'
2025-09-21 18:37:50.416 [main] INFO  com.automation.pages.ZaraLoginPage - Eposta adresi yazılıyor...
2025-09-21 18:37:50.576 [main] DEBUG com.automation.pages.BasePage - Text gönderildi: nurilhudaguney@gmail.com - Element: [[ChromeDriver: chrome on mac (7e8b2183e34b05522c12d930b881c4c8)] -> xpath: //input[@id='zds-:r5:']]
2025-09-21 18:37:50.576 [main] INFO  com.automation.pages.ZaraLoginPage - Password yazılıyor...
2025-09-21 18:37:50.658 [main] DEBUG com.automation.pages.BasePage - Text gönderildi: TestCase@1234 - Element: [[ChromeDriver: chrome on mac (7e8b2183e34b05522c12d930b881c4c8)] -> xpath: //input[@id='zds-:r8:']]
2025-09-21 18:37:50.658 [main] INFO  com.automation.pages.ZaraLoginPage - Giriş yap tıklanıyor...
2025-09-21 18:37:50.717 [main] DEBUG com.automation.pages.BasePage - Element tıklandı: [[ChromeDriver: chrome on mac (7e8b2183e34b05522c12d930b881c4c8)] -> css selector: button[role='button']]
2025-09-21 18:37:50.717 [main] INFO  com.automation.pages.ZaraLoginPage - Anasayfaya dönülüyor...
2025-09-21 18:37:53.112 [main] DEBUG com.automation.pages.BasePage - Element tıklandı: [[ChromeDriver: chrome on mac (7e8b2183e34b05522c12d930b881c4c8)] -> css selector: div[class='layout-header-logo layout-header-std__logo layout-customer-base-header__logo'] a[aria-label='Ana sayfaya git'] svg path]
2025-09-21 18:38:03.118 [main] INFO  com.automation.pages.ZaraHomePage - Menu açılıyor...
2025-09-21 18:38:13.347 [main] DEBUG com.automation.pages.BasePage - Element tıklandı: Proxy element for: DefaultElementLocator 'By.cssSelector: button[aria-label='Menüyü aç']'
2025-09-21 18:38:15.352 [main] INFO  com.automation.pages.ZaraHomePage - Erkek menüsü tıklanıyor...
2025-09-21 18:38:15.498 [main] DEBUG com.automation.pages.BasePage - Element tıklandı: [[ChromeDriver: chrome on mac (7e8b2183e34b05522c12d930b881c4c8)] -> xpath: (//span[@class='layout-categories-category-name'][normalize-space()='ERKEK'])[1]]
2025-09-21 18:38:17.504 [main] INFO  com.automation.pages.ZaraHomePage - Tümünü gör butonuna tıklanıyor...
2025-09-21 18:38:17.652 [main] DEBUG com.automation.pages.BasePage - Element tıklandı: [[ChromeDriver: chrome on mac (7e8b2183e34b05522c12d930b881c4c8)] -> xpath: //span[normalize-space()='TÜMÜNÜ GÖR']]
2025-09-21 18:38:17.652 [main] INFO  com.automation.base.BaseTest - Erkek kategorisine gidildi
2025-09-21 18:38:27.674 [main] DEBUG com.automation.utils.ExcelReader - Hücre verisi okundu: Row=0, Column=0, Value=şort
2025-09-21 18:38:27.674 [main] DEBUG com.automation.utils.ExcelReader - Hücre verisi okundu: Row=1, Column=0, Value=gömlek
2025-09-21 18:38:27.675 [main] INFO  com.automation.base.BaseTest - İlk arama terimi: şort
2025-09-21 18:38:27.675 [main] INFO  com.automation.base.BaseTest - İkinci arama terimi: gömlek
2025-09-21 18:38:27.769 [main] DEBUG com.automation.pages.BasePage - Element tıklandı: [[ChromeDriver: chrome on mac (7e8b2183e34b05522c12d930b881c4c8)] -> xpath: //span[@class='layout-header-action-search__content']]
2025-09-21 18:38:30.774 [main] INFO  com.automation.pages.ZaraHomePage - Ürün aranıyor: şort
2025-09-21 18:38:30.908 [main] INFO  com.automation.pages.ZaraHomePage - Enter tuşuna basılıyor...
2025-09-21 18:38:33.982 [main] INFO  com.automation.pages.ZaraHomePage - Arama kutusu 2 temizleniyor...
2025-09-21 18:38:44.266 [main] DEBUG com.automation.pages.BasePage - Element tıklandı: Proxy element for: DefaultElementLocator 'By.cssSelector: .search-products-form__input-clear-icon'
2025-09-21 18:38:44.268 [main] INFO  com.automation.base.BaseTest - Arama kutusu temizlendi
2025-09-21 18:38:47.270 [main] INFO  com.automation.pages.ZaraHomePage - Ürün aranıyor: gömlek
2025-09-21 18:38:47.576 [main] INFO  com.automation.base.BaseTest - İkinci arama terimi: gömlek
2025-09-21 18:38:50.582 [main] INFO  com.automation.pages.ZaraHomePage - Enter tuşuna basılıyor...
2025-09-21 18:38:53.675 [main] INFO  com.automation.pages.ZaraProductPage - Rastgele ürün seçiliyor...
2025-09-21 18:38:53.799 [main] INFO  com.automation.pages.ZaraProductPage - Rastgele ürün seçildi: 31
2025-09-21 18:38:53.799 [main] INFO  com.automation.base.BaseTest - Rastgele ürün seçildi
2025-09-21 18:38:53.799 [main] INFO  com.automation.pages.ZaraProductPage - Ürün bilgisi alınıyor...
2025-09-21 18:38:54.355 [main] DEBUG com.automation.pages.BasePage - Text alındı: SATEN YÜZEYLİ POLO GÖMLEK
2025-09-21 18:38:54.355 [main] INFO  com.automation.pages.ZaraProductPage - Ürün fiyatı alınıyor...
2025-09-21 18:38:54.374 [main] DEBUG com.automation.pages.BasePage - Text alındı: 2.490,00 TL
2025-09-21 18:38:54.376 [main] INFO  com.automation.utils.FileWriterUtil - Ürün bilgileri dosyaya yazıldı: product-info.txt
2025-09-21 18:38:54.376 [main] INFO  com.automation.base.BaseTest - Ürün bilgileri dosyaya yazıldı
2025-09-21 18:38:54.376 [main] INFO  com.automation.pages.ZaraProductPage - Ürün sepete ekleniyor...
2025-09-21 18:38:54.431 [main] DEBUG com.automation.pages.BasePage - Element tıklandı: [[ChromeDriver: chrome on mac (7e8b2183e34b05522c12d930b881c4c8)] -> xpath: //div[@class='product-detail-cart-buttons__main-action']]
2025-09-21 18:38:54.470 [main] INFO  com.automation.pages.ZaraProductPage - Rastgele beden seçildi: 2
2025-09-21 18:39:28.609 [main] WARN  com.automation.pages.BasePage - Element zamanında tıklanabilir hale gelmedi, geçiliyor: Proxy element for: DefaultElementLocator 'By.xpath: //button[contains(text(),'Hayır, teşekkürler')]'
2025-09-21 18:39:28.611 [main] INFO  com.automation.base.BaseTest - Ürün sepete eklendi
2025-09-21 18:39:38.723 [main] INFO  com.automation.pages.BasePage - Element bulundu ve tıklandı: Proxy element for: DefaultElementLocator 'By.cssSelector: button[aria-label='kapat']'
2025-09-21 18:39:38.723 [main] INFO  com.automation.pages.ZaraHomePage - Alışveriş sepeti tıklanıyor...
2025-09-21 18:39:38.820 [main] DEBUG com.automation.pages.BasePage - Element tıklandı: [[ChromeDriver: chrome on mac (7e8b2183e34b05522c12d930b881c4c8)] -> css selector: li[class='layout-header-action layout-header-action--type-text'] span:nth-child(1)]
2025-09-21 18:39:40.825 [main] INFO  com.automation.pages.ZaraShoppingCartPage - Sepetteki ürün fiyatı alınıyor...
2025-09-21 18:39:40.876 [main] DEBUG com.automation.pages.BasePage - Text alındı: 2.490,00 TL
2025-09-21 18:39:40.882 [main] INFO  com.automation.base.BaseTest - Fiyat kontrolü başarılı
2025-09-21 18:39:40.882 [main] INFO  com.automation.pages.ZaraShoppingCartPage - Ürün adedi arttırılıyor...
2025-09-21 18:39:40.989 [main] DEBUG com.automation.pages.BasePage - Scroll edilip tıklanan element: [[ChromeDriver: chrome on mac (7e8b2183e34b05522c12d930b881c4c8)] -> class name: zds-quantity-selector__increase]
2025-09-21 18:39:43.991 [main] INFO  com.automation.pages.ZaraShoppingCartPage - Ürün adedi kontrol ediliyor...
2025-09-21 18:39:44.039 [main] INFO  com.automation.base.BaseTest - Ürün adedi 2'ye çıkarıldı
2025-09-21 18:39:44.040 [main] INFO  com.automation.pages.ZaraShoppingCartPage - Ürün sepetten siliniyor...
2025-09-21 18:39:44.142 [main] DEBUG com.automation.pages.BasePage - Scroll edilip tıklanan element: [[ChromeDriver: chrome on mac (7e8b2183e34b05522c12d930b881c4c8)] -> class name: zds-quantity-selector__decrease]
2025-09-21 18:39:44.522 [main] DEBUG com.automation.pages.BasePage - Scroll edilip tıklanan element: [[ChromeDriver: chrome on mac (7e8b2183e34b05522c12d930b881c4c8)] -> class name: zds-quantity-selector__decrease]
2025-09-21 18:39:44.522 [main] INFO  com.automation.pages.ZaraShoppingCartPage - Sepet boş mu kontrol ediliyor...
2025-09-21 18:39:44.807 [main] INFO  com.automation.base.BaseTest - Ürün sepetten silindi, sepet boş
2025-09-21 18:39:44.807 [main] INFO  com.automation.base.BaseTest - Tüm test adımları başarıyla tamamlandı!
2025-09-21 18:39:44.807 [main] INFO  com.automation.utils.ExcelReader - Excel dosyası kapatıldı
2025-09-21 18:39:44.807 [main] INFO  com.automation.base.BaseTest - Test sonlandırılıyor...
